26:04:2025 21:22:09 -  INFO ePay_CRM.Reusable_Utils.CommonLogger.log [Line:23] - ePay_CRM.LandingPage.BasePageSetup.BrowserIntilization [Line:150] - Browser Initilzation Started : edge
26:04:2025 21:22:26 -  INFO ePay_CRM.Reusable_Utils.CommonLogger.log [Line:23] - ePay_CRM.LandingPage.BasePageSetup.LoadConfigFile [Line:102] - Browser Launched :- edge
26:04:2025 21:22:26 -  INFO ePay_CRM.Reusable_Utils.CommonLogger.log [Line:23] - ePay_CRM.Reusable_Utils.CallListeners.onTestStart [Line:70] - -------Execution Started for Record : ------1
26:04:2025 21:22:35 -  INFO ePay_CRM.Reusable_Utils.CommonLogger.log [Line:23] - ePay_CRM.LoginProcess.Method_LoginWithCredentials.EnterMakerUserName [Line:64] - Maker Username Entered
26:04:2025 21:22:35 -  INFO ePay_CRM.Reusable_Utils.CommonLogger.log [Line:23] - ePay_CRM.LoginProcess.Method_LoginWithCredentials.EnterMakerUserPassword [Line:82] - Maker Password Entered
26:04:2025 21:22:36 -  INFO ePay_CRM.Reusable_Utils.CommonLogger.log [Line:23] - ePay_CRM.LoginProcess.Method_LoginWithCredentials.clickOnLoginButton [Line:110] - Successfully Login with Entered Credentials
26:04:2025 21:22:39 -  INFO ePay_CRM.Reusable_Utils.CommonLogger.log [Line:23] - ePay_CRM.LandingPage.Method_CRMBaseSteps.SelectEnviornmentType [Line:48] - Enviornment Selected :-Amazon
26:04:2025 21:22:41 -  INFO ePay_CRM.Reusable_Utils.CommonLogger.log [Line:23] - ePay_CRM.LandingPage.Method_CRMBaseSteps.SelectMainMenu [Line:83] - Main Menu Selected :-Service Configuration
26:04:2025 21:22:43 -  INFO ePay_CRM.Reusable_Utils.CommonLogger.log [Line:23] - ePay_CRM.LandingPage.Method_CRMBaseSteps.SelectMainMenu [Line:99] - Child Menu Opened :-Biller Configuration ONUS
26:04:2025 21:22:43 -  INFO ePay_CRM.Reusable_Utils.CommonLogger.log [Line:23] - ePay_CRM.Test_ActionMethods.Method_BillerConfigOnus.FillInAddDetails [Line:56] - Initiated the process of filling in details on Page 1.
26:04:2025 21:22:44 -  INFO ePay_CRM.Reusable_Utils.CommonLogger.log [Line:23] - ePay_CRM.WrapMethods.WrapperMethods.enterAndVerify [Line:31] - Field :Biller-ID is Entered & Verified.
26:04:2025 21:22:45 -  INFO ePay_CRM.Reusable_Utils.CommonLogger.log [Line:23] - ePay_CRM.WrapMethods.WrapperMethods.enterAndSelectServiceCode [Line:51] - Field :Service Code is Selected & Verified.
26:04:2025 21:22:46 -  INFO ePay_CRM.Reusable_Utils.CommonLogger.log [Line:23] - ePay_CRM.WrapMethods.WrapperMethods.enterAndVerify [Line:31] - Field :Service Provider Name is Entered & Verified.
26:04:2025 21:22:46 -  INFO ePay_CRM.Reusable_Utils.CommonLogger.log [Line:23] - ePay_CRM.WrapMethods.WrapperMethods.enterAndVerify [Line:31] - Field :Service Provider Code is Entered & Verified.
26:04:2025 21:22:46 -  INFO ePay_CRM.Reusable_Utils.CommonLogger.log [Line:23] - ePay_CRM.WrapMethods.WrapperMethods.selectValueAndVerify [Line:112] - Field :Validation Amount Flag is Selected & Verified.
26:04:2025 21:22:47 -  INFO ePay_CRM.Reusable_Utils.CommonLogger.log [Line:23] - ePay_CRM.WrapMethods.WrapperMethods.selectValueAndVerify [Line:112] - Field :Fetch Requirement Flag is Selected & Verified.
26:04:2025 21:22:47 -  INFO ePay_CRM.Reusable_Utils.CommonLogger.log [Line:23] - ePay_CRM.WrapMethods.WrapperMethods.enterAndVerify [Line:31] - Field :Sub Service Provider Name is Entered & Verified.
26:04:2025 21:22:48 -  INFO ePay_CRM.Reusable_Utils.CommonLogger.log [Line:23] - ePay_CRM.WrapMethods.WrapperMethods.enterAndVerify [Line:31] - Field :Sub Service Provider Code is Entered & Verified.
26:04:2025 21:22:48 -  INFO ePay_CRM.Reusable_Utils.CommonLogger.log [Line:23] - ePay_CRM.Test_ActionMethods.Method_BillerConfigOnus.FillInAddDetails [Line:66] - Completed the process of filling in details on Page 1.
26:04:2025 21:22:48 -  INFO ePay_CRM.Reusable_Utils.CommonLogger.log [Line:23] - ePay_CRM.WrapMethods.WrapperMethods.clickOnButtonAndVerify [Line:160] - Field :ClickOnSave1 is Clicked & Verified.
26:04:2025 21:22:52 -  INFO ePay_CRM.Reusable_Utils.CommonLogger.log [Line:23] - ePay_CRM.Test_ActionMethods.Method_BillerConfigOnus.clickOnSaveButton [Line:127] - Runtime exception occurred while locating Step 1 - Success Message.
26:04:2025 21:22:55 -  INFO ePay_CRM.Reusable_Utils.CommonLogger.log [Line:23] - ePay_CRM.Test_ActionMethods.Method_BillerConfigOnus.FieldError [Line:222] - Runtime Exception occurred while retrieving StepPage1 success message: Error retrieving text for field: StepPage1
26:04:2025 21:22:59 -  INFO ePay_CRM.Reusable_Utils.CommonLogger.log [Line:23] - ePay_CRM.WrapMethods.WrapperMethods.clickOnButtonAndVerify [Line:160] - Field :clickOnClose_SuccessModal is Clicked & Verified.
26:04:2025 21:23:00 -  INFO ePay_CRM.Reusable_Utils.CommonLogger.log [Line:23] - ePay_CRM.Test_ActionMethods.Method_BillerConfigOnus.FieldError [Line:298] - Step, Modal Dialog got Closed
26:04:2025 21:23:00 -  INFO ePay_CRM.Reusable_Utils.CommonLogger.log [Line:23] - ePay_CRM.LandingPage.BasePageSetup.TearDown [Line:206] - Closing Browser: edge
26:04:2025 21:23:02 -  INFO ePay_CRM.Reusable_Utils.CommonLogger.log [Line:23] - ePay_CRM.LandingPage.BasePageSetup.TearDown [Line:210] - -------Execution Completed---
26:04:2025 21:23:02 -  INFO ePay_CRM.Reusable_Utils.CommonLogger.log [Line:23] - ePay_CRM.LandingPage.BasePageSetup.BrowserIntilization [Line:150] - Browser Initilzation Started : edge
26:04:2025 21:23:05 -  INFO ePay_CRM.Reusable_Utils.CommonLogger.log [Line:23] - ePay_CRM.LandingPage.BasePageSetup.LoadConfigFile [Line:102] - Browser Launched :- edge
26:04:2025 21:23:05 -  INFO ePay_CRM.Reusable_Utils.CommonLogger.log [Line:23] - ePay_CRM.Reusable_Utils.CallListeners.onTestStart [Line:70] - -------Execution Started for Record : ------2
26:04:2025 21:23:08 -  INFO ePay_CRM.Reusable_Utils.CommonLogger.log [Line:23] - ePay_CRM.LoginProcess.Method_LoginWithCredentials.EnterMakerUserName [Line:64] - Maker Username Entered
26:04:2025 21:23:08 -  INFO ePay_CRM.Reusable_Utils.CommonLogger.log [Line:23] - ePay_CRM.LoginProcess.Method_LoginWithCredentials.EnterMakerUserPassword [Line:82] - Maker Password Entered
26:04:2025 21:23:09 -  INFO ePay_CRM.Reusable_Utils.CommonLogger.log [Line:23] - ePay_CRM.LoginProcess.Method_LoginWithCredentials.clickOnLoginButton [Line:110] - Successfully Login with Entered Credentials
26:04:2025 21:23:11 -  INFO ePay_CRM.Reusable_Utils.CommonLogger.log [Line:23] - ePay_CRM.LandingPage.Method_CRMBaseSteps.SelectEnviornmentType [Line:48] - Enviornment Selected :-Amazon
26:04:2025 21:23:12 -  INFO ePay_CRM.Reusable_Utils.CommonLogger.log [Line:23] - ePay_CRM.LandingPage.Method_CRMBaseSteps.SelectMainMenu [Line:116] - Menu/Sub-Menu Not availabele for Selection , Retry Attempt :1
26:04:2025 21:23:12 -  INFO ePay_CRM.Reusable_Utils.CommonLogger.log [Line:23] - ePay_CRM.LandingPage.Method_CRMBaseSteps.SelectMainMenu [Line:83] - Main Menu Selected :-Service Configuration
26:04:2025 21:23:14 -  INFO ePay_CRM.Reusable_Utils.CommonLogger.log [Line:23] - ePay_CRM.LandingPage.Method_CRMBaseSteps.SelectMainMenu [Line:99] - Child Menu Opened :-Biller Configuration ONUS
26:04:2025 21:23:15 -  INFO ePay_CRM.Reusable_Utils.CommonLogger.log [Line:23] - ePay_CRM.Test_ActionMethods.Method_BillerConfigOnus.FillInAddDetails [Line:56] - Initiated the process of filling in details on Page 1.
26:04:2025 21:23:15 -  INFO ePay_CRM.Reusable_Utils.CommonLogger.log [Line:23] - ePay_CRM.WrapMethods.WrapperMethods.enterAndVerify [Line:31] - Field :Biller-ID is Entered & Verified.
26:04:2025 21:23:16 -  INFO ePay_CRM.Reusable_Utils.CommonLogger.log [Line:23] - ePay_CRM.WrapMethods.WrapperMethods.enterAndSelectServiceCode [Line:51] - Field :Service Code is Selected & Verified.
26:04:2025 21:23:17 -  INFO ePay_CRM.Reusable_Utils.CommonLogger.log [Line:23] - ePay_CRM.WrapMethods.WrapperMethods.enterAndVerify [Line:31] - Field :Service Provider Name is Entered & Verified.
26:04:2025 21:23:17 -  INFO ePay_CRM.Reusable_Utils.CommonLogger.log [Line:23] - ePay_CRM.WrapMethods.WrapperMethods.enterAndVerify [Line:31] - Field :Service Provider Code is Entered & Verified.
26:04:2025 21:23:17 -  INFO ePay_CRM.Reusable_Utils.CommonLogger.log [Line:23] - ePay_CRM.WrapMethods.WrapperMethods.selectValueAndVerify [Line:112] - Field :Validation Amount Flag is Selected & Verified.
26:04:2025 21:23:18 -  INFO ePay_CRM.Reusable_Utils.CommonLogger.log [Line:23] - ePay_CRM.WrapMethods.WrapperMethods.selectValueAndVerify [Line:112] - Field :Fetch Requirement Flag is Selected & Verified.
26:04:2025 21:23:18 -  INFO ePay_CRM.Reusable_Utils.CommonLogger.log [Line:23] - ePay_CRM.WrapMethods.WrapperMethods.enterAndVerify [Line:31] - Field :Sub Service Provider Name is Entered & Verified.
26:04:2025 21:23:19 -  INFO ePay_CRM.Reusable_Utils.CommonLogger.log [Line:23] - ePay_CRM.WrapMethods.WrapperMethods.enterAndVerify [Line:31] - Field :Sub Service Provider Code is Entered & Verified.
26:04:2025 21:23:19 -  INFO ePay_CRM.Reusable_Utils.CommonLogger.log [Line:23] - ePay_CRM.Test_ActionMethods.Method_BillerConfigOnus.FillInAddDetails [Line:66] - Completed the process of filling in details on Page 1.
26:04:2025 21:23:19 -  INFO ePay_CRM.Reusable_Utils.CommonLogger.log [Line:23] - ePay_CRM.WrapMethods.WrapperMethods.clickOnButtonAndVerify [Line:160] - Field :ClickOnSave1 is Clicked & Verified.
26:04:2025 21:23:23 -  INFO ePay_CRM.Reusable_Utils.CommonLogger.log [Line:23] - ePay_CRM.Test_ActionMethods.Method_BillerConfigOnus.clickOnSaveButton [Line:127] - Runtime exception occurred while locating Step 1 - Success Message.
26:04:2025 21:23:26 -  INFO ePay_CRM.Reusable_Utils.CommonLogger.log [Line:23] - ePay_CRM.Test_ActionMethods.Method_BillerConfigOnus.FieldError [Line:222] - Runtime Exception occurred while retrieving StepPage1 success message: Error retrieving text for field: StepPage1
26:04:2025 21:23:26 -  INFO ePay_CRM.Reusable_Utils.CommonLogger.log [Line:23] - ePay_CRM.WrapMethods.WrapperMethods.getTextAndVerify [Line:144] - For Field :StepPage1 Text Value :Please enter Biller Id is Retrieved & Verified.
26:04:2025 21:23:27 -  INFO ePay_CRM.Reusable_Utils.CommonLogger.log [Line:23] - ePay_CRM.WrapMethods.WrapperMethods.getTextAndVerify [Line:144] - For Field :StepPage1 Text Value :STEP 1 - Service Details is Retrieved & Verified.
26:04:2025 21:23:27 -  INFO ePay_CRM.Reusable_Utils.CommonLogger.log [Line:23] - ePay_CRM.WrapMethods.WrapperMethods.getAttributeValue [Line:178] - For Attribute :valueattribute Value : is Retrieved & Verified.
26:04:2025 21:23:27 -  INFO ePay_CRM.Reusable_Utils.CommonLogger.log [Line:23] - ePay_CRM.Test_ActionMethods.Method_BillerConfigOnus.FieldError [Line:229] - Error Messages: 1 - Please enter Biller Id
26:04:2025 21:23:27 -  INFO ePay_CRM.Reusable_Utils.CommonLogger.log [Line:23] - ePay_CRM.WrapMethods.WrapperMethods.clickOnButtonAndVerify [Line:160] - Field :clickOnClose_ErrorModal is Clicked & Verified.
26:04:2025 21:23:28 -  INFO ePay_CRM.Reusable_Utils.CommonLogger.log [Line:23] - ePay_CRM.Test_ActionMethods.Method_BillerConfigOnus.FieldError [Line:298] - Step, Modal Dialog got Closed
26:04:2025 21:23:28 -  INFO ePay_CRM.Reusable_Utils.CommonLogger.log [Line:23] - ePay_CRM.LandingPage.BasePageSetup.TearDown [Line:206] - Closing Browser: edge
26:04:2025 21:23:30 -  INFO ePay_CRM.Reusable_Utils.CommonLogger.log [Line:23] - ePay_CRM.LandingPage.BasePageSetup.TearDown [Line:210] - -------Execution Completed---
26:04:2025 21:23:31 -  INFO ePay_CRM.Reusable_Utils.CommonLogger.log [Line:23] - ePay_CRM.Reusable_Utils.CallListeners.onFinish [Line:136] - Report got flushed
