24:05:2025 17:15:17 -  INFO ePay_CRM.Reusable_Utils.CommonLogger.log [Line:23] - ePay_CRM.LandingPage.BasePageSetup.BrowserIntilization [Line:151] - Browser Initilzation Started : chrome
24:05:2025 17:15:23 -  INFO ePay_CRM.Reusable_Utils.CommonLogger.log [Line:23] - ePay_CRM.LandingPage.BasePageSetup.LoadConfigFile [Line:102] - Browser Launched :- chrome
24:05:2025 17:15:23 -  INFO ePay_CRM.Reusable_Utils.CommonLogger.log [Line:23] - ePay_CRM.Reusable_Utils.CallListeners.onTestStart [Line:70] - -------Execution Started for Record : ------1
24:05:2025 17:15:30 -  INFO ePay_CRM.Reusable_Utils.CommonLogger.log [Line:23] - ePay_CRM.LandingPage.BasePageSetup.getUrl [Line:190] - https://testautomationpractice.blogspot.com/
24:05:2025 17:15:30 -  INFO ePay_CRM.Reusable_Utils.CommonLogger.log [Line:23] - ePay_CRM.LandingPage.BasePageSetup.TearDown [Line:174] - Closing Browser: chrome
24:05:2025 17:15:31 -  INFO ePay_CRM.Reusable_Utils.CommonLogger.log [Line:23] - ePay_CRM.LandingPage.BasePageSetup.TearDown [Line:178] - -------Execution Completed---
24:05:2025 17:15:31 -  INFO ePay_CRM.Reusable_Utils.CommonLogger.log [Line:23] - ePay_CRM.LandingPage.BasePageSetup.BrowserIntilization [Line:151] - Browser Initilzation Started : chrome
24:05:2025 17:15:34 -  INFO ePay_CRM.Reusable_Utils.CommonLogger.log [Line:23] - ePay_CRM.LandingPage.BasePageSetup.LoadConfigFile [Line:102] - Browser Launched :- chrome
24:05:2025 17:15:34 -  INFO ePay_CRM.Reusable_Utils.CommonLogger.log [Line:23] - ePay_CRM.Reusable_Utils.CallListeners.onTestStart [Line:70] - -------Execution Started for Record : ------2
24:05:2025 17:15:40 -  INFO ePay_CRM.Reusable_Utils.CommonLogger.log [Line:23] - ePay_CRM.LandingPage.BasePageSetup.getUrl [Line:190] - https://testautomationpractice.blogspot.com/
24:05:2025 17:15:40 -  INFO ePay_CRM.Reusable_Utils.CommonLogger.log [Line:23] - ePay_CRM.Test_ActionMethods.Method_BlogSpot.addPersonalDetails [Line:39] - Initiated the process of filling in details on Section-PersonalDetails-GUI Elements
24:05:2025 17:15:41 -  INFO ePay_CRM.Reusable_Utils.CommonLogger.log [Line:23] - ePay_CRM.WrapMethods.WrapperMethods.enterAndVerify [Line:52] - Field: Name is entered & verified.
24:05:2025 17:15:41 -  INFO ePay_CRM.Reusable_Utils.CommonLogger.log [Line:23] - ePay_CRM.WrapMethods.WrapperMethods.enterAndVerify [Line:52] - Field: Email is entered & verified.
24:05:2025 17:15:42 -  INFO ePay_CRM.Reusable_Utils.CommonLogger.log [Line:23] - ePay_CRM.WrapMethods.WrapperMethods.enterAndVerify [Line:52] - Field: Phone is entered & verified.
24:05:2025 17:15:42 -  INFO ePay_CRM.Reusable_Utils.CommonLogger.log [Line:23] - ePay_CRM.WrapMethods.WrapperMethods.enterAndVerify [Line:52] - Field: Address is entered & verified.
24:05:2025 17:15:43 -  INFO ePay_CRM.Reusable_Utils.CommonLogger.log [Line:23] - ePay_CRM.WrapMethods.WrapperMethods.selectRadioButton [Line:208] - For Radio: Gender : Values: male is selected & Verified.
24:05:2025 17:15:43 -  INFO ePay_CRM.Reusable_Utils.CommonLogger.log [Line:23] - ePay_CRM.WrapMethods.WrapperMethods.selectCheckBoxes [Line:235] - Checkbox selected: Sunday
24:05:2025 17:15:44 -  INFO ePay_CRM.Reusable_Utils.CommonLogger.log [Line:23] - ePay_CRM.WrapMethods.WrapperMethods.selectCheckBoxes [Line:235] - Checkbox selected: Monday
24:05:2025 17:15:45 -  INFO ePay_CRM.Reusable_Utils.CommonLogger.log [Line:23] - ePay_CRM.WrapMethods.WrapperMethods.selectCheckBoxes [Line:235] - Checkbox selected: Tuesday
24:05:2025 17:15:45 -  INFO ePay_CRM.Reusable_Utils.CommonLogger.log [Line:23] - ePay_CRM.WrapMethods.WrapperMethods.selectCheckBoxes [Line:235] - Checkbox selected: Wednesday
24:05:2025 17:15:46 -  INFO ePay_CRM.Reusable_Utils.CommonLogger.log [Line:23] - ePay_CRM.WrapMethods.WrapperMethods.selectCheckBoxes [Line:235] - Checkbox selected: Thursday
24:05:2025 17:15:47 -  INFO ePay_CRM.Reusable_Utils.CommonLogger.log [Line:23] - ePay_CRM.WrapMethods.WrapperMethods.selectCheckBoxes [Line:235] - Checkbox selected: Friday
24:05:2025 17:15:48 -  INFO ePay_CRM.Reusable_Utils.CommonLogger.log [Line:23] - ePay_CRM.WrapMethods.WrapperMethods.selectCheckBoxes [Line:235] - Checkbox selected: Saturday
24:05:2025 17:15:48 -  INFO ePay_CRM.Reusable_Utils.CommonLogger.log [Line:23] - ePay_CRM.WrapMethods.WrapperMethods.enterAndVerify [Line:52] - Field: Date 1 is entered & verified.
24:05:2025 17:15:52 -  INFO ePay_CRM.Reusable_Utils.CommonLogger.log [Line:23] - ePay_CRM.Test_ActionMethods.Method_BlogSpot.selectDate [Line:128] - Date selected successfully: 22/06/2023
24:05:2025 17:15:52 -  INFO ePay_CRM.Reusable_Utils.CommonLogger.log [Line:23] - ePay_CRM.WrapMethods.WrapperMethods.enterAndVerify [Line:52] - Field: StartDate is entered & verified.
24:05:2025 17:15:53 -  INFO ePay_CRM.Reusable_Utils.CommonLogger.log [Line:23] - ePay_CRM.WrapMethods.WrapperMethods.enterAndVerify [Line:52] - Field: EndDate is entered & verified.
24:05:2025 17:15:54 -  INFO ePay_CRM.Reusable_Utils.CommonLogger.log [Line:23] - ePay_CRM.Test_ActionMethods.Method_BlogSpot.addPersonalDetails [Line:61] - The process of adding Personal details has been completed.
24:05:2025 17:15:54 -  INFO ePay_CRM.Reusable_Utils.CommonLogger.log [Line:23] - ePay_CRM.LandingPage.BasePageSetup.TearDown [Line:174] - Closing Browser: chrome
24:05:2025 17:15:54 -  INFO ePay_CRM.Reusable_Utils.CommonLogger.log [Line:23] - ePay_CRM.LandingPage.BasePageSetup.TearDown [Line:178] - -------Execution Completed---
24:05:2025 17:15:54 -  INFO ePay_CRM.Reusable_Utils.CommonLogger.log [Line:23] - ePay_CRM.LandingPage.BasePageSetup.BrowserIntilization [Line:151] - Browser Initilzation Started : chrome
24:05:2025 17:15:57 -  INFO ePay_CRM.Reusable_Utils.CommonLogger.log [Line:23] - ePay_CRM.LandingPage.BasePageSetup.LoadConfigFile [Line:102] - Browser Launched :- chrome
24:05:2025 17:15:57 -  INFO ePay_CRM.Reusable_Utils.CommonLogger.log [Line:23] - ePay_CRM.Reusable_Utils.CallListeners.onTestStart [Line:70] - -------Execution Started for Record : ------3
24:05:2025 17:16:04 -  INFO ePay_CRM.Reusable_Utils.CommonLogger.log [Line:23] - ePay_CRM.LandingPage.BasePageSetup.getUrl [Line:190] - https://testautomationpractice.blogspot.com/
24:05:2025 17:16:04 -  INFO ePay_CRM.Reusable_Utils.CommonLogger.log [Line:23] - ePay_CRM.Test_ActionMethods.Method_BlogSpot.select_deselect_Checkboxes [Line:197] - Initiated the process of Dynamic checkbox selection/De-selection -Section-PersonalDetails-GUI Elements
24:05:2025 17:16:05 -  INFO ePay_CRM.Reusable_Utils.CommonLogger.log [Line:23] - ePay_CRM.WrapMethods.WrapperMethods.selectCheckBoxes [Line:235] - Checkbox selected: Sunday
24:05:2025 17:16:06 -  INFO ePay_CRM.Reusable_Utils.CommonLogger.log [Line:23] - ePay_CRM.WrapMethods.WrapperMethods.selectCheckBoxes [Line:235] - Checkbox selected: Tuesday
24:05:2025 17:16:08 -  INFO ePay_CRM.Reusable_Utils.CommonLogger.log [Line:23] - ePay_CRM.WrapMethods.WrapperMethods.selectCheckBoxes [Line:235] - Checkbox selected: Wednesday
24:05:2025 17:16:09 -  INFO ePay_CRM.Reusable_Utils.CommonLogger.log [Line:23] - ePay_CRM.WrapMethods.WrapperMethods.selectCheckBoxes [Line:235] - Checkbox selected: Monday
24:05:2025 17:16:10 -  INFO ePay_CRM.Reusable_Utils.CommonLogger.log [Line:23] - ePay_CRM.WrapMethods.WrapperMethods.selectCheckBoxes [Line:235] - Checkbox selected: Thursday
24:05:2025 17:16:11 -  INFO ePay_CRM.Reusable_Utils.CommonLogger.log [Line:23] - ePay_CRM.WrapMethods.WrapperMethods.selectCheckBoxes [Line:235] - Checkbox selected: Friday
24:05:2025 17:16:12 -  INFO ePay_CRM.Reusable_Utils.CommonLogger.log [Line:23] - ePay_CRM.WrapMethods.WrapperMethods.selectCheckBoxes [Line:235] - Checkbox selected: Saturday
24:05:2025 17:16:12 -  INFO ePay_CRM.Reusable_Utils.CommonLogger.log [Line:23] - ePay_CRM.Test_ActionMethods.Method_BlogSpot.select_deselect_Checkboxes [Line:208] - The process of Dynamic Checkbox selection/deselection has been completed.
24:05:2025 17:16:12 -  INFO ePay_CRM.Reusable_Utils.CommonLogger.log [Line:23] - ePay_CRM.LandingPage.BasePageSetup.TearDown [Line:174] - Closing Browser: chrome
24:05:2025 17:16:14 -  INFO ePay_CRM.Reusable_Utils.CommonLogger.log [Line:23] - ePay_CRM.LandingPage.BasePageSetup.TearDown [Line:178] - -------Execution Completed---
24:05:2025 17:16:14 -  INFO ePay_CRM.Reusable_Utils.CommonLogger.log [Line:23] - ePay_CRM.LandingPage.BasePageSetup.BrowserIntilization [Line:151] - Browser Initilzation Started : chrome
24:05:2025 17:16:17 -  INFO ePay_CRM.Reusable_Utils.CommonLogger.log [Line:23] - ePay_CRM.LandingPage.BasePageSetup.LoadConfigFile [Line:102] - Browser Launched :- chrome
24:05:2025 17:16:17 -  INFO ePay_CRM.Reusable_Utils.CommonLogger.log [Line:23] - ePay_CRM.Reusable_Utils.CallListeners.onTestStart [Line:70] - -------Execution Started for Record : ------4
24:05:2025 17:16:24 -  INFO ePay_CRM.Reusable_Utils.CommonLogger.log [Line:23] - ePay_CRM.LandingPage.BasePageSetup.getUrl [Line:190] - https://testautomationpractice.blogspot.com/
24:05:2025 17:16:24 -  INFO ePay_CRM.Reusable_Utils.CommonLogger.log [Line:23] - ePay_CRM.Test_ActionMethods.Method_BlogSpot.selectDateFromPicker [Line:65] - Initiated the process of Date Section-PersonalDetails-GUI Elements
24:05:2025 17:16:27 -  INFO ePay_CRM.Reusable_Utils.CommonLogger.log [Line:23] - ePay_CRM.Test_ActionMethods.Method_BlogSpot.selectDate [Line:128] - Date selected successfully: 22/06/2023
24:05:2025 17:16:27 -  INFO ePay_CRM.Reusable_Utils.CommonLogger.log [Line:23] - ePay_CRM.Test_ActionMethods.Method_BlogSpot.selectDateFromPicker [Line:69] - The process of Date-Selection from Picker has been completed.
24:05:2025 17:16:27 -  INFO ePay_CRM.Reusable_Utils.CommonLogger.log [Line:23] - ePay_CRM.LandingPage.BasePageSetup.TearDown [Line:174] - Closing Browser: chrome
24:05:2025 17:16:28 -  INFO ePay_CRM.Reusable_Utils.CommonLogger.log [Line:23] - ePay_CRM.LandingPage.BasePageSetup.TearDown [Line:178] - -------Execution Completed---
24:05:2025 17:16:28 -  INFO ePay_CRM.Reusable_Utils.CommonLogger.log [Line:23] - ePay_CRM.LandingPage.BasePageSetup.BrowserIntilization [Line:151] - Browser Initilzation Started : chrome
24:05:2025 17:16:30 -  INFO ePay_CRM.Reusable_Utils.CommonLogger.log [Line:23] - ePay_CRM.LandingPage.BasePageSetup.LoadConfigFile [Line:102] - Browser Launched :- chrome
24:05:2025 17:16:30 -  INFO ePay_CRM.Reusable_Utils.CommonLogger.log [Line:23] - ePay_CRM.Reusable_Utils.CallListeners.onTestStart [Line:70] - -------Execution Started for Record : ------5
24:05:2025 17:16:36 -  INFO ePay_CRM.Reusable_Utils.CommonLogger.log [Line:23] - ePay_CRM.LandingPage.BasePageSetup.getUrl [Line:190] - https://testautomationpractice.blogspot.com/
24:05:2025 17:16:37 -  INFO ePay_CRM.Reusable_Utils.CommonLogger.log [Line:23] - ePay_CRM.Test_ActionMethods.Method_BlogSpot.getAveragePriceBookDetails [Line:319] - --- Average Price of Book Details ---: 1183.33
24:05:2025 17:16:37 -  INFO ePay_CRM.Reusable_Utils.CommonLogger.log [Line:23] - ePay_CRM.LandingPage.BasePageSetup.TearDown [Line:174] - Closing Browser: chrome
24:05:2025 17:16:38 -  INFO ePay_CRM.Reusable_Utils.CommonLogger.log [Line:23] - ePay_CRM.LandingPage.BasePageSetup.TearDown [Line:178] - -------Execution Completed---
24:05:2025 17:16:38 -  INFO ePay_CRM.Reusable_Utils.CommonLogger.log [Line:23] - ePay_CRM.LandingPage.BasePageSetup.BrowserIntilization [Line:151] - Browser Initilzation Started : chrome
24:05:2025 17:16:40 -  INFO ePay_CRM.Reusable_Utils.CommonLogger.log [Line:23] - ePay_CRM.LandingPage.BasePageSetup.LoadConfigFile [Line:102] - Browser Launched :- chrome
24:05:2025 17:16:40 -  INFO ePay_CRM.Reusable_Utils.CommonLogger.log [Line:23] - ePay_CRM.Reusable_Utils.CallListeners.onTestStart [Line:70] - -------Execution Started for Record : ------6
24:05:2025 17:16:46 -  INFO ePay_CRM.Reusable_Utils.CommonLogger.log [Line:23] - ePay_CRM.LandingPage.BasePageSetup.getUrl [Line:190] - https://testautomationpractice.blogspot.com/
24:05:2025 17:16:46 -  INFO ePay_CRM.Reusable_Utils.CommonLogger.log [Line:23] - ePay_CRM.Test_ActionMethods.Method_BlogSpot.verifyTabName [Line:324] - Initiated the process of Comparing the actual tabs with expected tab names list
24:05:2025 17:16:47 -  INFO ePay_CRM.Reusable_Utils.CommonLogger.log [Line:23] - ePay_CRM.Test_ActionMethods.Method_BlogSpot.verifyTabName [Line:337] - The process of Comparing Tab Names has been completed.
24:05:2025 17:16:47 -  INFO ePay_CRM.Reusable_Utils.CommonLogger.log [Line:23] - ePay_CRM.LandingPage.BasePageSetup.TearDown [Line:174] - Closing Browser: chrome
24:05:2025 17:16:47 -  INFO ePay_CRM.Reusable_Utils.CommonLogger.log [Line:23] - ePay_CRM.LandingPage.BasePageSetup.TearDown [Line:178] - -------Execution Completed---
24:05:2025 17:16:47 -  INFO ePay_CRM.Reusable_Utils.CommonLogger.log [Line:23] - ePay_CRM.LandingPage.BasePageSetup.BrowserIntilization [Line:151] - Browser Initilzation Started : chrome
24:05:2025 17:16:50 -  INFO ePay_CRM.Reusable_Utils.CommonLogger.log [Line:23] - ePay_CRM.LandingPage.BasePageSetup.LoadConfigFile [Line:102] - Browser Launched :- chrome
24:05:2025 17:16:50 -  INFO ePay_CRM.Reusable_Utils.CommonLogger.log [Line:23] - ePay_CRM.Reusable_Utils.CallListeners.onTestStart [Line:70] - -------Execution Started for Record : ------7
24:05:2025 17:16:57 -  INFO ePay_CRM.Reusable_Utils.CommonLogger.log [Line:23] - ePay_CRM.LandingPage.BasePageSetup.getUrl [Line:190] - https://testautomationpractice.blogspot.com/
24:05:2025 17:16:57 -  INFO ePay_CRM.Reusable_Utils.CommonLogger.log [Line:23] - ePay_CRM.Test_ActionMethods.Method_BlogSpot.verifyTabNavigation [Line:342] - Initiated the process of Navigating tabs with expected tab names list
24:05:2025 17:17:01 -  INFO ePay_CRM.Reusable_Utils.CommonLogger.log [Line:23] - ePay_CRM.WrapMethods.WrapperMethods.clickOnButtonAndVerify [Line:295] - On Click :tab is Clicked & Verified.
24:05:2025 17:17:04 -  INFO ePay_CRM.Reusable_Utils.CommonLogger.log [Line:23] - ePay_CRM.Test_ActionMethods.Method_BlogSpot.verifyTabNavigation [Line:368] - On Tab :Home - Get CurrentUrl :https://testautomationpractice.blogspot.com/
24:05:2025 17:17:10 -  INFO ePay_CRM.Reusable_Utils.CommonLogger.log [Line:23] - ePay_CRM.WrapMethods.WrapperMethods.clickOnButtonAndVerify [Line:302] - RunTime Exception Occurred: [[ChromeDriver: chrome on windows (82b0a79a9789f234b13cdf7a83afde6c)] -> xpath: //div[@id='crosscol']/div/div/ul/li/a[text()='Udemy Courses']] - org.openqa.selenium.TimeoutException: timeout: Timed out receiving message from renderer: 5.000
  (Session info: chrome=136.0.7103.114)
Build info: version: '4.20.0', revision: '866c76ca80'
System info: os.name: 'Windows 10', os.arch: 'amd64', os.version: '10.0', java.version: '16.0.1'
Driver info: org.openqa.selenium.chrome.ChromeDriver
Command: [82b0a79a9789f234b13cdf7a83afde6c, clickElement {id=f.63D746CAE70025000B87789A881B033D.d.EBF4F8C028945A8B04BB691CD29FDE4E.e.238}]
Capabilities {acceptInsecureCerts: false, browserName: chrome, browserVersion: 136.0.7103.114, chrome: {chromedriverVersion: 136.0.7103.113 (76fa3c17824..., userDataDir: C:\Users\sonya\AppData\Loca...}, fedcm:accounts: true, goog:chromeOptions: {debuggerAddress: localhost:51094}, networkConnectionEnabled: false, pageLoadStrategy: normal, platformName: windows, proxy: Proxy(), se:cdp: ws://localhost:51094/devtoo..., se:cdpVersion: 136.0.7103.114, setWindowRect: true, strictFileInteractability: false, timeouts: {implicit: 0, pageLoad: 300000, script: 30000}, unhandledPromptBehavior: dismiss and notify, webauthn:extension:credBlob: true, webauthn:extension:largeBlob: true, webauthn:extension:minPinLength: true, webauthn:extension:prf: true, webauthn:virtualAuthenticators: true}
Element: [[ChromeDriver: chrome on windows (82b0a79a9789f234b13cdf7a83afde6c)] -> xpath: //div[@id='crosscol']/div/div/ul/li/a[text()='Udemy Courses']]
Session ID: 82b0a79a9789f234b13cdf7a83afde6c
24:05:2025 17:17:11 -  INFO ePay_CRM.Reusable_Utils.CommonLogger.log [Line:23] - ePay_CRM.Test_ActionMethods.Method_BlogSpot.verifyTabNavigation [Line:368] - On Tab :Udemy Courses - Get CurrentUrl :https://testautomationpractice.blogspot.com/
24:05:2025 17:17:16 -  INFO ePay_CRM.Reusable_Utils.CommonLogger.log [Line:23] - ePay_CRM.WrapMethods.WrapperMethods.clickOnButtonAndVerify [Line:295] - On Click :tab is Clicked & Verified.
24:05:2025 17:17:18 -  INFO ePay_CRM.Reusable_Utils.CommonLogger.log [Line:23] - ePay_CRM.Test_ActionMethods.Method_BlogSpot.verifyTabNavigation [Line:368] - On Tab :Online Trainings - Get CurrentUrl :https://testautomationpractice.blogspot.com/
24:05:2025 17:17:21 -  INFO ePay_CRM.Reusable_Utils.CommonLogger.log [Line:23] - ePay_CRM.WrapMethods.WrapperMethods.clickOnButtonAndVerify [Line:295] - On Click :tab is Clicked & Verified.
24:05:2025 17:17:23 -  INFO ePay_CRM.Reusable_Utils.CommonLogger.log [Line:23] - ePay_CRM.Test_ActionMethods.Method_BlogSpot.verifyTabNavigation [Line:368] - On Tab :Blog - Get CurrentUrl :https://testautomationpractice.blogspot.com/
24:05:2025 17:17:25 -  INFO ePay_CRM.Reusable_Utils.CommonLogger.log [Line:23] - ePay_CRM.WrapMethods.WrapperMethods.clickOnButtonAndVerify [Line:295] - On Click :tab is Clicked & Verified.
24:05:2025 17:17:27 -  INFO ePay_CRM.Reusable_Utils.CommonLogger.log [Line:23] - ePay_CRM.Test_ActionMethods.Method_BlogSpot.verifyTabNavigation [Line:368] - On Tab :PlaywrightPractice - Get CurrentUrl :https://testautomationpractice.blogspot.com/
24:05:2025 17:17:27 -  INFO ePay_CRM.Reusable_Utils.CommonLogger.log [Line:23] - ePay_CRM.Test_ActionMethods.Method_BlogSpot.verifyTabNavigation [Line:373] - The process of Navigating of Expected Tabs has been completed.
24:05:2025 17:17:27 -  INFO ePay_CRM.Reusable_Utils.CommonLogger.log [Line:23] - ePay_CRM.LandingPage.BasePageSetup.TearDown [Line:174] - Closing Browser: chrome
24:05:2025 17:17:27 -  INFO ePay_CRM.Reusable_Utils.CommonLogger.log [Line:23] - ePay_CRM.LandingPage.BasePageSetup.TearDown [Line:178] - -------Execution Completed---
24:05:2025 17:17:27 -  INFO ePay_CRM.Reusable_Utils.CommonLogger.log [Line:23] - ePay_CRM.LandingPage.BasePageSetup.BrowserIntilization [Line:151] - Browser Initilzation Started : chrome
24:05:2025 17:17:30 -  INFO ePay_CRM.Reusable_Utils.CommonLogger.log [Line:23] - ePay_CRM.LandingPage.BasePageSetup.LoadConfigFile [Line:102] - Browser Launched :- chrome
24:05:2025 17:17:30 -  INFO ePay_CRM.Reusable_Utils.CommonLogger.log [Line:23] - ePay_CRM.Reusable_Utils.CallListeners.onTestStart [Line:70] - -------Execution Started for Record : ------8
24:05:2025 17:17:36 -  INFO ePay_CRM.Reusable_Utils.CommonLogger.log [Line:23] - ePay_CRM.LandingPage.BasePageSetup.getUrl [Line:190] - https://testautomationpractice.blogspot.com/
24:05:2025 17:17:36 -  INFO ePay_CRM.Reusable_Utils.CommonLogger.log [Line:23] - ePay_CRM.Test_ActionMethods.Method_BlogSpot.validateDateErrors [Line:432] - Initiated the process of validating Date Valdidation errors
24:05:2025 17:17:37 -  INFO ePay_CRM.Reusable_Utils.CommonLogger.log [Line:23] - ePay_CRM.WrapMethods.WrapperMethods.enterAndVerify [Line:52] - Field: StartDate is entered & verified.
24:05:2025 17:17:38 -  INFO ePay_CRM.Reusable_Utils.CommonLogger.log [Line:23] - ePay_CRM.WrapMethods.WrapperMethods.clickOnButtonAndVerify [Line:295] - On Click :Submit is Clicked & Verified.
24:05:2025 17:17:39 -  INFO ePay_CRM.Reusable_Utils.CommonLogger.log [Line:23] - ePay_CRM.LandingPage.BasePageSetup.TearDown [Line:174] - Closing Browser: chrome
24:05:2025 17:17:39 -  INFO ePay_CRM.Reusable_Utils.CommonLogger.log [Line:23] - ePay_CRM.LandingPage.BasePageSetup.TearDown [Line:178] - -------Execution Completed---
24:05:2025 17:17:39 -  INFO ePay_CRM.Reusable_Utils.CommonLogger.log [Line:23] - ePay_CRM.LandingPage.BasePageSetup.BrowserIntilization [Line:151] - Browser Initilzation Started : chrome
24:05:2025 17:17:43 -  INFO ePay_CRM.Reusable_Utils.CommonLogger.log [Line:23] - ePay_CRM.LandingPage.BasePageSetup.LoadConfigFile [Line:102] - Browser Launched :- chrome
24:05:2025 17:17:43 -  INFO ePay_CRM.Reusable_Utils.CommonLogger.log [Line:23] - ePay_CRM.Reusable_Utils.CallListeners.onTestStart [Line:70] - -------Execution Started for Record : ------9
24:05:2025 17:17:48 -  INFO ePay_CRM.Reusable_Utils.CommonLogger.log [Line:23] - ePay_CRM.LandingPage.BasePageSetup.getUrl [Line:190] - https://testautomationpractice.blogspot.com/
24:05:2025 17:17:48 -  INFO ePay_CRM.Reusable_Utils.CommonLogger.log [Line:23] - ePay_CRM.Test_ActionMethods.Method_BlogSpot.validateDateErrors [Line:432] - Initiated the process of validating Date Valdidation errors
24:05:2025 17:17:49 -  INFO ePay_CRM.Reusable_Utils.CommonLogger.log [Line:23] - ePay_CRM.WrapMethods.WrapperMethods.enterAndVerify [Line:52] - Field: EndDate is entered & verified.
24:05:2025 17:17:50 -  INFO ePay_CRM.Reusable_Utils.CommonLogger.log [Line:23] - ePay_CRM.WrapMethods.WrapperMethods.clickOnButtonAndVerify [Line:295] - On Click :Submit is Clicked & Verified.
24:05:2025 17:17:50 -  INFO ePay_CRM.Reusable_Utils.CommonLogger.log [Line:23] - ePay_CRM.LandingPage.BasePageSetup.TearDown [Line:174] - Closing Browser: chrome
24:05:2025 17:17:51 -  INFO ePay_CRM.Reusable_Utils.CommonLogger.log [Line:23] - ePay_CRM.LandingPage.BasePageSetup.TearDown [Line:178] - -------Execution Completed---
24:05:2025 17:17:51 -  INFO ePay_CRM.Reusable_Utils.CommonLogger.log [Line:23] - ePay_CRM.LandingPage.BasePageSetup.BrowserIntilization [Line:151] - Browser Initilzation Started : chrome
24:05:2025 17:17:53 -  INFO ePay_CRM.Reusable_Utils.CommonLogger.log [Line:23] - ePay_CRM.LandingPage.BasePageSetup.LoadConfigFile [Line:102] - Browser Launched :- chrome
24:05:2025 17:17:53 -  INFO ePay_CRM.Reusable_Utils.CommonLogger.log [Line:23] - ePay_CRM.Reusable_Utils.CallListeners.onTestStart [Line:70] - -------Execution Started for Record : ------10
24:05:2025 17:18:00 -  INFO ePay_CRM.Reusable_Utils.CommonLogger.log [Line:23] - ePay_CRM.LandingPage.BasePageSetup.getUrl [Line:190] - https://testautomationpractice.blogspot.com/
24:05:2025 17:18:00 -  INFO ePay_CRM.Reusable_Utils.CommonLogger.log [Line:23] - ePay_CRM.Test_ActionMethods.Method_BlogSpot.validateDateErrors [Line:432] - Initiated the process of validating Date Valdidation errors
24:05:2025 17:18:01 -  INFO ePay_CRM.Reusable_Utils.CommonLogger.log [Line:23] - ePay_CRM.WrapMethods.WrapperMethods.clickOnButtonAndVerify [Line:295] - On Click :Submit is Clicked & Verified.
24:05:2025 17:18:02 -  INFO ePay_CRM.Reusable_Utils.CommonLogger.log [Line:23] - ePay_CRM.LandingPage.BasePageSetup.TearDown [Line:174] - Closing Browser: chrome
24:05:2025 17:18:02 -  INFO ePay_CRM.Reusable_Utils.CommonLogger.log [Line:23] - ePay_CRM.LandingPage.BasePageSetup.TearDown [Line:178] - -------Execution Completed---
24:05:2025 17:18:02 -  INFO ePay_CRM.Reusable_Utils.CommonLogger.log [Line:23] - ePay_CRM.LandingPage.BasePageSetup.BrowserIntilization [Line:151] - Browser Initilzation Started : chrome
24:05:2025 17:18:07 -  INFO ePay_CRM.Reusable_Utils.CommonLogger.log [Line:23] - ePay_CRM.LandingPage.BasePageSetup.LoadConfigFile [Line:102] - Browser Launched :- chrome
24:05:2025 17:18:07 -  INFO ePay_CRM.Reusable_Utils.CommonLogger.log [Line:23] - ePay_CRM.Reusable_Utils.CallListeners.onTestStart [Line:70] - -------Execution Started for Record : ------11
24:05:2025 17:18:14 -  INFO ePay_CRM.Reusable_Utils.CommonLogger.log [Line:23] - ePay_CRM.LandingPage.BasePageSetup.getUrl [Line:190] - https://testautomationpractice.blogspot.com/
24:05:2025 17:18:14 -  INFO ePay_CRM.Reusable_Utils.CommonLogger.log [Line:23] - ePay_CRM.Test_ActionMethods.Method_BlogSpot.validateDateErrors [Line:432] - Initiated the process of validating Date Valdidation errors
24:05:2025 17:18:14 -  INFO ePay_CRM.Reusable_Utils.CommonLogger.log [Line:23] - ePay_CRM.WrapMethods.WrapperMethods.enterAndVerify [Line:52] - Field: StartDate is entered & verified.
24:05:2025 17:18:15 -  INFO ePay_CRM.Reusable_Utils.CommonLogger.log [Line:23] - ePay_CRM.WrapMethods.WrapperMethods.enterAndVerify [Line:52] - Field: EndDate is entered & verified.
24:05:2025 17:18:15 -  INFO ePay_CRM.Reusable_Utils.CommonLogger.log [Line:23] - ePay_CRM.WrapMethods.WrapperMethods.clickOnButtonAndVerify [Line:295] - On Click :Submit is Clicked & Verified.
24:05:2025 17:18:16 -  INFO ePay_CRM.Reusable_Utils.CommonLogger.log [Line:23] - ePay_CRM.Test_ActionMethods.Method_BlogSpot.validateDateErrors [Line:466] - Completed the process of validating Date Valdidation errors
24:05:2025 17:18:16 -  INFO ePay_CRM.Reusable_Utils.CommonLogger.log [Line:23] - ePay_CRM.LandingPage.BasePageSetup.TearDown [Line:174] - Closing Browser: chrome
24:05:2025 17:18:16 -  INFO ePay_CRM.Reusable_Utils.CommonLogger.log [Line:23] - ePay_CRM.LandingPage.BasePageSetup.TearDown [Line:178] - -------Execution Completed---
24:05:2025 17:18:16 -  INFO ePay_CRM.Reusable_Utils.CommonLogger.log [Line:23] - ePay_CRM.LandingPage.BasePageSetup.BrowserIntilization [Line:151] - Browser Initilzation Started : chrome
24:05:2025 17:18:19 -  INFO ePay_CRM.Reusable_Utils.CommonLogger.log [Line:23] - ePay_CRM.LandingPage.BasePageSetup.LoadConfigFile [Line:102] - Browser Launched :- chrome
24:05:2025 17:18:19 -  INFO ePay_CRM.Reusable_Utils.CommonLogger.log [Line:23] - ePay_CRM.Reusable_Utils.CallListeners.onTestStart [Line:70] - -------Execution Started for Record : ------12
24:05:2025 17:18:25 -  INFO ePay_CRM.Reusable_Utils.CommonLogger.log [Line:23] - ePay_CRM.LandingPage.BasePageSetup.getUrl [Line:190] - https://testautomationpractice.blogspot.com/
24:05:2025 17:18:25 -  INFO ePay_CRM.Reusable_Utils.CommonLogger.log [Line:23] - ePay_CRM.Test_ActionMethods.Method_BlogSpot.selectLongestAutoSuggestion [Line:516] - Initiated the process of select longest auto-suggest value
24:05:2025 17:18:26 -  INFO ePay_CRM.Reusable_Utils.CommonLogger.log [Line:23] - ePay_CRM.WrapMethods.WrapperMethods.enterAndVerify [Line:52] - Field: Search Value is entered & verified.
24:05:2025 17:18:27 -  INFO ePay_CRM.Reusable_Utils.CommonLogger.log [Line:23] - ePay_CRM.WrapMethods.WrapperMethods.clickOnButtonAndVerify [Line:295] - On Click :Search Button is Clicked & Verified.
24:05:2025 17:18:31 -  INFO ePay_CRM.Reusable_Utils.CommonLogger.log [Line:23] - ePay_CRM.WrapMethods.WrapperMethods.clickOnButtonAndVerify [Line:295] - On Click :Search is Clicked & Verified.
24:05:2025 17:18:32 -  INFO ePay_CRM.Reusable_Utils.CommonLogger.log [Line:23] - ePay_CRM.WrapMethods.WrapperMethods.handleWindowSwitch [Line:319] - Switched to new window: Aquatic feeding mechanisms - Wikipedia
24:05:2025 17:18:34 -  INFO ePay_CRM.Reusable_Utils.CommonLogger.log [Line:23] - ePay_CRM.WrapMethods.WrapperMethods.handleWindowSwitch [Line:339] - ? Switched back to main window: Automation Testing Practice
24:05:2025 17:18:36 -  INFO ePay_CRM.Reusable_Utils.CommonLogger.log [Line:23] - ePay_CRM.Test_ActionMethods.Method_BlogSpot.selectLongestAutoSuggestion [Line:543] - Completed the process of validating auto-suggest count
24:05:2025 17:18:36 -  INFO ePay_CRM.Reusable_Utils.CommonLogger.log [Line:23] - ePay_CRM.LandingPage.BasePageSetup.TearDown [Line:174] - Closing Browser: chrome
24:05:2025 17:18:37 -  INFO ePay_CRM.Reusable_Utils.CommonLogger.log [Line:23] - ePay_CRM.LandingPage.BasePageSetup.TearDown [Line:178] - -------Execution Completed---
24:05:2025 17:18:37 -  INFO ePay_CRM.Reusable_Utils.CommonLogger.log [Line:23] - ePay_CRM.LandingPage.BasePageSetup.BrowserIntilization [Line:151] - Browser Initilzation Started : chrome
24:05:2025 17:18:42 -  INFO ePay_CRM.Reusable_Utils.CommonLogger.log [Line:23] - ePay_CRM.LandingPage.BasePageSetup.LoadConfigFile [Line:102] - Browser Launched :- chrome
24:05:2025 17:18:42 -  INFO ePay_CRM.Reusable_Utils.CommonLogger.log [Line:23] - ePay_CRM.Reusable_Utils.CallListeners.onTestStart [Line:70] - -------Execution Started for Record : ------13
24:05:2025 17:18:50 -  INFO ePay_CRM.Reusable_Utils.CommonLogger.log [Line:23] - ePay_CRM.LandingPage.BasePageSetup.getUrl [Line:190] - https://testautomationpractice.blogspot.com/
24:05:2025 17:18:50 -  INFO ePay_CRM.Reusable_Utils.CommonLogger.log [Line:23] - ePay_CRM.Test_ActionMethods.Method_BlogSpot.switchTabCaptureScreenShot [Line:379] - Initiated the process of navigating tabs with expected tab names list.
24:05:2025 17:18:51 -  INFO ePay_CRM.Reusable_Utils.CommonLogger.log [Line:23] - ePay_CRM.Test_ActionMethods.Method_BlogSpot.switchTabCaptureScreenShot [Line:400] - On tab: Home | Current URL: https://testautomationpractice.blogspot.com/
24:05:2025 17:18:57 -  INFO ePay_CRM.Reusable_Utils.CommonLogger.log [Line:23] - ePay_CRM.WrapMethods.WrapperMethods.clickOnButtonAndVerify [Line:302] - RunTime Exception Occurred: [[ChromeDriver: chrome on windows (11e106cb0f47e7ced627874b2e30c4d2)] -> xpath: //div[@id='crosscol']/div/div/ul/li/a[text()='Udemy Courses']] - org.openqa.selenium.TimeoutException: timeout: Timed out receiving message from renderer: 5.000
  (Session info: chrome=136.0.7103.114)
Build info: version: '4.20.0', revision: '866c76ca80'
System info: os.name: 'Windows 10', os.arch: 'amd64', os.version: '10.0', java.version: '16.0.1'
Driver info: org.openqa.selenium.chrome.ChromeDriver
Command: [11e106cb0f47e7ced627874b2e30c4d2, clickElement {id=f.812263C8488D6375CB01E2617A06F64C.d.6ED43EACA388D3959F84726660C9169B.e.84}]
Capabilities {acceptInsecureCerts: false, browserName: chrome, browserVersion: 136.0.7103.114, chrome: {chromedriverVersion: 136.0.7103.113 (76fa3c17824..., userDataDir: C:\Users\sonya\AppData\Loca...}, fedcm:accounts: true, goog:chromeOptions: {debuggerAddress: localhost:51510}, networkConnectionEnabled: false, pageLoadStrategy: normal, platformName: windows, proxy: Proxy(), se:cdp: ws://localhost:51510/devtoo..., se:cdpVersion: 136.0.7103.114, setWindowRect: true, strictFileInteractability: false, timeouts: {implicit: 0, pageLoad: 300000, script: 30000}, unhandledPromptBehavior: dismiss and notify, webauthn:extension:credBlob: true, webauthn:extension:largeBlob: true, webauthn:extension:minPinLength: true, webauthn:extension:prf: true, webauthn:virtualAuthenticators: true}
Element: [[ChromeDriver: chrome on windows (11e106cb0f47e7ced627874b2e30c4d2)] -> xpath: //div[@id='crosscol']/div/div/ul/li/a[text()='Udemy Courses']]
Session ID: 11e106cb0f47e7ced627874b2e30c4d2
24:05:2025 17:19:00 -  INFO ePay_CRM.Reusable_Utils.CommonLogger.log [Line:23] - ePay_CRM.Test_ActionMethods.Method_BlogSpot.switchTabCaptureScreenShot [Line:420] - On tab: Udemy Courses | Current URL: https://testautomationpractice.blogspot.com/
24:05:2025 17:19:04 -  INFO ePay_CRM.Reusable_Utils.CommonLogger.log [Line:23] - ePay_CRM.WrapMethods.WrapperMethods.clickOnButtonAndVerify [Line:295] - On Click :tab is Clicked & Verified.
24:05:2025 17:19:06 -  INFO ePay_CRM.Reusable_Utils.CommonLogger.log [Line:23] - ePay_CRM.Test_ActionMethods.Method_BlogSpot.switchTabCaptureScreenShot [Line:420] - On tab: Online Trainings | Current URL: https://testautomationpractice.blogspot.com/
24:05:2025 17:19:10 -  INFO ePay_CRM.Reusable_Utils.CommonLogger.log [Line:23] - ePay_CRM.WrapMethods.WrapperMethods.clickOnButtonAndVerify [Line:295] - On Click :tab is Clicked & Verified.
24:05:2025 17:19:11 -  INFO ePay_CRM.Reusable_Utils.CommonLogger.log [Line:23] - ePay_CRM.Test_ActionMethods.Method_BlogSpot.switchTabCaptureScreenShot [Line:420] - On tab: Blog | Current URL: https://testautomationpractice.blogspot.com/
24:05:2025 17:19:14 -  INFO ePay_CRM.Reusable_Utils.CommonLogger.log [Line:23] - ePay_CRM.WrapMethods.WrapperMethods.clickOnButtonAndVerify [Line:295] - On Click :tab is Clicked & Verified.
24:05:2025 17:19:16 -  INFO ePay_CRM.Reusable_Utils.CommonLogger.log [Line:23] - ePay_CRM.Test_ActionMethods.Method_BlogSpot.switchTabCaptureScreenShot [Line:420] - On tab: PlaywrightPractice | Current URL: https://testautomationpractice.blogspot.com/
24:05:2025 17:19:16 -  INFO ePay_CRM.Reusable_Utils.CommonLogger.log [Line:23] - ePay_CRM.Test_ActionMethods.Method_BlogSpot.switchTabCaptureScreenShot [Line:428] - Completed navigation of expected tabs.
24:05:2025 17:19:16 -  INFO ePay_CRM.Reusable_Utils.CommonLogger.log [Line:23] - ePay_CRM.LandingPage.BasePageSetup.TearDown [Line:174] - Closing Browser: chrome
24:05:2025 17:19:17 -  INFO ePay_CRM.Reusable_Utils.CommonLogger.log [Line:23] - ePay_CRM.LandingPage.BasePageSetup.TearDown [Line:178] - -------Execution Completed---
24:05:2025 17:19:18 -  INFO ePay_CRM.Reusable_Utils.CommonLogger.log [Line:23] - ePay_CRM.Reusable_Utils.CallListeners.onFinish [Line:136] - Report got flushed
