27:05:2025 11:52:56 -  INFO ePay_CRM.Reusable_Utils.CommonLogger.log [Line:23] - ePay_CRM.LandingPage.BasePageSetup.BrowserIntilization [Line:143] - Browser Initilzation Started : chrome
27:05:2025 11:53:02 -  INFO ePay_CRM.Reusable_Utils.CommonLogger.log [Line:23] - ePay_CRM.LandingPage.BasePageSetup.LoadConfigFile [Line:102] - Browser Launched :- chrome
27:05:2025 11:53:02 -  INFO ePay_CRM.Reusable_Utils.CommonLogger.log [Line:23] - ePay_CRM.Reusable_Utils.CallListeners.onTestStart [Line:70] - -------Execution Started for Record : ------1
27:05:2025 11:53:08 -  INFO ePay_CRM.Reusable_Utils.CommonLogger.log [Line:23] - ePay_CRM.LandingPage.BasePageSetup.getUrl [Line:183] - https://testautomationpractice.blogspot.com/
27:05:2025 11:53:08 -  INFO ePay_CRM.Reusable_Utils.CommonLogger.log [Line:23] - ePay_CRM.LandingPage.BasePageSetup.TearDown [Line:166] - Closing Browser: chrome
27:05:2025 11:53:09 -  INFO ePay_CRM.Reusable_Utils.CommonLogger.log [Line:23] - ePay_CRM.LandingPage.BasePageSetup.TearDown [Line:170] - -------Execution Completed---
27:05:2025 11:53:09 -  INFO ePay_CRM.Reusable_Utils.CommonLogger.log [Line:23] - ePay_CRM.LandingPage.BasePageSetup.BrowserIntilization [Line:143] - Browser Initilzation Started : chrome
27:05:2025 11:53:12 -  INFO ePay_CRM.Reusable_Utils.CommonLogger.log [Line:23] - ePay_CRM.LandingPage.BasePageSetup.LoadConfigFile [Line:102] - Browser Launched :- chrome
27:05:2025 11:53:12 -  INFO ePay_CRM.Reusable_Utils.CommonLogger.log [Line:23] - ePay_CRM.Reusable_Utils.CallListeners.onTestStart [Line:70] - -------Execution Started for Record : ------2
27:05:2025 11:53:17 -  INFO ePay_CRM.Reusable_Utils.CommonLogger.log [Line:23] - ePay_CRM.LandingPage.BasePageSetup.getUrl [Line:183] - https://testautomationpractice.blogspot.com/
27:05:2025 11:53:17 -  INFO ePay_CRM.Reusable_Utils.CommonLogger.log [Line:23] - ePay_CRM.Test_ActionMethods.Method_BlogSpot.addPersonalDetails [Line:46] - Initiated the process of filling in details on Section-PersonalDetails-GUI Elements
27:05:2025 11:53:17 -  INFO ePay_CRM.Reusable_Utils.CommonLogger.log [Line:23] - ePay_CRM.WrapMethods.WrapperMethods.enterAndVerify [Line:54] - Field: Name is entered & verified.
27:05:2025 11:53:18 -  INFO ePay_CRM.Reusable_Utils.CommonLogger.log [Line:23] - ePay_CRM.WrapMethods.WrapperMethods.enterAndVerify [Line:54] - Field: Email is entered & verified.
27:05:2025 11:53:18 -  INFO ePay_CRM.Reusable_Utils.CommonLogger.log [Line:23] - ePay_CRM.WrapMethods.WrapperMethods.enterAndVerify [Line:54] - Field: Phone is entered & verified.
27:05:2025 11:53:19 -  INFO ePay_CRM.Reusable_Utils.CommonLogger.log [Line:23] - ePay_CRM.WrapMethods.WrapperMethods.enterAndVerify [Line:54] - Field: Address is entered & verified.
27:05:2025 11:53:19 -  INFO ePay_CRM.Reusable_Utils.CommonLogger.log [Line:23] - ePay_CRM.WrapMethods.WrapperMethods.selectRadioButton [Line:210] - For Radio: Gender : Values: male is selected & Verified.
27:05:2025 11:53:20 -  INFO ePay_CRM.Reusable_Utils.CommonLogger.log [Line:23] - ePay_CRM.WrapMethods.WrapperMethods.selectCheckBoxes [Line:237] - Checkbox selected: Sunday
27:05:2025 11:53:21 -  INFO ePay_CRM.Reusable_Utils.CommonLogger.log [Line:23] - ePay_CRM.WrapMethods.WrapperMethods.selectCheckBoxes [Line:237] - Checkbox selected: Monday
27:05:2025 11:53:23 -  INFO ePay_CRM.Reusable_Utils.CommonLogger.log [Line:23] - ePay_CRM.WrapMethods.WrapperMethods.selectCheckBoxes [Line:237] - Checkbox selected: Tuesday
27:05:2025 11:53:24 -  INFO ePay_CRM.Reusable_Utils.CommonLogger.log [Line:23] - ePay_CRM.WrapMethods.WrapperMethods.selectCheckBoxes [Line:237] - Checkbox selected: Wednesday
27:05:2025 11:53:25 -  INFO ePay_CRM.Reusable_Utils.CommonLogger.log [Line:23] - ePay_CRM.WrapMethods.WrapperMethods.selectCheckBoxes [Line:237] - Checkbox selected: Thursday
27:05:2025 11:53:27 -  INFO ePay_CRM.Reusable_Utils.CommonLogger.log [Line:23] - ePay_CRM.WrapMethods.WrapperMethods.selectCheckBoxes [Line:237] - Checkbox selected: Friday
27:05:2025 11:53:28 -  INFO ePay_CRM.Reusable_Utils.CommonLogger.log [Line:23] - ePay_CRM.WrapMethods.WrapperMethods.selectCheckBoxes [Line:237] - Checkbox selected: Saturday
27:05:2025 11:53:29 -  INFO ePay_CRM.Reusable_Utils.CommonLogger.log [Line:23] - ePay_CRM.WrapMethods.WrapperMethods.enterAndVerify [Line:54] - Field: Date 1 is entered & verified.
27:05:2025 11:53:33 -  INFO ePay_CRM.Reusable_Utils.CommonLogger.log [Line:23] - ePay_CRM.Test_ActionMethods.Method_BlogSpot.selectDate [Line:135] - Date selected successfully: 22/06/2023
27:05:2025 11:53:34 -  INFO ePay_CRM.Reusable_Utils.CommonLogger.log [Line:23] - ePay_CRM.WrapMethods.WrapperMethods.enterAndVerify [Line:54] - Field: StartDate is entered & verified.
27:05:2025 11:53:34 -  INFO ePay_CRM.Reusable_Utils.CommonLogger.log [Line:23] - ePay_CRM.WrapMethods.WrapperMethods.enterAndVerify [Line:54] - Field: EndDate is entered & verified.
27:05:2025 11:53:35 -  INFO ePay_CRM.Reusable_Utils.CommonLogger.log [Line:23] - ePay_CRM.Test_ActionMethods.Method_BlogSpot.addPersonalDetails [Line:68] - The process of adding Personal details has been completed.
27:05:2025 11:53:35 -  INFO ePay_CRM.Reusable_Utils.CommonLogger.log [Line:23] - ePay_CRM.LandingPage.BasePageSetup.TearDown [Line:166] - Closing Browser: chrome
27:05:2025 11:53:35 -  INFO ePay_CRM.Reusable_Utils.CommonLogger.log [Line:23] - ePay_CRM.LandingPage.BasePageSetup.TearDown [Line:170] - -------Execution Completed---
27:05:2025 11:53:35 -  INFO ePay_CRM.Reusable_Utils.CommonLogger.log [Line:23] - ePay_CRM.LandingPage.BasePageSetup.BrowserIntilization [Line:143] - Browser Initilzation Started : chrome
27:05:2025 11:53:38 -  INFO ePay_CRM.Reusable_Utils.CommonLogger.log [Line:23] - ePay_CRM.LandingPage.BasePageSetup.LoadConfigFile [Line:102] - Browser Launched :- chrome
27:05:2025 11:53:38 -  INFO ePay_CRM.Reusable_Utils.CommonLogger.log [Line:23] - ePay_CRM.Reusable_Utils.CallListeners.onTestStart [Line:70] - -------Execution Started for Record : ------3
27:05:2025 11:53:43 -  INFO ePay_CRM.Reusable_Utils.CommonLogger.log [Line:23] - ePay_CRM.LandingPage.BasePageSetup.getUrl [Line:183] - https://testautomationpractice.blogspot.com/
27:05:2025 11:53:43 -  INFO ePay_CRM.Reusable_Utils.CommonLogger.log [Line:23] - ePay_CRM.Test_ActionMethods.Method_BlogSpot.select_deselect_Checkboxes [Line:204] - Initiated the process of Dynamic checkbox selection/De-selection -Section-PersonalDetails-GUI Elements
27:05:2025 11:53:43 -  INFO ePay_CRM.Reusable_Utils.CommonLogger.log [Line:23] - ePay_CRM.WrapMethods.WrapperMethods.selectCheckBoxes [Line:237] - Checkbox selected: Sunday
27:05:2025 11:53:45 -  INFO ePay_CRM.Reusable_Utils.CommonLogger.log [Line:23] - ePay_CRM.WrapMethods.WrapperMethods.selectCheckBoxes [Line:237] - Checkbox selected: Tuesday
27:05:2025 11:53:46 -  INFO ePay_CRM.Reusable_Utils.CommonLogger.log [Line:23] - ePay_CRM.WrapMethods.WrapperMethods.selectCheckBoxes [Line:237] - Checkbox selected: Wednesday
27:05:2025 11:53:47 -  INFO ePay_CRM.Reusable_Utils.CommonLogger.log [Line:23] - ePay_CRM.WrapMethods.WrapperMethods.selectCheckBoxes [Line:237] - Checkbox selected: Monday
27:05:2025 11:53:49 -  INFO ePay_CRM.Reusable_Utils.CommonLogger.log [Line:23] - ePay_CRM.WrapMethods.WrapperMethods.selectCheckBoxes [Line:237] - Checkbox selected: Thursday
27:05:2025 11:53:50 -  INFO ePay_CRM.Reusable_Utils.CommonLogger.log [Line:23] - ePay_CRM.WrapMethods.WrapperMethods.selectCheckBoxes [Line:237] - Checkbox selected: Friday
27:05:2025 11:53:51 -  INFO ePay_CRM.Reusable_Utils.CommonLogger.log [Line:23] - ePay_CRM.WrapMethods.WrapperMethods.selectCheckBoxes [Line:237] - Checkbox selected: Saturday
27:05:2025 11:53:51 -  INFO ePay_CRM.Reusable_Utils.CommonLogger.log [Line:23] - ePay_CRM.Test_ActionMethods.Method_BlogSpot.select_deselect_Checkboxes [Line:215] - The process of Dynamic Checkbox selection/deselection has been completed.
27:05:2025 11:53:51 -  INFO ePay_CRM.Reusable_Utils.CommonLogger.log [Line:23] - ePay_CRM.LandingPage.BasePageSetup.TearDown [Line:166] - Closing Browser: chrome
27:05:2025 11:53:52 -  INFO ePay_CRM.Reusable_Utils.CommonLogger.log [Line:23] - ePay_CRM.LandingPage.BasePageSetup.TearDown [Line:170] - -------Execution Completed---
27:05:2025 11:53:52 -  INFO ePay_CRM.Reusable_Utils.CommonLogger.log [Line:23] - ePay_CRM.LandingPage.BasePageSetup.BrowserIntilization [Line:143] - Browser Initilzation Started : chrome
27:05:2025 11:53:55 -  INFO ePay_CRM.Reusable_Utils.CommonLogger.log [Line:23] - ePay_CRM.LandingPage.BasePageSetup.LoadConfigFile [Line:102] - Browser Launched :- chrome
27:05:2025 11:53:55 -  INFO ePay_CRM.Reusable_Utils.CommonLogger.log [Line:23] - ePay_CRM.Reusable_Utils.CallListeners.onTestStart [Line:70] - -------Execution Started for Record : ------4
27:05:2025 11:54:00 -  INFO ePay_CRM.Reusable_Utils.CommonLogger.log [Line:23] - ePay_CRM.LandingPage.BasePageSetup.getUrl [Line:183] - https://testautomationpractice.blogspot.com/
27:05:2025 11:54:00 -  INFO ePay_CRM.Reusable_Utils.CommonLogger.log [Line:23] - ePay_CRM.Test_ActionMethods.Method_BlogSpot.selectDateFromPicker [Line:72] - Initiated the process of Date Section-PersonalDetails-GUI Elements
27:05:2025 11:54:03 -  INFO ePay_CRM.Reusable_Utils.CommonLogger.log [Line:23] - ePay_CRM.Test_ActionMethods.Method_BlogSpot.selectDate [Line:135] - Date selected successfully: 22/06/2023
27:05:2025 11:54:04 -  INFO ePay_CRM.Reusable_Utils.CommonLogger.log [Line:23] - ePay_CRM.Test_ActionMethods.Method_BlogSpot.selectDateFromPicker [Line:76] - The process of Date-Selection from Picker has been completed.
27:05:2025 11:54:04 -  INFO ePay_CRM.Reusable_Utils.CommonLogger.log [Line:23] - ePay_CRM.LandingPage.BasePageSetup.TearDown [Line:166] - Closing Browser: chrome
27:05:2025 11:54:04 -  INFO ePay_CRM.Reusable_Utils.CommonLogger.log [Line:23] - ePay_CRM.LandingPage.BasePageSetup.TearDown [Line:170] - -------Execution Completed---
27:05:2025 11:54:04 -  INFO ePay_CRM.Reusable_Utils.CommonLogger.log [Line:23] - ePay_CRM.LandingPage.BasePageSetup.BrowserIntilization [Line:143] - Browser Initilzation Started : chrome
27:05:2025 11:54:07 -  INFO ePay_CRM.Reusable_Utils.CommonLogger.log [Line:23] - ePay_CRM.LandingPage.BasePageSetup.LoadConfigFile [Line:102] - Browser Launched :- chrome
27:05:2025 11:54:07 -  INFO ePay_CRM.Reusable_Utils.CommonLogger.log [Line:23] - ePay_CRM.Reusable_Utils.CallListeners.onTestStart [Line:70] - -------Execution Started for Record : ------5
27:05:2025 11:54:12 -  INFO ePay_CRM.Reusable_Utils.CommonLogger.log [Line:23] - ePay_CRM.LandingPage.BasePageSetup.getUrl [Line:183] - https://testautomationpractice.blogspot.com/
27:05:2025 11:54:12 -  INFO ePay_CRM.Reusable_Utils.CommonLogger.log [Line:23] - ePay_CRM.Test_ActionMethods.Method_BlogSpot.getMaxBookDetails [Line:220] - Initiated the process of Finding HighestPrice Book details on Section-StaticWebTable-GUI Elements
27:05:2025 11:54:13 -  INFO ePay_CRM.Reusable_Utils.CommonLogger.log [Line:23] - ePay_CRM.Test_ActionMethods.Method_BlogSpot.getMaxBookDetails [Line:234] - ----Highest Price Book Details ----: 3000
27:05:2025 11:54:13 -  INFO ePay_CRM.Reusable_Utils.CommonLogger.log [Line:23] - ePay_CRM.Test_ActionMethods.Method_BlogSpot.getMaxBookDetails [Line:235] - Highest Price Book BookName : [Master In Selenium]
27:05:2025 11:54:14 -  INFO ePay_CRM.Reusable_Utils.CommonLogger.log [Line:23] - ePay_CRM.Test_ActionMethods.Method_BlogSpot.getMaxBookDetails [Line:236] - Highest Price AuthorName : [Mukesh]
27:05:2025 11:54:14 -  INFO ePay_CRM.Reusable_Utils.CommonLogger.log [Line:23] - ePay_CRM.Test_ActionMethods.Method_BlogSpot.getMaxBookDetails [Line:237] - Highest Price Subject : [Selenium]
27:05:2025 11:54:15 -  INFO ePay_CRM.Reusable_Utils.CommonLogger.log [Line:23] - ePay_CRM.Test_ActionMethods.Method_BlogSpot.getMaxBookDetails [Line:241] - The process of Finding HighestBookDetails has been completed.
27:05:2025 11:54:15 -  INFO ePay_CRM.Reusable_Utils.CommonLogger.log [Line:23] - ePay_CRM.LandingPage.BasePageSetup.TearDown [Line:166] - Closing Browser: chrome
27:05:2025 11:54:15 -  INFO ePay_CRM.Reusable_Utils.CommonLogger.log [Line:23] - ePay_CRM.LandingPage.BasePageSetup.TearDown [Line:170] - -------Execution Completed---
27:05:2025 11:54:15 -  INFO ePay_CRM.Reusable_Utils.CommonLogger.log [Line:23] - ePay_CRM.LandingPage.BasePageSetup.BrowserIntilization [Line:143] - Browser Initilzation Started : chrome
27:05:2025 11:54:18 -  INFO ePay_CRM.Reusable_Utils.CommonLogger.log [Line:23] - ePay_CRM.LandingPage.BasePageSetup.LoadConfigFile [Line:102] - Browser Launched :- chrome
27:05:2025 11:54:18 -  INFO ePay_CRM.Reusable_Utils.CommonLogger.log [Line:23] - ePay_CRM.Reusable_Utils.CallListeners.onTestStart [Line:70] - -------Execution Started for Record : ------6
27:05:2025 11:54:23 -  INFO ePay_CRM.Reusable_Utils.CommonLogger.log [Line:23] - ePay_CRM.LandingPage.BasePageSetup.getUrl [Line:183] - https://testautomationpractice.blogspot.com/
27:05:2025 11:54:23 -  INFO ePay_CRM.Reusable_Utils.CommonLogger.log [Line:23] - ePay_CRM.Test_ActionMethods.Method_BlogSpot.getMinBookDetails [Line:246] - Initiated the process of Finding LowestPrice Book details on Section-StaticWebTable-GUI Elements
27:05:2025 11:54:24 -  INFO ePay_CRM.Reusable_Utils.CommonLogger.log [Line:23] - ePay_CRM.Test_ActionMethods.Method_BlogSpot.getMinBookDetails [Line:260] - ----Lowest Price Book Details ----: 300
27:05:2025 11:54:25 -  INFO ePay_CRM.Reusable_Utils.CommonLogger.log [Line:23] - ePay_CRM.Test_ActionMethods.Method_BlogSpot.getMinBookDetails [Line:261] - Lowest Price Book BookName : [Learn Selenium, Learn JS]
27:05:2025 11:54:25 -  INFO ePay_CRM.Reusable_Utils.CommonLogger.log [Line:23] - ePay_CRM.Test_ActionMethods.Method_BlogSpot.getMinBookDetails [Line:262] - Lowest Price AuthorName : [Amit, Animesh]
27:05:2025 11:54:26 -  INFO ePay_CRM.Reusable_Utils.CommonLogger.log [Line:23] - ePay_CRM.Test_ActionMethods.Method_BlogSpot.getMinBookDetails [Line:263] - Loweser Price Subject : [Selenium, Javascript]
27:05:2025 11:54:26 -  INFO ePay_CRM.Reusable_Utils.CommonLogger.log [Line:23] - ePay_CRM.Test_ActionMethods.Method_BlogSpot.getMinBookDetails [Line:266] - The process of Finding LowestBookDetails has been completed.
27:05:2025 11:54:26 -  INFO ePay_CRM.Reusable_Utils.CommonLogger.log [Line:23] - ePay_CRM.LandingPage.BasePageSetup.TearDown [Line:166] - Closing Browser: chrome
27:05:2025 11:54:27 -  INFO ePay_CRM.Reusable_Utils.CommonLogger.log [Line:23] - ePay_CRM.LandingPage.BasePageSetup.TearDown [Line:170] - -------Execution Completed---
27:05:2025 11:54:27 -  INFO ePay_CRM.Reusable_Utils.CommonLogger.log [Line:23] - ePay_CRM.LandingPage.BasePageSetup.BrowserIntilization [Line:143] - Browser Initilzation Started : chrome
27:05:2025 11:54:30 -  INFO ePay_CRM.Reusable_Utils.CommonLogger.log [Line:23] - ePay_CRM.LandingPage.BasePageSetup.LoadConfigFile [Line:102] - Browser Launched :- chrome
27:05:2025 11:54:30 -  INFO ePay_CRM.Reusable_Utils.CommonLogger.log [Line:23] - ePay_CRM.Reusable_Utils.CallListeners.onTestStart [Line:70] - -------Execution Started for Record : ------7
27:05:2025 11:54:34 -  INFO ePay_CRM.Reusable_Utils.CommonLogger.log [Line:23] - ePay_CRM.LandingPage.BasePageSetup.getUrl [Line:183] - https://testautomationpractice.blogspot.com/
27:05:2025 11:54:35 -  INFO ePay_CRM.Reusable_Utils.CommonLogger.log [Line:23] - ePay_CRM.Test_ActionMethods.Method_BlogSpot.getAveragePriceBookDetails [Line:326] - --- Average Price of Book Details ---: 1183.33
27:05:2025 11:54:35 -  INFO ePay_CRM.Reusable_Utils.CommonLogger.log [Line:23] - ePay_CRM.LandingPage.BasePageSetup.TearDown [Line:166] - Closing Browser: chrome
27:05:2025 11:54:36 -  INFO ePay_CRM.Reusable_Utils.CommonLogger.log [Line:23] - ePay_CRM.LandingPage.BasePageSetup.TearDown [Line:170] - -------Execution Completed---
27:05:2025 11:54:36 -  INFO ePay_CRM.Reusable_Utils.CommonLogger.log [Line:23] - ePay_CRM.LandingPage.BasePageSetup.BrowserIntilization [Line:143] - Browser Initilzation Started : chrome
27:05:2025 11:54:38 -  INFO ePay_CRM.Reusable_Utils.CommonLogger.log [Line:23] - ePay_CRM.LandingPage.BasePageSetup.LoadConfigFile [Line:102] - Browser Launched :- chrome
27:05:2025 11:54:38 -  INFO ePay_CRM.Reusable_Utils.CommonLogger.log [Line:23] - ePay_CRM.Reusable_Utils.CallListeners.onTestStart [Line:70] - -------Execution Started for Record : ------8
27:05:2025 11:54:43 -  INFO ePay_CRM.Reusable_Utils.CommonLogger.log [Line:23] - ePay_CRM.LandingPage.BasePageSetup.getUrl [Line:183] - https://testautomationpractice.blogspot.com/
27:05:2025 11:54:43 -  INFO ePay_CRM.Reusable_Utils.CommonLogger.log [Line:23] - ePay_CRM.Test_ActionMethods.Method_BlogSpot.validateDateErrors [Line:440] - Initiated the process of validating Date Valdidation errors
27:05:2025 11:54:43 -  INFO ePay_CRM.Reusable_Utils.CommonLogger.log [Line:23] - ePay_CRM.WrapMethods.WrapperMethods.enterAndVerify [Line:54] - Field: StartDate is entered & verified.
27:05:2025 11:54:44 -  INFO ePay_CRM.Reusable_Utils.CommonLogger.log [Line:23] - ePay_CRM.WrapMethods.WrapperMethods.clickOnButtonAndVerify [Line:297] - On Click :Submit is Clicked & Verified.
27:05:2025 11:54:45 -  INFO ePay_CRM.Reusable_Utils.CommonLogger.log [Line:23] - ePay_CRM.LandingPage.BasePageSetup.TearDown [Line:166] - Closing Browser: chrome
27:05:2025 11:54:45 -  INFO ePay_CRM.Reusable_Utils.CommonLogger.log [Line:23] - ePay_CRM.LandingPage.BasePageSetup.TearDown [Line:170] - -------Execution Completed---
27:05:2025 11:54:45 -  INFO ePay_CRM.Reusable_Utils.CommonLogger.log [Line:23] - ePay_CRM.LandingPage.BasePageSetup.BrowserIntilization [Line:143] - Browser Initilzation Started : chrome
27:05:2025 11:54:48 -  INFO ePay_CRM.Reusable_Utils.CommonLogger.log [Line:23] - ePay_CRM.LandingPage.BasePageSetup.LoadConfigFile [Line:102] - Browser Launched :- chrome
27:05:2025 11:54:48 -  INFO ePay_CRM.Reusable_Utils.CommonLogger.log [Line:23] - ePay_CRM.Reusable_Utils.CallListeners.onTestStart [Line:70] - -------Execution Started for Record : ------9
27:05:2025 11:54:53 -  INFO ePay_CRM.Reusable_Utils.CommonLogger.log [Line:23] - ePay_CRM.LandingPage.BasePageSetup.getUrl [Line:183] - https://testautomationpractice.blogspot.com/
27:05:2025 11:54:53 -  INFO ePay_CRM.Reusable_Utils.CommonLogger.log [Line:23] - ePay_CRM.Test_ActionMethods.Method_BlogSpot.validateDateErrors [Line:440] - Initiated the process of validating Date Valdidation errors
27:05:2025 11:54:53 -  INFO ePay_CRM.Reusable_Utils.CommonLogger.log [Line:23] - ePay_CRM.WrapMethods.WrapperMethods.enterAndVerify [Line:54] - Field: EndDate is entered & verified.
27:05:2025 11:54:54 -  INFO ePay_CRM.Reusable_Utils.CommonLogger.log [Line:23] - ePay_CRM.WrapMethods.WrapperMethods.clickOnButtonAndVerify [Line:297] - On Click :Submit is Clicked & Verified.
27:05:2025 11:54:54 -  INFO ePay_CRM.Reusable_Utils.CommonLogger.log [Line:23] - ePay_CRM.LandingPage.BasePageSetup.TearDown [Line:166] - Closing Browser: chrome
27:05:2025 11:54:55 -  INFO ePay_CRM.Reusable_Utils.CommonLogger.log [Line:23] - ePay_CRM.LandingPage.BasePageSetup.TearDown [Line:170] - -------Execution Completed---
27:05:2025 11:54:55 -  INFO ePay_CRM.Reusable_Utils.CommonLogger.log [Line:23] - ePay_CRM.LandingPage.BasePageSetup.BrowserIntilization [Line:143] - Browser Initilzation Started : chrome
27:05:2025 11:54:57 -  INFO ePay_CRM.Reusable_Utils.CommonLogger.log [Line:23] - ePay_CRM.LandingPage.BasePageSetup.LoadConfigFile [Line:102] - Browser Launched :- chrome
27:05:2025 11:54:57 -  INFO ePay_CRM.Reusable_Utils.CommonLogger.log [Line:23] - ePay_CRM.Reusable_Utils.CallListeners.onTestStart [Line:70] - -------Execution Started for Record : ------10
27:05:2025 11:55:02 -  INFO ePay_CRM.Reusable_Utils.CommonLogger.log [Line:23] - ePay_CRM.LandingPage.BasePageSetup.getUrl [Line:183] - https://testautomationpractice.blogspot.com/
27:05:2025 11:55:02 -  INFO ePay_CRM.Reusable_Utils.CommonLogger.log [Line:23] - ePay_CRM.Test_ActionMethods.Method_BlogSpot.validateDateErrors [Line:440] - Initiated the process of validating Date Valdidation errors
27:05:2025 11:55:03 -  INFO ePay_CRM.Reusable_Utils.CommonLogger.log [Line:23] - ePay_CRM.WrapMethods.WrapperMethods.clickOnButtonAndVerify [Line:297] - On Click :Submit is Clicked & Verified.
27:05:2025 11:55:03 -  INFO ePay_CRM.Reusable_Utils.CommonLogger.log [Line:23] - ePay_CRM.LandingPage.BasePageSetup.TearDown [Line:166] - Closing Browser: chrome
27:05:2025 11:55:04 -  INFO ePay_CRM.Reusable_Utils.CommonLogger.log [Line:23] - ePay_CRM.LandingPage.BasePageSetup.TearDown [Line:170] - -------Execution Completed---
27:05:2025 11:55:04 -  INFO ePay_CRM.Reusable_Utils.CommonLogger.log [Line:23] - ePay_CRM.LandingPage.BasePageSetup.BrowserIntilization [Line:143] - Browser Initilzation Started : chrome
27:05:2025 11:55:06 -  INFO ePay_CRM.Reusable_Utils.CommonLogger.log [Line:23] - ePay_CRM.LandingPage.BasePageSetup.LoadConfigFile [Line:102] - Browser Launched :- chrome
27:05:2025 11:55:06 -  INFO ePay_CRM.Reusable_Utils.CommonLogger.log [Line:23] - ePay_CRM.Reusable_Utils.CallListeners.onTestStart [Line:70] - -------Execution Started for Record : ------11
27:05:2025 11:55:11 -  INFO ePay_CRM.Reusable_Utils.CommonLogger.log [Line:23] - ePay_CRM.LandingPage.BasePageSetup.getUrl [Line:183] - https://testautomationpractice.blogspot.com/
27:05:2025 11:55:11 -  INFO ePay_CRM.Reusable_Utils.CommonLogger.log [Line:23] - ePay_CRM.Test_ActionMethods.Method_BlogSpot.validateDateErrors [Line:440] - Initiated the process of validating Date Valdidation errors
27:05:2025 11:55:12 -  INFO ePay_CRM.Reusable_Utils.CommonLogger.log [Line:23] - ePay_CRM.WrapMethods.WrapperMethods.enterAndVerify [Line:54] - Field: StartDate is entered & verified.
27:05:2025 11:55:12 -  INFO ePay_CRM.Reusable_Utils.CommonLogger.log [Line:23] - ePay_CRM.WrapMethods.WrapperMethods.enterAndVerify [Line:54] - Field: EndDate is entered & verified.
27:05:2025 11:55:13 -  INFO ePay_CRM.Reusable_Utils.CommonLogger.log [Line:23] - ePay_CRM.WrapMethods.WrapperMethods.clickOnButtonAndVerify [Line:297] - On Click :Submit is Clicked & Verified.
27:05:2025 11:55:13 -  INFO ePay_CRM.Reusable_Utils.CommonLogger.log [Line:23] - ePay_CRM.Test_ActionMethods.Method_BlogSpot.validateDateErrors [Line:474] - Completed the process of validating Date Valdidation errors
27:05:2025 11:55:13 -  INFO ePay_CRM.Reusable_Utils.CommonLogger.log [Line:23] - ePay_CRM.LandingPage.BasePageSetup.TearDown [Line:166] - Closing Browser: chrome
27:05:2025 11:55:14 -  INFO ePay_CRM.Reusable_Utils.CommonLogger.log [Line:23] - ePay_CRM.LandingPage.BasePageSetup.TearDown [Line:170] - -------Execution Completed---
27:05:2025 11:55:14 -  INFO ePay_CRM.Reusable_Utils.CommonLogger.log [Line:23] - ePay_CRM.LandingPage.BasePageSetup.BrowserIntilization [Line:143] - Browser Initilzation Started : chrome
27:05:2025 11:55:16 -  INFO ePay_CRM.Reusable_Utils.CommonLogger.log [Line:23] - ePay_CRM.LandingPage.BasePageSetup.LoadConfigFile [Line:102] - Browser Launched :- chrome
27:05:2025 11:55:16 -  INFO ePay_CRM.Reusable_Utils.CommonLogger.log [Line:23] - ePay_CRM.Reusable_Utils.CallListeners.onTestStart [Line:70] - -------Execution Started for Record : ------12
27:05:2025 11:55:21 -  INFO ePay_CRM.Reusable_Utils.CommonLogger.log [Line:23] - ePay_CRM.LandingPage.BasePageSetup.getUrl [Line:183] - https://testautomationpractice.blogspot.com/
27:05:2025 11:55:21 -  INFO ePay_CRM.Reusable_Utils.CommonLogger.log [Line:23] - ePay_CRM.Test_ActionMethods.Method_BlogSpot.handleAutoSuggestDropdowns [Line:522] - Initiated the process of validating auto-suggest count
27:05:2025 11:55:22 -  INFO ePay_CRM.Reusable_Utils.CommonLogger.log [Line:23] - ePay_CRM.WrapMethods.WrapperMethods.enterAndVerify [Line:54] - Field: Search Value is entered & verified.
27:05:2025 11:55:22 -  INFO ePay_CRM.Reusable_Utils.CommonLogger.log [Line:23] - ePay_CRM.WrapMethods.WrapperMethods.clickOnButtonAndVerify [Line:297] - On Click :Search Button is Clicked & Verified.
27:05:2025 11:55:23 -  INFO ePay_CRM.Reusable_Utils.CommonLogger.log [Line:23] - ePay_CRM.Test_ActionMethods.Method_BlogSpot.handleAutoSuggestDropdowns [Line:530] - Total Count of Search Results :5
27:05:2025 11:55:24 -  INFO ePay_CRM.Reusable_Utils.CommonLogger.log [Line:23] - ePay_CRM.Test_ActionMethods.Method_BlogSpot.handleAutoSuggestDropdowns [Line:546] - 
 List of Suggested Results : [Dress, Dressage, Dress code, Dressed to Kill (1980 film), Dress shirt]
27:05:2025 11:55:24 -  INFO ePay_CRM.Reusable_Utils.CommonLogger.log [Line:23] - ePay_CRM.Test_ActionMethods.Method_BlogSpot.handleAutoSuggestDropdowns [Line:559] - Completed the process of validating auto-suggest count
27:05:2025 11:55:24 -  INFO ePay_CRM.Reusable_Utils.CommonLogger.log [Line:23] - ePay_CRM.LandingPage.BasePageSetup.TearDown [Line:166] - Closing Browser: chrome
27:05:2025 11:55:25 -  INFO ePay_CRM.Reusable_Utils.CommonLogger.log [Line:23] - ePay_CRM.LandingPage.BasePageSetup.TearDown [Line:170] - -------Execution Completed---
27:05:2025 11:55:25 -  INFO ePay_CRM.Reusable_Utils.CommonLogger.log [Line:23] - ePay_CRM.LandingPage.BasePageSetup.BrowserIntilization [Line:143] - Browser Initilzation Started : chrome
27:05:2025 11:55:27 -  INFO ePay_CRM.Reusable_Utils.CommonLogger.log [Line:23] - ePay_CRM.LandingPage.BasePageSetup.LoadConfigFile [Line:102] - Browser Launched :- chrome
27:05:2025 11:55:27 -  INFO ePay_CRM.Reusable_Utils.CommonLogger.log [Line:23] - ePay_CRM.Reusable_Utils.CallListeners.onTestStart [Line:70] - -------Execution Started for Record : ------13
27:05:2025 11:55:32 -  INFO ePay_CRM.Reusable_Utils.CommonLogger.log [Line:23] - ePay_CRM.LandingPage.BasePageSetup.getUrl [Line:183] - https://testautomationpractice.blogspot.com/
27:05:2025 11:55:32 -  INFO ePay_CRM.Reusable_Utils.CommonLogger.log [Line:23] - ePay_CRM.Test_ActionMethods.Method_BlogSpot.selectLongestAutoSuggestion [Line:565] - Initiated the process of select longest auto-suggest value
27:05:2025 11:55:32 -  INFO ePay_CRM.Reusable_Utils.CommonLogger.log [Line:23] - ePay_CRM.WrapMethods.WrapperMethods.enterAndVerify [Line:54] - Field: Search Value is entered & verified.
27:05:2025 11:55:33 -  INFO ePay_CRM.Reusable_Utils.CommonLogger.log [Line:23] - ePay_CRM.WrapMethods.WrapperMethods.clickOnButtonAndVerify [Line:297] - On Click :Search Button is Clicked & Verified.
27:05:2025 11:55:35 -  INFO ePay_CRM.Reusable_Utils.CommonLogger.log [Line:23] - ePay_CRM.WrapMethods.WrapperMethods.clickOnButtonAndVerify [Line:297] - On Click :Search is Clicked & Verified.
27:05:2025 11:55:37 -  INFO ePay_CRM.Reusable_Utils.CommonLogger.log [Line:23] - ePay_CRM.WrapMethods.WrapperMethods.handleWindowSwitch [Line:320] - Switched to new window: Aquatic feeding mechanisms - Wikipedia
27:05:2025 11:55:37 -  INFO ePay_CRM.Reusable_Utils.CommonLogger.log [Line:23] - ePay_CRM.WrapMethods.WrapperMethods.handleWindowSwitch [Line:340] - ? Switched back to main window: Automation Testing Practice
27:05:2025 11:55:38 -  INFO ePay_CRM.Reusable_Utils.CommonLogger.log [Line:23] - ePay_CRM.Test_ActionMethods.Method_BlogSpot.selectLongestAutoSuggestion [Line:592] - Completed the process of validating auto-suggest count
27:05:2025 11:55:38 -  INFO ePay_CRM.Reusable_Utils.CommonLogger.log [Line:23] - ePay_CRM.LandingPage.BasePageSetup.TearDown [Line:166] - Closing Browser: chrome
27:05:2025 11:55:38 -  INFO ePay_CRM.Reusable_Utils.CommonLogger.log [Line:23] - ePay_CRM.LandingPage.BasePageSetup.TearDown [Line:170] - -------Execution Completed---
27:05:2025 11:55:38 -  INFO ePay_CRM.Reusable_Utils.CommonLogger.log [Line:23] - ePay_CRM.LandingPage.BasePageSetup.BrowserIntilization [Line:143] - Browser Initilzation Started : chrome
27:05:2025 11:55:41 -  INFO ePay_CRM.Reusable_Utils.CommonLogger.log [Line:23] - ePay_CRM.LandingPage.BasePageSetup.LoadConfigFile [Line:102] - Browser Launched :- chrome
27:05:2025 11:55:41 -  INFO ePay_CRM.Reusable_Utils.CommonLogger.log [Line:23] - ePay_CRM.Reusable_Utils.CallListeners.onTestStart [Line:70] - -------Execution Started for Record : ------14
27:05:2025 11:55:46 -  INFO ePay_CRM.Reusable_Utils.CommonLogger.log [Line:23] - ePay_CRM.LandingPage.BasePageSetup.getUrl [Line:183] - https://testautomationpractice.blogspot.com/
27:05:2025 11:55:46 -  INFO ePay_CRM.Reusable_Utils.CommonLogger.log [Line:23] - ePay_CRM.Test_ActionMethods.Method_BlogSpot.verifyTabName [Line:331] - Initiated the process of Comparing the actual tabs with expected tab names list
27:05:2025 11:55:47 -  INFO ePay_CRM.Reusable_Utils.CommonLogger.log [Line:23] - ePay_CRM.Test_ActionMethods.Method_BlogSpot.verifyTabName [Line:344] - The process of Comparing Tab Names has been completed.
27:05:2025 11:55:47 -  INFO ePay_CRM.Reusable_Utils.CommonLogger.log [Line:23] - ePay_CRM.LandingPage.BasePageSetup.TearDown [Line:166] - Closing Browser: chrome
27:05:2025 11:55:48 -  INFO ePay_CRM.Reusable_Utils.CommonLogger.log [Line:23] - ePay_CRM.LandingPage.BasePageSetup.TearDown [Line:170] - -------Execution Completed---
27:05:2025 11:55:48 -  INFO ePay_CRM.Reusable_Utils.CommonLogger.log [Line:23] - ePay_CRM.LandingPage.BasePageSetup.BrowserIntilization [Line:143] - Browser Initilzation Started : chrome
27:05:2025 11:55:50 -  INFO ePay_CRM.Reusable_Utils.CommonLogger.log [Line:23] - ePay_CRM.LandingPage.BasePageSetup.LoadConfigFile [Line:102] - Browser Launched :- chrome
27:05:2025 11:55:50 -  INFO ePay_CRM.Reusable_Utils.CommonLogger.log [Line:23] - ePay_CRM.Reusable_Utils.CallListeners.onTestStart [Line:70] - -------Execution Started for Record : ------15
27:05:2025 11:55:56 -  INFO ePay_CRM.Reusable_Utils.CommonLogger.log [Line:23] - ePay_CRM.LandingPage.BasePageSetup.getUrl [Line:183] - https://testautomationpractice.blogspot.com/
27:05:2025 11:55:56 -  INFO ePay_CRM.Reusable_Utils.CommonLogger.log [Line:23] - ePay_CRM.Test_ActionMethods.Method_BlogSpot.verifyTabNavigation [Line:349] - Initiated the process of Navigating tabs with expected tab names list
27:05:2025 11:56:00 -  INFO ePay_CRM.Reusable_Utils.CommonLogger.log [Line:23] - ePay_CRM.WrapMethods.WrapperMethods.clickOnButtonAndVerify [Line:297] - On Click :tab is Clicked & Verified.
27:05:2025 11:56:03 -  INFO ePay_CRM.Reusable_Utils.CommonLogger.log [Line:23] - ePay_CRM.Test_ActionMethods.Method_BlogSpot.verifyTabNavigation [Line:375] - On Tab :Home - Get CurrentUrl :https://testautomationpractice.blogspot.com/
27:05:2025 11:56:09 -  INFO ePay_CRM.Reusable_Utils.CommonLogger.log [Line:23] - ePay_CRM.WrapMethods.WrapperMethods.clickOnButtonAndVerify [Line:303] - RunTime Exception Occurred: [[ChromeDriver: chrome on windows (8ffab0d21a680db392ea8e27a02d21c3)] -> xpath: //div[@id='crosscol']/div/div/ul/li/a[text()='Udemy Courses']] - org.openqa.selenium.TimeoutException: timeout: Timed out receiving message from renderer: 5.000
  (Session info: chrome=136.0.7103.114)
Build info: version: '4.20.0', revision: '866c76ca80'
System info: os.name: 'Windows 10', os.arch: 'amd64', os.version: '10.0', java.version: '16.0.1'
Driver info: org.openqa.selenium.chrome.ChromeDriver
Command: [8ffab0d21a680db392ea8e27a02d21c3, clickElement {id=f.4C80BF5A32700D9717993DC90D1A68A0.d.575815073107692FC6E15A2A6E93253C.e.3275}]
Capabilities {acceptInsecureCerts: false, browserName: chrome, browserVersion: 136.0.7103.114, chrome: {chromedriverVersion: 136.0.7103.113 (76fa3c17824..., userDataDir: C:\Users\sonya\AppData\Loca...}, fedcm:accounts: true, goog:chromeOptions: {debuggerAddress: localhost:65285}, networkConnectionEnabled: false, pageLoadStrategy: normal, platformName: windows, proxy: Proxy(), se:cdp: ws://localhost:65285/devtoo..., se:cdpVersion: 136.0.7103.114, setWindowRect: true, strictFileInteractability: false, timeouts: {implicit: 0, pageLoad: 300000, script: 30000}, unhandledPromptBehavior: dismiss and notify, webauthn:extension:credBlob: true, webauthn:extension:largeBlob: true, webauthn:extension:minPinLength: true, webauthn:extension:prf: true, webauthn:virtualAuthenticators: true}
Element: [[ChromeDriver: chrome on windows (8ffab0d21a680db392ea8e27a02d21c3)] -> xpath: //div[@id='crosscol']/div/div/ul/li/a[text()='Udemy Courses']]
Session ID: 8ffab0d21a680db392ea8e27a02d21c3
27:05:2025 11:56:10 -  INFO ePay_CRM.Reusable_Utils.CommonLogger.log [Line:23] - ePay_CRM.Test_ActionMethods.Method_BlogSpot.verifyTabNavigation [Line:375] - On Tab :Udemy Courses - Get CurrentUrl :https://testautomationpractice.blogspot.com/
27:05:2025 11:56:15 -  INFO ePay_CRM.Reusable_Utils.CommonLogger.log [Line:23] - ePay_CRM.WrapMethods.WrapperMethods.clickOnButtonAndVerify [Line:297] - On Click :tab is Clicked & Verified.
27:05:2025 11:56:17 -  INFO ePay_CRM.Reusable_Utils.CommonLogger.log [Line:23] - ePay_CRM.Test_ActionMethods.Method_BlogSpot.verifyTabNavigation [Line:375] - On Tab :Online Trainings - Get CurrentUrl :https://testautomationpractice.blogspot.com/
27:05:2025 11:56:21 -  INFO ePay_CRM.Reusable_Utils.CommonLogger.log [Line:23] - ePay_CRM.WrapMethods.WrapperMethods.clickOnButtonAndVerify [Line:297] - On Click :tab is Clicked & Verified.
27:05:2025 11:56:23 -  INFO ePay_CRM.Reusable_Utils.CommonLogger.log [Line:23] - ePay_CRM.Test_ActionMethods.Method_BlogSpot.verifyTabNavigation [Line:375] - On Tab :Blog - Get CurrentUrl :https://testautomationpractice.blogspot.com/
27:05:2025 11:56:25 -  INFO ePay_CRM.Reusable_Utils.CommonLogger.log [Line:23] - ePay_CRM.WrapMethods.WrapperMethods.clickOnButtonAndVerify [Line:297] - On Click :tab is Clicked & Verified.
27:05:2025 11:56:26 -  INFO ePay_CRM.Reusable_Utils.CommonLogger.log [Line:23] - ePay_CRM.Test_ActionMethods.Method_BlogSpot.verifyTabNavigation [Line:375] - On Tab :PlaywrightPractice - Get CurrentUrl :https://testautomationpractice.blogspot.com/
27:05:2025 11:56:26 -  INFO ePay_CRM.Reusable_Utils.CommonLogger.log [Line:23] - ePay_CRM.Test_ActionMethods.Method_BlogSpot.verifyTabNavigation [Line:380] - The process of Navigating of Expected Tabs has been completed.
27:05:2025 11:56:26 -  INFO ePay_CRM.Reusable_Utils.CommonLogger.log [Line:23] - ePay_CRM.LandingPage.BasePageSetup.TearDown [Line:166] - Closing Browser: chrome
27:05:2025 11:56:27 -  INFO ePay_CRM.Reusable_Utils.CommonLogger.log [Line:23] - ePay_CRM.LandingPage.BasePageSetup.TearDown [Line:170] - -------Execution Completed---
27:05:2025 11:56:27 -  INFO ePay_CRM.Reusable_Utils.CommonLogger.log [Line:23] - ePay_CRM.LandingPage.BasePageSetup.BrowserIntilization [Line:143] - Browser Initilzation Started : chrome
27:05:2025 11:56:30 -  INFO ePay_CRM.Reusable_Utils.CommonLogger.log [Line:23] - ePay_CRM.LandingPage.BasePageSetup.LoadConfigFile [Line:102] - Browser Launched :- chrome
27:05:2025 11:56:30 -  INFO ePay_CRM.Reusable_Utils.CommonLogger.log [Line:23] - ePay_CRM.Reusable_Utils.CallListeners.onTestStart [Line:70] - -------Execution Started for Record : ------16
27:05:2025 11:56:34 -  INFO ePay_CRM.Reusable_Utils.CommonLogger.log [Line:23] - ePay_CRM.LandingPage.BasePageSetup.getUrl [Line:183] - https://testautomationpractice.blogspot.com/
27:05:2025 11:56:34 -  INFO ePay_CRM.Reusable_Utils.CommonLogger.log [Line:23] - ePay_CRM.Test_ActionMethods.Method_BlogSpot.verifyTabName [Line:331] - Initiated the process of Comparing the actual tabs with expected tab names list
27:05:2025 11:56:34 -  INFO ePay_CRM.Reusable_Utils.CommonLogger.log [Line:23] - ePay_CRM.Test_ActionMethods.Method_BlogSpot.verifyTabName [Line:344] - The process of Comparing Tab Names has been completed.
27:05:2025 11:56:34 -  INFO ePay_CRM.Reusable_Utils.CommonLogger.log [Line:23] - ePay_CRM.LandingPage.BasePageSetup.TearDown [Line:166] - Closing Browser: chrome
27:05:2025 11:56:35 -  INFO ePay_CRM.Reusable_Utils.CommonLogger.log [Line:23] - ePay_CRM.LandingPage.BasePageSetup.TearDown [Line:170] - -------Execution Completed---
27:05:2025 11:56:35 -  INFO ePay_CRM.Reusable_Utils.CommonLogger.log [Line:23] - ePay_CRM.LandingPage.BasePageSetup.BrowserIntilization [Line:143] - Browser Initilzation Started : chrome
27:05:2025 11:56:37 -  INFO ePay_CRM.Reusable_Utils.CommonLogger.log [Line:23] - ePay_CRM.LandingPage.BasePageSetup.LoadConfigFile [Line:102] - Browser Launched :- chrome
27:05:2025 11:56:37 -  INFO ePay_CRM.Reusable_Utils.CommonLogger.log [Line:23] - ePay_CRM.Reusable_Utils.CallListeners.onTestStart [Line:70] - -------Execution Started for Record : ------17
27:05:2025 11:56:42 -  INFO ePay_CRM.Reusable_Utils.CommonLogger.log [Line:23] - ePay_CRM.LandingPage.BasePageSetup.getUrl [Line:183] - https://testautomationpractice.blogspot.com/
27:05:2025 11:56:42 -  INFO ePay_CRM.Reusable_Utils.CommonLogger.log [Line:23] - ePay_CRM.Test_ActionMethods.Method_BlogSpot.switchTabCaptureScreenShot [Line:386] - Initiated the process of navigating tabs with expected tab names list.
27:05:2025 11:56:43 -  INFO ePay_CRM.Reusable_Utils.CommonLogger.log [Line:23] - ePay_CRM.Test_ActionMethods.Method_BlogSpot.switchTabCaptureScreenShot [Line:407] - On tab: Home | Current URL: https://testautomationpractice.blogspot.com/
27:05:2025 11:56:48 -  INFO ePay_CRM.Reusable_Utils.CommonLogger.log [Line:23] - ePay_CRM.WrapMethods.WrapperMethods.clickOnButtonAndVerify [Line:303] - RunTime Exception Occurred: [[ChromeDriver: chrome on windows (eba746bc1219c9ff7c0b3c26ffb8c6ad)] -> xpath: //div[@id='crosscol']/div/div/ul/li/a[text()='Udemy Courses']] - org.openqa.selenium.TimeoutException: timeout: Timed out receiving message from renderer: 5.000
  (Session info: chrome=136.0.7103.114)
Build info: version: '4.20.0', revision: '866c76ca80'
System info: os.name: 'Windows 10', os.arch: 'amd64', os.version: '10.0', java.version: '16.0.1'
Driver info: org.openqa.selenium.chrome.ChromeDriver
Command: [eba746bc1219c9ff7c0b3c26ffb8c6ad, clickElement {id=f.476103A3B9474AE9F3885AB65EC9A847.d.E3376D3ACD5EDC4F8BB65830678C8652.e.112}]
Capabilities {acceptInsecureCerts: false, browserName: chrome, browserVersion: 136.0.7103.114, chrome: {chromedriverVersion: 136.0.7103.113 (76fa3c17824..., userDataDir: C:\Users\sonya\AppData\Loca...}, fedcm:accounts: true, goog:chromeOptions: {debuggerAddress: localhost:65453}, networkConnectionEnabled: false, pageLoadStrategy: normal, platformName: windows, proxy: Proxy(), se:cdp: ws://localhost:65453/devtoo..., se:cdpVersion: 136.0.7103.114, setWindowRect: true, strictFileInteractability: false, timeouts: {implicit: 0, pageLoad: 300000, script: 30000}, unhandledPromptBehavior: dismiss and notify, webauthn:extension:credBlob: true, webauthn:extension:largeBlob: true, webauthn:extension:minPinLength: true, webauthn:extension:prf: true, webauthn:virtualAuthenticators: true}
Element: [[ChromeDriver: chrome on windows (eba746bc1219c9ff7c0b3c26ffb8c6ad)] -> xpath: //div[@id='crosscol']/div/div/ul/li/a[text()='Udemy Courses']]
Session ID: eba746bc1219c9ff7c0b3c26ffb8c6ad
27:05:2025 11:56:50 -  INFO ePay_CRM.Reusable_Utils.CommonLogger.log [Line:23] - ePay_CRM.Test_ActionMethods.Method_BlogSpot.switchTabCaptureScreenShot [Line:427] - On tab: Udemy Courses | Current URL: https://testautomationpractice.blogspot.com/
27:05:2025 11:56:54 -  INFO ePay_CRM.Reusable_Utils.CommonLogger.log [Line:23] - ePay_CRM.WrapMethods.WrapperMethods.clickOnButtonAndVerify [Line:297] - On Click :tab is Clicked & Verified.
27:05:2025 11:56:56 -  INFO ePay_CRM.Reusable_Utils.CommonLogger.log [Line:23] - ePay_CRM.Test_ActionMethods.Method_BlogSpot.switchTabCaptureScreenShot [Line:427] - On tab: Online Trainings | Current URL: https://testautomationpractice.blogspot.com/
27:05:2025 11:56:59 -  INFO ePay_CRM.Reusable_Utils.CommonLogger.log [Line:23] - ePay_CRM.WrapMethods.WrapperMethods.clickOnButtonAndVerify [Line:297] - On Click :tab is Clicked & Verified.
27:05:2025 11:57:00 -  INFO ePay_CRM.Reusable_Utils.CommonLogger.log [Line:23] - ePay_CRM.Test_ActionMethods.Method_BlogSpot.switchTabCaptureScreenShot [Line:427] - On tab: Blog | Current URL: https://testautomationpractice.blogspot.com/
27:05:2025 11:57:03 -  INFO ePay_CRM.Reusable_Utils.CommonLogger.log [Line:23] - ePay_CRM.WrapMethods.WrapperMethods.clickOnButtonAndVerify [Line:297] - On Click :tab is Clicked & Verified.
27:05:2025 11:57:04 -  INFO ePay_CRM.Reusable_Utils.CommonLogger.log [Line:23] - ePay_CRM.Test_ActionMethods.Method_BlogSpot.switchTabCaptureScreenShot [Line:427] - On tab: PlaywrightPractice | Current URL: https://testautomationpractice.blogspot.com/
27:05:2025 11:57:04 -  INFO ePay_CRM.Reusable_Utils.CommonLogger.log [Line:23] - ePay_CRM.Test_ActionMethods.Method_BlogSpot.switchTabCaptureScreenShot [Line:435] - Completed navigation of expected tabs.
27:05:2025 11:57:04 -  INFO ePay_CRM.Reusable_Utils.CommonLogger.log [Line:23] - ePay_CRM.LandingPage.BasePageSetup.TearDown [Line:166] - Closing Browser: chrome
27:05:2025 11:57:05 -  INFO ePay_CRM.Reusable_Utils.CommonLogger.log [Line:23] - ePay_CRM.LandingPage.BasePageSetup.TearDown [Line:170] - -------Execution Completed---
27:05:2025 11:57:05 -  INFO ePay_CRM.Reusable_Utils.CommonLogger.log [Line:23] - ePay_CRM.LandingPage.BasePageSetup.BrowserIntilization [Line:143] - Browser Initilzation Started : chrome
27:05:2025 11:57:07 -  INFO ePay_CRM.Reusable_Utils.CommonLogger.log [Line:23] - ePay_CRM.LandingPage.BasePageSetup.LoadConfigFile [Line:102] - Browser Launched :- chrome
27:05:2025 11:57:07 -  INFO ePay_CRM.Reusable_Utils.CommonLogger.log [Line:23] - ePay_CRM.Reusable_Utils.CallListeners.onTestStart [Line:70] - -------Execution Started for Record : ------18
27:05:2025 11:57:11 -  INFO ePay_CRM.Reusable_Utils.CommonLogger.log [Line:23] - ePay_CRM.LandingPage.BasePageSetup.getUrl [Line:183] - https://testautomationpractice.blogspot.com/
27:05:2025 11:57:11 -  INFO ePay_CRM.Reusable_Utils.CommonLogger.log [Line:23] - ePay_CRM.Test_ActionMethods.Method_BlogSpot.scrollToTopAndCapture [Line:625] - Started scrollToTopAndCapture process
27:05:2025 11:57:12 -  INFO ePay_CRM.Reusable_Utils.CommonLogger.log [Line:23] - ePay_CRM.Test_ActionMethods.Method_BlogSpot.scrollToTopAndCapture [Line:628] - Completed scrollToTopAndCapture process
27:05:2025 11:57:12 -  INFO ePay_CRM.Reusable_Utils.CommonLogger.log [Line:23] - ePay_CRM.LandingPage.BasePageSetup.TearDown [Line:166] - Closing Browser: chrome
27:05:2025 11:57:12 -  INFO ePay_CRM.Reusable_Utils.CommonLogger.log [Line:23] - ePay_CRM.LandingPage.BasePageSetup.TearDown [Line:170] - -------Execution Completed---
27:05:2025 11:57:12 -  INFO ePay_CRM.Reusable_Utils.CommonLogger.log [Line:23] - ePay_CRM.LandingPage.BasePageSetup.BrowserIntilization [Line:143] - Browser Initilzation Started : chrome
27:05:2025 11:57:14 -  INFO ePay_CRM.Reusable_Utils.CommonLogger.log [Line:23] - ePay_CRM.LandingPage.BasePageSetup.LoadConfigFile [Line:102] - Browser Launched :- chrome
27:05:2025 11:57:14 -  INFO ePay_CRM.Reusable_Utils.CommonLogger.log [Line:23] - ePay_CRM.Reusable_Utils.CallListeners.onTestStart [Line:70] - -------Execution Started for Record : ------19
27:05:2025 11:57:18 -  INFO ePay_CRM.Reusable_Utils.CommonLogger.log [Line:23] - ePay_CRM.LandingPage.BasePageSetup.getUrl [Line:183] - https://testautomationpractice.blogspot.com/
27:05:2025 11:57:18 -  INFO ePay_CRM.Reusable_Utils.CommonLogger.log [Line:23] - ePay_CRM.Test_ActionMethods.Method_BlogSpot.scrollToBottomAndCapture [Line:633] - Started scrollToBottomAndCapture process
27:05:2025 11:57:19 -  INFO ePay_CRM.Reusable_Utils.CommonLogger.log [Line:23] - ePay_CRM.Test_ActionMethods.Method_BlogSpot.scrollToBottomAndCapture [Line:636] - Completed scrollToBottomAndCapture process
27:05:2025 11:57:19 -  INFO ePay_CRM.Reusable_Utils.CommonLogger.log [Line:23] - ePay_CRM.LandingPage.BasePageSetup.TearDown [Line:166] - Closing Browser: chrome
27:05:2025 11:57:19 -  INFO ePay_CRM.Reusable_Utils.CommonLogger.log [Line:23] - ePay_CRM.LandingPage.BasePageSetup.TearDown [Line:170] - -------Execution Completed---
27:05:2025 11:57:19 -  INFO ePay_CRM.Reusable_Utils.CommonLogger.log [Line:23] - ePay_CRM.LandingPage.BasePageSetup.BrowserIntilization [Line:143] - Browser Initilzation Started : chrome
27:05:2025 11:57:22 -  INFO ePay_CRM.Reusable_Utils.CommonLogger.log [Line:23] - ePay_CRM.LandingPage.BasePageSetup.LoadConfigFile [Line:102] - Browser Launched :- chrome
27:05:2025 11:57:22 -  INFO ePay_CRM.Reusable_Utils.CommonLogger.log [Line:23] - ePay_CRM.Reusable_Utils.CallListeners.onTestStart [Line:70] - -------Execution Started for Record : ------20
27:05:2025 11:57:26 -  INFO ePay_CRM.Reusable_Utils.CommonLogger.log [Line:23] - ePay_CRM.LandingPage.BasePageSetup.getUrl [Line:183] - https://testautomationpractice.blogspot.com/
27:05:2025 11:57:26 -  INFO ePay_CRM.Reusable_Utils.CommonLogger.log [Line:23] - ePay_CRM.Test_ActionMethods.Method_BlogSpot.scrollToElementAndCapture [Line:641] - Started scrollToElementAndCapture process
27:05:2025 11:57:26 -  INFO ePay_CRM.Reusable_Utils.CommonLogger.log [Line:23] - ePay_CRM.Test_ActionMethods.Method_BlogSpot.scrollToElementAndCapture [Line:644] - Completed scrollToElementAndCapture process
27:05:2025 11:57:26 -  INFO ePay_CRM.Reusable_Utils.CommonLogger.log [Line:23] - ePay_CRM.LandingPage.BasePageSetup.TearDown [Line:166] - Closing Browser: chrome
27:05:2025 11:57:26 -  INFO ePay_CRM.Reusable_Utils.CommonLogger.log [Line:23] - ePay_CRM.LandingPage.BasePageSetup.TearDown [Line:170] - -------Execution Completed---
27:05:2025 11:57:26 -  INFO ePay_CRM.Reusable_Utils.CommonLogger.log [Line:23] - ePay_CRM.LandingPage.BasePageSetup.BrowserIntilization [Line:143] - Browser Initilzation Started : chrome
27:05:2025 11:57:29 -  INFO ePay_CRM.Reusable_Utils.CommonLogger.log [Line:23] - ePay_CRM.LandingPage.BasePageSetup.LoadConfigFile [Line:102] - Browser Launched :- chrome
27:05:2025 11:57:29 -  INFO ePay_CRM.Reusable_Utils.CommonLogger.log [Line:23] - ePay_CRM.Reusable_Utils.CallListeners.onTestStart [Line:70] - -------Execution Started for Record : ------21
27:05:2025 11:57:33 -  INFO ePay_CRM.Reusable_Utils.CommonLogger.log [Line:23] - ePay_CRM.LandingPage.BasePageSetup.getUrl [Line:183] - https://testautomationpractice.blogspot.com/
27:05:2025 11:57:33 -  INFO ePay_CRM.Reusable_Utils.CommonLogger.log [Line:23] - ePay_CRM.Test_ActionMethods.Method_BlogSpot.captureFullScreen [Line:649] - Started captureFullScreen process
27:05:2025 11:57:51 -  INFO ePay_CRM.Reusable_Utils.CommonLogger.log [Line:23] - ePay_CRM.Test_ActionMethods.Method_BlogSpot.captureFullScreen [Line:651] - Completed captureFullScreen process
27:05:2025 11:57:51 -  INFO ePay_CRM.Reusable_Utils.CommonLogger.log [Line:23] - ePay_CRM.LandingPage.BasePageSetup.TearDown [Line:166] - Closing Browser: chrome
27:05:2025 11:57:52 -  INFO ePay_CRM.Reusable_Utils.CommonLogger.log [Line:23] - ePay_CRM.LandingPage.BasePageSetup.TearDown [Line:170] - -------Execution Completed---
27:05:2025 11:57:52 -  INFO ePay_CRM.Reusable_Utils.CommonLogger.log [Line:23] - ePay_CRM.LandingPage.BasePageSetup.BrowserIntilization [Line:143] - Browser Initilzation Started : chrome
27:05:2025 11:57:55 -  INFO ePay_CRM.Reusable_Utils.CommonLogger.log [Line:23] - ePay_CRM.LandingPage.BasePageSetup.LoadConfigFile [Line:102] - Browser Launched :- chrome
27:05:2025 11:57:55 -  INFO ePay_CRM.Reusable_Utils.CommonLogger.log [Line:23] - ePay_CRM.Reusable_Utils.CallListeners.onTestStart [Line:70] - -------Execution Started for Record : ------22
27:05:2025 11:57:59 -  INFO ePay_CRM.Reusable_Utils.CommonLogger.log [Line:23] - ePay_CRM.LandingPage.BasePageSetup.getUrl [Line:183] - https://testautomationpractice.blogspot.com/
27:05:2025 11:57:59 -  INFO ePay_CRM.Reusable_Utils.CommonLogger.log [Line:23] - ePay_CRM.Test_ActionMethods.Method_BlogSpot.verify_PersonalDetailsLabelNames [Line:656] - Started SoftAssertion Validation process
27:05:2025 11:58:17 -  INFO ePay_CRM.Reusable_Utils.CommonLogger.log [Line:23] - ePay_CRM.Test_ActionMethods.Method_BlogSpot.verify_PersonalDetailsLabelNames [Line:666] - Completed SoftAssertion Validation process
27:05:2025 11:58:17 -  INFO ePay_CRM.Reusable_Utils.CommonLogger.log [Line:23] - ePay_CRM.LandingPage.BasePageSetup.TearDown [Line:166] - Closing Browser: chrome
27:05:2025 11:58:18 -  INFO ePay_CRM.Reusable_Utils.CommonLogger.log [Line:23] - ePay_CRM.LandingPage.BasePageSetup.TearDown [Line:170] - -------Execution Completed---
27:05:2025 11:58:18 -  INFO ePay_CRM.Reusable_Utils.CommonLogger.log [Line:23] - ePay_CRM.LandingPage.BasePageSetup.BrowserIntilization [Line:143] - Browser Initilzation Started : chrome
27:05:2025 11:58:21 -  INFO ePay_CRM.Reusable_Utils.CommonLogger.log [Line:23] - ePay_CRM.LandingPage.BasePageSetup.LoadConfigFile [Line:102] - Browser Launched :- chrome
27:05:2025 11:58:21 -  INFO ePay_CRM.Reusable_Utils.CommonLogger.log [Line:23] - ePay_CRM.Reusable_Utils.CallListeners.onTestStart [Line:70] - -------Execution Started for Record : ------23
27:05:2025 11:58:26 -  INFO ePay_CRM.Reusable_Utils.CommonLogger.log [Line:23] - ePay_CRM.LandingPage.BasePageSetup.getUrl [Line:183] - https://testautomationpractice.blogspot.com/
27:05:2025 11:58:26 -  INFO ePay_CRM.Reusable_Utils.CommonLogger.log [Line:23] - ePay_CRM.Test_ActionMethods.Method_BlogSpot.selectMatchedProduct [Line:674] - Product Verification process started
27:05:2025 11:58:32 -  INFO ePay_CRM.Reusable_Utils.CommonLogger.log [Line:23] - ePay_CRM.Test_ActionMethods.Method_BlogSpot.selectMatchedProduct [Line:701] - Product Verification process completed
27:05:2025 11:58:32 -  INFO ePay_CRM.Reusable_Utils.CommonLogger.log [Line:23] - ePay_CRM.LandingPage.BasePageSetup.TearDown [Line:166] - Closing Browser: chrome
27:05:2025 11:58:32 -  INFO ePay_CRM.Reusable_Utils.CommonLogger.log [Line:23] - ePay_CRM.LandingPage.BasePageSetup.TearDown [Line:170] - -------Execution Completed---
27:05:2025 11:58:32 -  INFO ePay_CRM.Reusable_Utils.CommonLogger.log [Line:23] - ePay_CRM.LandingPage.BasePageSetup.BrowserIntilization [Line:143] - Browser Initilzation Started : chrome
27:05:2025 11:58:35 -  INFO ePay_CRM.Reusable_Utils.CommonLogger.log [Line:23] - ePay_CRM.LandingPage.BasePageSetup.LoadConfigFile [Line:102] - Browser Launched :- chrome
27:05:2025 11:58:35 -  INFO ePay_CRM.Reusable_Utils.CommonLogger.log [Line:23] - ePay_CRM.Reusable_Utils.CallListeners.onTestStart [Line:70] - -------Execution Started for Record : ------24
27:05:2025 11:58:39 -  INFO ePay_CRM.Reusable_Utils.CommonLogger.log [Line:23] - ePay_CRM.LandingPage.BasePageSetup.getUrl [Line:183] - https://testautomationpractice.blogspot.com/
27:05:2025 11:58:39 -  INFO ePay_CRM.Reusable_Utils.CommonLogger.log [Line:23] - ePay_CRM.Test_ActionMethods.Method_BlogSpot.verifyBrokenLinks [Line:705] - Starting verification of broken links
27:05:2025 11:58:40 -  INFO ePay_CRM.Reusable_Utils.CommonLogger.log [Line:23] - ePay_CRM.WrapMethods.WrapperMethods.checkBrokenLinks [Line:432] - Broken Link: http://www.deadlinkcity.com/error-page.asp?e=400 | Status Code: 400
27:05:2025 11:58:41 -  INFO ePay_CRM.Reusable_Utils.CommonLogger.log [Line:23] - ePay_CRM.WrapMethods.WrapperMethods.checkBrokenLinks [Line:432] - Broken Link: http://www.deadlinkcity.com/error-page.asp?e=401 | Status Code: 401
27:05:2025 11:58:42 -  INFO ePay_CRM.Reusable_Utils.CommonLogger.log [Line:23] - ePay_CRM.WrapMethods.WrapperMethods.checkBrokenLinks [Line:432] - Broken Link: http://www.deadlinkcity.com/error-page.asp?e=403 | Status Code: 403
27:05:2025 11:58:43 -  INFO ePay_CRM.Reusable_Utils.CommonLogger.log [Line:23] - ePay_CRM.WrapMethods.WrapperMethods.checkBrokenLinks [Line:432] - Broken Link: http://www.deadlinkcity.com/error-page.asp?e=404 | Status Code: 404
27:05:2025 11:58:44 -  INFO ePay_CRM.Reusable_Utils.CommonLogger.log [Line:23] - ePay_CRM.WrapMethods.WrapperMethods.checkBrokenLinks [Line:432] - Broken Link: http://www.deadlinkcity.com/error-page.asp?e=408 | Status Code: 408
27:05:2025 11:58:45 -  INFO ePay_CRM.Reusable_Utils.CommonLogger.log [Line:23] - ePay_CRM.WrapMethods.WrapperMethods.checkBrokenLinks [Line:432] - Broken Link: http://www.deadlinkcity.com/error-page.asp?e=500 | Status Code: 500
27:05:2025 11:58:45 -  INFO ePay_CRM.Reusable_Utils.CommonLogger.log [Line:23] - ePay_CRM.WrapMethods.WrapperMethods.checkBrokenLinks [Line:432] - Broken Link: http://www.deadlinkcity.com/error-page.asp?e=502 | Status Code: 502
27:05:2025 11:58:46 -  INFO ePay_CRM.Reusable_Utils.CommonLogger.log [Line:23] - ePay_CRM.WrapMethods.WrapperMethods.checkBrokenLinks [Line:432] - Broken Link: http://www.deadlinkcity.com/error-page.asp?e=503 | Status Code: 503
27:05:2025 11:58:46 -  INFO ePay_CRM.Reusable_Utils.CommonLogger.log [Line:23] - ePay_CRM.Test_ActionMethods.Method_BlogSpot.verifyBrokenLinks [Line:712] - Found 8 broken links to verify.
27:05:2025 11:58:47 -  INFO ePay_CRM.Reusable_Utils.CommonLogger.log [Line:23] - ePay_CRM.WrapMethods.WrapperMethods.clickOnButtonAndVerify [Line:297] - On Click :Broken Link :Errorcode 400 is Clicked & Verified.
27:05:2025 11:58:49 -  INFO ePay_CRM.Reusable_Utils.CommonLogger.log [Line:23] - ePay_CRM.WrapMethods.WrapperMethods.clickOnButtonAndVerify [Line:297] - On Click :Broken Link :Errorcode 401 is Clicked & Verified.
27:05:2025 11:58:51 -  INFO ePay_CRM.Reusable_Utils.CommonLogger.log [Line:23] - ePay_CRM.WrapMethods.WrapperMethods.clickOnButtonAndVerify [Line:297] - On Click :Broken Link :Errorcode 403 is Clicked & Verified.
27:05:2025 11:58:52 -  INFO ePay_CRM.Reusable_Utils.CommonLogger.log [Line:23] - ePay_CRM.WrapMethods.WrapperMethods.clickOnButtonAndVerify [Line:297] - On Click :Broken Link :Errorcode 404 is Clicked & Verified.
27:05:2025 11:58:55 -  INFO ePay_CRM.Reusable_Utils.CommonLogger.log [Line:23] - ePay_CRM.WrapMethods.WrapperMethods.clickOnButtonAndVerify [Line:297] - On Click :Broken Link :Errorcode 408 is Clicked & Verified.
27:05:2025 11:58:57 -  INFO ePay_CRM.Reusable_Utils.CommonLogger.log [Line:23] - ePay_CRM.WrapMethods.WrapperMethods.clickOnButtonAndVerify [Line:297] - On Click :Broken Link :Errorcode 500 is Clicked & Verified.
27:05:2025 11:58:58 -  INFO ePay_CRM.Reusable_Utils.CommonLogger.log [Line:23] - ePay_CRM.WrapMethods.WrapperMethods.clickOnButtonAndVerify [Line:297] - On Click :Broken Link :Errorcode 502 is Clicked & Verified.
27:05:2025 11:59:02 -  INFO ePay_CRM.Reusable_Utils.CommonLogger.log [Line:23] - ePay_CRM.WrapMethods.WrapperMethods.clickOnButtonAndVerify [Line:297] - On Click :Broken Link :Errorcode 503 is Clicked & Verified.
27:05:2025 11:59:02 -  INFO ePay_CRM.Reusable_Utils.CommonLogger.log [Line:23] - ePay_CRM.Test_ActionMethods.Method_BlogSpot.verifyBrokenLinks [Line:730] - ? Completed verification of all broken links.
27:05:2025 11:59:02 -  INFO ePay_CRM.Reusable_Utils.CommonLogger.log [Line:23] - ePay_CRM.LandingPage.BasePageSetup.TearDown [Line:166] - Closing Browser: chrome
27:05:2025 11:59:03 -  INFO ePay_CRM.Reusable_Utils.CommonLogger.log [Line:23] - ePay_CRM.LandingPage.BasePageSetup.TearDown [Line:170] - -------Execution Completed---
27:05:2025 11:59:03 -  INFO ePay_CRM.Reusable_Utils.CommonLogger.log [Line:23] - ePay_CRM.LandingPage.BasePageSetup.BrowserIntilization [Line:143] - Browser Initilzation Started : chrome
27:05:2025 11:59:05 -  INFO ePay_CRM.Reusable_Utils.CommonLogger.log [Line:23] - ePay_CRM.LandingPage.BasePageSetup.LoadConfigFile [Line:102] - Browser Launched :- chrome
27:05:2025 11:59:05 -  INFO ePay_CRM.Reusable_Utils.CommonLogger.log [Line:23] - ePay_CRM.Reusable_Utils.CallListeners.onTestStart [Line:70] - -------Execution Started for Record : ------25
27:05:2025 11:59:10 -  INFO ePay_CRM.Reusable_Utils.CommonLogger.log [Line:23] - ePay_CRM.LandingPage.BasePageSetup.getUrl [Line:183] - https://testautomationpractice.blogspot.com/
27:05:2025 11:59:10 -  INFO ePay_CRM.Reusable_Utils.CommonLogger.log [Line:23] - ePay_CRM.Test_ActionMethods.Method_BlogSpot.verifyFooterLinks [Line:736] - Starting verification of Footer links
27:05:2025 11:59:10 -  INFO ePay_CRM.Reusable_Utils.CommonLogger.log [Line:23] - ePay_CRM.WrapMethods.WrapperMethods.checkBrokenLinks [Line:437] - Valid Link: http://testautomationpractice.blogspot.com/ | Status Code: 301
27:05:2025 11:59:11 -  INFO ePay_CRM.Reusable_Utils.CommonLogger.log [Line:23] - ePay_CRM.WrapMethods.WrapperMethods.checkBrokenLinks [Line:437] - Valid Link: https://testautomationpractice.blogspot.com/p/gui-elements-ajax-hidden.html | Status Code: 200
27:05:2025 11:59:12 -  INFO ePay_CRM.Reusable_Utils.CommonLogger.log [Line:23] - ePay_CRM.WrapMethods.WrapperMethods.checkBrokenLinks [Line:437] - Valid Link: https://testautomationpractice.blogspot.com/p/download-files_25.html | Status Code: 200
27:05:2025 11:59:12 -  INFO ePay_CRM.Reusable_Utils.CommonLogger.log [Line:23] - ePay_CRM.Test_ActionMethods.Method_BlogSpot.verifyFooterLinks [Line:743] - Found 0 broken links to verify.
27:05:2025 11:59:16 -  INFO ePay_CRM.Reusable_Utils.CommonLogger.log [Line:23] - ePay_CRM.WrapMethods.WrapperMethods.clickOnButtonAndVerify [Line:297] - On Click :Valid Link :Home is Clicked & Verified.
27:05:2025 11:59:22 -  INFO ePay_CRM.Reusable_Utils.CommonLogger.log [Line:23] - ePay_CRM.WrapMethods.WrapperMethods.clickOnButtonAndVerify [Line:297] - On Click :Valid Link :Hidden Elements & AJAX is Clicked & Verified.
27:05:2025 11:59:25 -  INFO ePay_CRM.Reusable_Utils.CommonLogger.log [Line:23] - ePay_CRM.WrapMethods.WrapperMethods.clickOnButtonAndVerify [Line:297] - On Click :Valid Link :Download Files is Clicked & Verified.
27:05:2025 11:59:26 -  INFO ePay_CRM.Reusable_Utils.CommonLogger.log [Line:23] - ePay_CRM.Test_ActionMethods.Method_BlogSpot.verifyFooterLinks [Line:781] - Completed verification of all Broken/Valid links.
27:05:2025 11:59:26 -  INFO ePay_CRM.Reusable_Utils.CommonLogger.log [Line:23] - ePay_CRM.LandingPage.BasePageSetup.TearDown [Line:166] - Closing Browser: chrome
27:05:2025 11:59:26 -  INFO ePay_CRM.Reusable_Utils.CommonLogger.log [Line:23] - ePay_CRM.LandingPage.BasePageSetup.TearDown [Line:170] - -------Execution Completed---
27:05:2025 11:59:26 -  INFO ePay_CRM.Reusable_Utils.CommonLogger.log [Line:23] - ePay_CRM.LandingPage.BasePageSetup.BrowserIntilization [Line:143] - Browser Initilzation Started : chrome
27:05:2025 11:59:29 -  INFO ePay_CRM.Reusable_Utils.CommonLogger.log [Line:23] - ePay_CRM.LandingPage.BasePageSetup.LoadConfigFile [Line:102] - Browser Launched :- chrome
27:05:2025 11:59:29 -  INFO ePay_CRM.Reusable_Utils.CommonLogger.log [Line:23] - ePay_CRM.Reusable_Utils.CallListeners.onTestStart [Line:70] - -------Execution Started for Record : ------26
27:05:2025 11:59:34 -  INFO ePay_CRM.Reusable_Utils.CommonLogger.log [Line:23] - ePay_CRM.LandingPage.BasePageSetup.getUrl [Line:183] - https://testautomationpractice.blogspot.com/
27:05:2025 11:59:34 -  INFO ePay_CRM.Reusable_Utils.CommonLogger.log [Line:23] - ePay_CRM.Test_ActionMethods.Method_BlogSpot.identifyDuplicateItems [Line:786] - Initiated the process of Idenitfying Duplicate Values
27:05:2025 11:59:40 -  INFO ePay_CRM.Reusable_Utils.CommonLogger.log [Line:23] - ePay_CRM.Test_ActionMethods.Method_BlogSpot.identifyDuplicateItems [Line:828] - 
 List of Duplicate values : [Red, Green]
27:05:2025 11:59:40 -  INFO ePay_CRM.Reusable_Utils.CommonLogger.log [Line:23] - ePay_CRM.Test_ActionMethods.Method_BlogSpot.identifyDuplicateItems [Line:829] - 
 List of unique values : [Blue, Yellow, White]
27:05:2025 11:59:40 -  INFO ePay_CRM.Reusable_Utils.CommonLogger.log [Line:23] - ePay_CRM.Test_ActionMethods.Method_BlogSpot.identifyDuplicateItems [Line:830] - Completed the process of Idenitfying Duplicate Values
27:05:2025 11:59:40 -  INFO ePay_CRM.Reusable_Utils.CommonLogger.log [Line:23] - ePay_CRM.LandingPage.BasePageSetup.TearDown [Line:166] - Closing Browser: chrome
27:05:2025 11:59:41 -  INFO ePay_CRM.Reusable_Utils.CommonLogger.log [Line:23] - ePay_CRM.LandingPage.BasePageSetup.TearDown [Line:170] - -------Execution Completed---
27:05:2025 11:59:41 -  INFO ePay_CRM.Reusable_Utils.CommonLogger.log [Line:23] - ePay_CRM.Reusable_Utils.CallListeners.onFinish [Line:136] - Report got flushed
27:05:2025 11:59:42 -  INFO ePay_CRM.Reusable_Utils.CommonLogger.log [Line:23] - ePay_CRM.LandingPage.BasePageSetup.BrowserIntilization [Line:143] - Browser Initilzation Started : chrome
27:05:2025 11:59:44 -  INFO ePay_CRM.Reusable_Utils.CommonLogger.log [Line:23] - ePay_CRM.LandingPage.BasePageSetup.LoadConfigFile [Line:102] - Browser Launched :- chrome
27:05:2025 11:59:44 -  INFO ePay_CRM.Reusable_Utils.CommonLogger.log [Line:23] - ePay_CRM.Reusable_Utils.CallListeners.onTestStart [Line:70] - -------Execution Started for Record : ------1
27:05:2025 11:59:49 -  INFO ePay_CRM.Reusable_Utils.CommonLogger.log [Line:23] - ePay_CRM.LandingPage.BasePageSetup.getUrl [Line:183] - https://testautomationpractice.blogspot.com/
27:05:2025 11:59:55 -  INFO ePay_CRM.Reusable_Utils.CommonLogger.log [Line:23] - ePay_CRM.LandingPage.BasePageSetup.TearDown [Line:166] - Closing Browser: chrome
27:05:2025 11:59:55 -  INFO ePay_CRM.Reusable_Utils.CommonLogger.log [Line:23] - ePay_CRM.LandingPage.BasePageSetup.TearDown [Line:170] - -------Execution Completed---
27:05:2025 11:59:56 -  INFO ePay_CRM.Reusable_Utils.CommonLogger.log [Line:23] - ePay_CRM.Reusable_Utils.CallListeners.onFinish [Line:136] - Report got flushed
27:05:2025 11:59:56 -  INFO ePay_CRM.Reusable_Utils.CommonLogger.log [Line:23] - ePay_CRM.LandingPage.BasePageSetup.BrowserIntilization [Line:143] - Browser Initilzation Started : chrome
27:05:2025 11:59:59 -  INFO ePay_CRM.Reusable_Utils.CommonLogger.log [Line:23] - ePay_CRM.LandingPage.BasePageSetup.LoadConfigFile [Line:102] - Browser Launched :- chrome
27:05:2025 11:59:59 -  INFO ePay_CRM.Reusable_Utils.CommonLogger.log [Line:23] - ePay_CRM.Reusable_Utils.CallListeners.onTestStart [Line:70] - -------Execution Started for Record : ------1
27:05:2025 12:00:07 -  INFO ePay_CRM.Reusable_Utils.CommonLogger.log [Line:23] - ePay_CRM.LandingPage.BasePageSetup.getUrl [Line:183] - https://www.aldoshoes.in/
27:05:2025 12:00:07 -  INFO ePay_CRM.Reusable_Utils.CommonLogger.log [Line:23] - ePay_CRM.LandingPage.BasePageSetup.TearDown [Line:166] - Closing Browser: chrome
27:05:2025 12:00:08 -  INFO ePay_CRM.Reusable_Utils.CommonLogger.log [Line:23] - ePay_CRM.LandingPage.BasePageSetup.TearDown [Line:170] - -------Execution Completed---
27:05:2025 12:00:08 -  INFO ePay_CRM.Reusable_Utils.CommonLogger.log [Line:23] - ePay_CRM.Reusable_Utils.CallListeners.onFinish [Line:136] - Report got flushed
