24:05:2025 10:08:59 -  INFO ePay_CRM.Reusable_Utils.CommonLogger.log [Line:23] - ePay_CRM.LandingPage.BasePageSetup.BrowserIntilization [Line:151] - Browser Initilzation Started : chrome
24:05:2025 10:09:04 -  INFO ePay_CRM.Reusable_Utils.CommonLogger.log [Line:23] - ePay_CRM.LandingPage.BasePageSetup.LoadConfigFile [Line:102] - Browser Launched :- chrome
24:05:2025 10:09:04 -  INFO ePay_CRM.Reusable_Utils.CommonLogger.log [Line:23] - ePay_CRM.Reusable_Utils.CallListeners.onTestStart [Line:70] - -------Execution Started for Record : ------1
24:05:2025 10:09:11 -  INFO ePay_CRM.Reusable_Utils.CommonLogger.log [Line:23] - ePay_CRM.LandingPage.BasePageSetup.getUrl [Line:190] - https://testautomationpractice.blogspot.com/
24:05:2025 10:09:11 -  INFO ePay_CRM.Reusable_Utils.CommonLogger.log [Line:23] - ePay_CRM.LandingPage.BasePageSetup.TearDown [Line:174] - Closing Browser: chrome
24:05:2025 10:09:12 -  INFO ePay_CRM.Reusable_Utils.CommonLogger.log [Line:23] - ePay_CRM.LandingPage.BasePageSetup.TearDown [Line:178] - -------Execution Completed---
24:05:2025 10:09:12 -  INFO ePay_CRM.Reusable_Utils.CommonLogger.log [Line:23] - ePay_CRM.LandingPage.BasePageSetup.BrowserIntilization [Line:151] - Browser Initilzation Started : chrome
24:05:2025 10:09:15 -  INFO ePay_CRM.Reusable_Utils.CommonLogger.log [Line:23] - ePay_CRM.LandingPage.BasePageSetup.LoadConfigFile [Line:102] - Browser Launched :- chrome
24:05:2025 10:09:15 -  INFO ePay_CRM.Reusable_Utils.CommonLogger.log [Line:23] - ePay_CRM.Reusable_Utils.CallListeners.onTestStart [Line:70] - -------Execution Started for Record : ------2
24:05:2025 10:09:21 -  INFO ePay_CRM.Reusable_Utils.CommonLogger.log [Line:23] - ePay_CRM.LandingPage.BasePageSetup.getUrl [Line:190] - https://testautomationpractice.blogspot.com/
24:05:2025 10:09:21 -  INFO ePay_CRM.Reusable_Utils.CommonLogger.log [Line:23] - ePay_CRM.Test_ActionMethods.Method_BlogSpot.addPersonalDetails [Line:39] - Initiated the process of filling in details on Section-PersonalDetails-GUI Elements
24:05:2025 10:09:22 -  INFO ePay_CRM.Reusable_Utils.CommonLogger.log [Line:23] - ePay_CRM.WrapMethods.WrapperMethods.enterAndVerify [Line:46] - Field: Name is entered & verified.
24:05:2025 10:09:23 -  INFO ePay_CRM.Reusable_Utils.CommonLogger.log [Line:23] - ePay_CRM.WrapMethods.WrapperMethods.enterAndVerify [Line:46] - Field: Email is entered & verified.
24:05:2025 10:09:24 -  INFO ePay_CRM.Reusable_Utils.CommonLogger.log [Line:23] - ePay_CRM.WrapMethods.WrapperMethods.enterAndVerify [Line:46] - Field: Phone is entered & verified.
24:05:2025 10:09:25 -  INFO ePay_CRM.Reusable_Utils.CommonLogger.log [Line:23] - ePay_CRM.WrapMethods.WrapperMethods.enterAndVerify [Line:46] - Field: Address is entered & verified.
24:05:2025 10:09:26 -  INFO ePay_CRM.Reusable_Utils.CommonLogger.log [Line:23] - ePay_CRM.WrapMethods.WrapperMethods.selectRadioButton [Line:202] - For Radio: Gender : Values: male is selected & Verified.
24:05:2025 10:09:26 -  INFO ePay_CRM.Reusable_Utils.CommonLogger.log [Line:23] - ePay_CRM.WrapMethods.WrapperMethods.selectCheckBoxes [Line:229] - Checkbox selected: Sunday
24:05:2025 10:09:27 -  INFO ePay_CRM.Reusable_Utils.CommonLogger.log [Line:23] - ePay_CRM.WrapMethods.WrapperMethods.selectCheckBoxes [Line:229] - Checkbox selected: Monday
24:05:2025 10:09:28 -  INFO ePay_CRM.Reusable_Utils.CommonLogger.log [Line:23] - ePay_CRM.WrapMethods.WrapperMethods.selectCheckBoxes [Line:229] - Checkbox selected: Tuesday
24:05:2025 10:09:28 -  INFO ePay_CRM.Reusable_Utils.CommonLogger.log [Line:23] - ePay_CRM.WrapMethods.WrapperMethods.selectCheckBoxes [Line:229] - Checkbox selected: Wednesday
24:05:2025 10:09:29 -  INFO ePay_CRM.Reusable_Utils.CommonLogger.log [Line:23] - ePay_CRM.WrapMethods.WrapperMethods.selectCheckBoxes [Line:229] - Checkbox selected: Thursday
24:05:2025 10:09:31 -  INFO ePay_CRM.Reusable_Utils.CommonLogger.log [Line:23] - ePay_CRM.WrapMethods.WrapperMethods.selectCheckBoxes [Line:229] - Checkbox selected: Friday
24:05:2025 10:09:32 -  INFO ePay_CRM.Reusable_Utils.CommonLogger.log [Line:23] - ePay_CRM.WrapMethods.WrapperMethods.selectCheckBoxes [Line:229] - Checkbox selected: Saturday
24:05:2025 10:09:32 -  INFO ePay_CRM.Reusable_Utils.CommonLogger.log [Line:23] - ePay_CRM.WrapMethods.WrapperMethods.enterAndVerify [Line:46] - Field: Date 1 is entered & verified.
24:05:2025 10:09:35 -  INFO ePay_CRM.Reusable_Utils.CommonLogger.log [Line:23] - ePay_CRM.Test_ActionMethods.Method_BlogSpot.selectDate [Line:128] - Date selected successfully: 22/06/2023
24:05:2025 10:09:36 -  INFO ePay_CRM.Reusable_Utils.CommonLogger.log [Line:23] - ePay_CRM.WrapMethods.WrapperMethods.enterAndVerify [Line:46] - Field: StartDate is entered & verified.
24:05:2025 10:09:36 -  INFO ePay_CRM.Reusable_Utils.CommonLogger.log [Line:23] - ePay_CRM.WrapMethods.WrapperMethods.enterAndVerify [Line:46] - Field: EndDate is entered & verified.
24:05:2025 10:09:36 -  INFO ePay_CRM.Reusable_Utils.CommonLogger.log [Line:23] - ePay_CRM.Test_ActionMethods.Method_BlogSpot.addPersonalDetails [Line:61] - The process of adding Personal details has been completed.
24:05:2025 10:09:36 -  INFO ePay_CRM.Reusable_Utils.CommonLogger.log [Line:23] - ePay_CRM.LandingPage.BasePageSetup.TearDown [Line:174] - Closing Browser: chrome
24:05:2025 10:09:37 -  INFO ePay_CRM.Reusable_Utils.CommonLogger.log [Line:23] - ePay_CRM.LandingPage.BasePageSetup.TearDown [Line:178] - -------Execution Completed---
24:05:2025 10:09:37 -  INFO ePay_CRM.Reusable_Utils.CommonLogger.log [Line:23] - ePay_CRM.LandingPage.BasePageSetup.BrowserIntilization [Line:151] - Browser Initilzation Started : chrome
24:05:2025 10:09:40 -  INFO ePay_CRM.Reusable_Utils.CommonLogger.log [Line:23] - ePay_CRM.LandingPage.BasePageSetup.LoadConfigFile [Line:102] - Browser Launched :- chrome
24:05:2025 10:09:40 -  INFO ePay_CRM.Reusable_Utils.CommonLogger.log [Line:23] - ePay_CRM.Reusable_Utils.CallListeners.onTestStart [Line:70] - -------Execution Started for Record : ------3
24:05:2025 10:09:47 -  INFO ePay_CRM.Reusable_Utils.CommonLogger.log [Line:23] - ePay_CRM.LandingPage.BasePageSetup.getUrl [Line:190] - https://testautomationpractice.blogspot.com/
24:05:2025 10:09:47 -  INFO ePay_CRM.Reusable_Utils.CommonLogger.log [Line:23] - ePay_CRM.Test_ActionMethods.Method_BlogSpot.select_deselect_Checkboxes [Line:197] - Initiated the process of Dynamic checkbox selection/De-selection -Section-PersonalDetails-GUI Elements
24:05:2025 10:09:48 -  INFO ePay_CRM.Reusable_Utils.CommonLogger.log [Line:23] - ePay_CRM.WrapMethods.WrapperMethods.selectCheckBoxes [Line:229] - Checkbox selected: Sunday
24:05:2025 10:09:49 -  INFO ePay_CRM.Reusable_Utils.CommonLogger.log [Line:23] - ePay_CRM.WrapMethods.WrapperMethods.selectCheckBoxes [Line:229] - Checkbox selected: Tuesday
24:05:2025 10:09:50 -  INFO ePay_CRM.Reusable_Utils.CommonLogger.log [Line:23] - ePay_CRM.WrapMethods.WrapperMethods.selectCheckBoxes [Line:229] - Checkbox selected: Wednesday
24:05:2025 10:09:51 -  INFO ePay_CRM.Reusable_Utils.CommonLogger.log [Line:23] - ePay_CRM.WrapMethods.WrapperMethods.selectCheckBoxes [Line:229] - Checkbox selected: Monday
24:05:2025 10:09:51 -  INFO ePay_CRM.Reusable_Utils.CommonLogger.log [Line:23] - ePay_CRM.WrapMethods.WrapperMethods.selectCheckBoxes [Line:229] - Checkbox selected: Thursday
24:05:2025 10:09:52 -  INFO ePay_CRM.Reusable_Utils.CommonLogger.log [Line:23] - ePay_CRM.WrapMethods.WrapperMethods.selectCheckBoxes [Line:229] - Checkbox selected: Friday
24:05:2025 10:09:53 -  INFO ePay_CRM.Reusable_Utils.CommonLogger.log [Line:23] - ePay_CRM.WrapMethods.WrapperMethods.selectCheckBoxes [Line:229] - Checkbox selected: Saturday
24:05:2025 10:09:53 -  INFO ePay_CRM.Reusable_Utils.CommonLogger.log [Line:23] - ePay_CRM.Test_ActionMethods.Method_BlogSpot.select_deselect_Checkboxes [Line:208] - The process of Dynamic Checkbox selection/deselection has been completed.
24:05:2025 10:09:53 -  INFO ePay_CRM.Reusable_Utils.CommonLogger.log [Line:23] - ePay_CRM.LandingPage.BasePageSetup.TearDown [Line:174] - Closing Browser: chrome
24:05:2025 10:09:54 -  INFO ePay_CRM.Reusable_Utils.CommonLogger.log [Line:23] - ePay_CRM.LandingPage.BasePageSetup.TearDown [Line:178] - -------Execution Completed---
24:05:2025 10:09:54 -  INFO ePay_CRM.Reusable_Utils.CommonLogger.log [Line:23] - ePay_CRM.LandingPage.BasePageSetup.BrowserIntilization [Line:151] - Browser Initilzation Started : chrome
24:05:2025 10:09:57 -  INFO ePay_CRM.Reusable_Utils.CommonLogger.log [Line:23] - ePay_CRM.LandingPage.BasePageSetup.LoadConfigFile [Line:102] - Browser Launched :- chrome
24:05:2025 10:09:57 -  INFO ePay_CRM.Reusable_Utils.CommonLogger.log [Line:23] - ePay_CRM.Reusable_Utils.CallListeners.onTestStart [Line:70] - -------Execution Started for Record : ------4
24:05:2025 10:10:04 -  INFO ePay_CRM.Reusable_Utils.CommonLogger.log [Line:23] - ePay_CRM.LandingPage.BasePageSetup.getUrl [Line:190] - https://testautomationpractice.blogspot.com/
24:05:2025 10:10:04 -  INFO ePay_CRM.Reusable_Utils.CommonLogger.log [Line:23] - ePay_CRM.Test_ActionMethods.Method_BlogSpot.selectDateFromPicker [Line:65] - Initiated the process of Date Section-PersonalDetails-GUI Elements
24:05:2025 10:10:08 -  INFO ePay_CRM.Reusable_Utils.CommonLogger.log [Line:23] - ePay_CRM.Test_ActionMethods.Method_BlogSpot.selectDate [Line:128] - Date selected successfully: 22/06/2023
24:05:2025 10:10:08 -  INFO ePay_CRM.Reusable_Utils.CommonLogger.log [Line:23] - ePay_CRM.Test_ActionMethods.Method_BlogSpot.selectDateFromPicker [Line:69] - The process of Date-Selection from Picker has been completed.
24:05:2025 10:10:08 -  INFO ePay_CRM.Reusable_Utils.CommonLogger.log [Line:23] - ePay_CRM.LandingPage.BasePageSetup.TearDown [Line:174] - Closing Browser: chrome
24:05:2025 10:10:09 -  INFO ePay_CRM.Reusable_Utils.CommonLogger.log [Line:23] - ePay_CRM.LandingPage.BasePageSetup.TearDown [Line:178] - -------Execution Completed---
24:05:2025 10:10:09 -  INFO ePay_CRM.Reusable_Utils.CommonLogger.log [Line:23] - ePay_CRM.LandingPage.BasePageSetup.BrowserIntilization [Line:151] - Browser Initilzation Started : chrome
24:05:2025 10:10:12 -  INFO ePay_CRM.Reusable_Utils.CommonLogger.log [Line:23] - ePay_CRM.LandingPage.BasePageSetup.LoadConfigFile [Line:102] - Browser Launched :- chrome
24:05:2025 10:10:12 -  INFO ePay_CRM.Reusable_Utils.CommonLogger.log [Line:23] - ePay_CRM.Reusable_Utils.CallListeners.onTestStart [Line:70] - -------Execution Started for Record : ------5
24:05:2025 10:10:18 -  INFO ePay_CRM.Reusable_Utils.CommonLogger.log [Line:23] - ePay_CRM.LandingPage.BasePageSetup.getUrl [Line:190] - https://testautomationpractice.blogspot.com/
24:05:2025 10:10:19 -  INFO ePay_CRM.Reusable_Utils.CommonLogger.log [Line:23] - ePay_CRM.Test_ActionMethods.Method_BlogSpot.getAveragePriceBookDetails [Line:319] - --- Average Price of Book Details ---: 1183.33
24:05:2025 10:10:19 -  INFO ePay_CRM.Reusable_Utils.CommonLogger.log [Line:23] - ePay_CRM.LandingPage.BasePageSetup.TearDown [Line:174] - Closing Browser: chrome
24:05:2025 10:10:20 -  INFO ePay_CRM.Reusable_Utils.CommonLogger.log [Line:23] - ePay_CRM.LandingPage.BasePageSetup.TearDown [Line:178] - -------Execution Completed---
24:05:2025 10:10:20 -  INFO ePay_CRM.Reusable_Utils.CommonLogger.log [Line:23] - ePay_CRM.LandingPage.BasePageSetup.BrowserIntilization [Line:151] - Browser Initilzation Started : chrome
24:05:2025 10:10:23 -  INFO ePay_CRM.Reusable_Utils.CommonLogger.log [Line:23] - ePay_CRM.LandingPage.BasePageSetup.LoadConfigFile [Line:102] - Browser Launched :- chrome
24:05:2025 10:10:23 -  INFO ePay_CRM.Reusable_Utils.CommonLogger.log [Line:23] - ePay_CRM.Reusable_Utils.CallListeners.onTestStart [Line:70] - -------Execution Started for Record : ------6
24:05:2025 10:10:30 -  INFO ePay_CRM.Reusable_Utils.CommonLogger.log [Line:23] - ePay_CRM.LandingPage.BasePageSetup.getUrl [Line:190] - https://testautomationpractice.blogspot.com/
24:05:2025 10:10:30 -  INFO ePay_CRM.Reusable_Utils.CommonLogger.log [Line:23] - ePay_CRM.Test_ActionMethods.Method_BlogSpot.verifyTabName [Line:324] - Initiated the process of Comparing the actual tabs with expected tab names list
24:05:2025 10:10:31 -  INFO ePay_CRM.Reusable_Utils.CommonLogger.log [Line:23] - ePay_CRM.Test_ActionMethods.Method_BlogSpot.verifyTabName [Line:337] - The process of Comparing Tab Names has been completed.
24:05:2025 10:10:31 -  INFO ePay_CRM.Reusable_Utils.CommonLogger.log [Line:23] - ePay_CRM.LandingPage.BasePageSetup.TearDown [Line:174] - Closing Browser: chrome
24:05:2025 10:10:32 -  INFO ePay_CRM.Reusable_Utils.CommonLogger.log [Line:23] - ePay_CRM.LandingPage.BasePageSetup.TearDown [Line:178] - -------Execution Completed---
24:05:2025 10:10:32 -  INFO ePay_CRM.Reusable_Utils.CommonLogger.log [Line:23] - ePay_CRM.LandingPage.BasePageSetup.BrowserIntilization [Line:151] - Browser Initilzation Started : chrome
24:05:2025 10:10:35 -  INFO ePay_CRM.Reusable_Utils.CommonLogger.log [Line:23] - ePay_CRM.LandingPage.BasePageSetup.LoadConfigFile [Line:102] - Browser Launched :- chrome
24:05:2025 10:10:35 -  INFO ePay_CRM.Reusable_Utils.CommonLogger.log [Line:23] - ePay_CRM.Reusable_Utils.CallListeners.onTestStart [Line:70] - -------Execution Started for Record : ------7
24:05:2025 10:10:41 -  INFO ePay_CRM.Reusable_Utils.CommonLogger.log [Line:23] - ePay_CRM.LandingPage.BasePageSetup.getUrl [Line:190] - https://testautomationpractice.blogspot.com/
24:05:2025 10:10:41 -  INFO ePay_CRM.Reusable_Utils.CommonLogger.log [Line:23] - ePay_CRM.Test_ActionMethods.Method_BlogSpot.verifyTabNavigation [Line:342] - Initiated the process of Navigating tabs with expected tab names list
24:05:2025 10:10:46 -  INFO ePay_CRM.Reusable_Utils.CommonLogger.log [Line:23] - ePay_CRM.WrapMethods.WrapperMethods.clickOnButtonAndVerify [Line:289] - On Click :click is Clicked & Verified.
24:05:2025 10:10:50 -  INFO ePay_CRM.Reusable_Utils.CommonLogger.log [Line:23] - ePay_CRM.Test_ActionMethods.Method_BlogSpot.verifyTabNavigation [Line:367] - On Tab :Home - Get Title :Automation Testing Practice
24:05:2025 10:10:55 -  INFO ePay_CRM.Reusable_Utils.CommonLogger.log [Line:23] - ePay_CRM.WrapMethods.WrapperMethods.clickOnButtonAndVerify [Line:289] - On Click :click is Clicked & Verified.
24:05:2025 10:10:56 -  INFO ePay_CRM.Reusable_Utils.CommonLogger.log [Line:23] - ePay_CRM.Test_ActionMethods.Method_BlogSpot.verifyTabNavigation [Line:367] - On Tab :Udemy Courses - Get Title :Automation Testing Practice
24:05:2025 10:11:00 -  INFO ePay_CRM.Reusable_Utils.CommonLogger.log [Line:23] - ePay_CRM.WrapMethods.WrapperMethods.clickOnButtonAndVerify [Line:289] - On Click :click is Clicked & Verified.
24:05:2025 10:11:01 -  INFO ePay_CRM.Reusable_Utils.CommonLogger.log [Line:23] - ePay_CRM.Test_ActionMethods.Method_BlogSpot.verifyTabNavigation [Line:367] - On Tab :Online Trainings - Get Title :Automation Testing Practice
24:05:2025 10:11:06 -  INFO ePay_CRM.Reusable_Utils.CommonLogger.log [Line:23] - ePay_CRM.WrapMethods.WrapperMethods.clickOnButtonAndVerify [Line:289] - On Click :click is Clicked & Verified.
24:05:2025 10:11:07 -  INFO ePay_CRM.Reusable_Utils.CommonLogger.log [Line:23] - ePay_CRM.Test_ActionMethods.Method_BlogSpot.verifyTabNavigation [Line:367] - On Tab :Blog - Get Title :Automation Testing Practice
24:05:2025 10:11:09 -  INFO ePay_CRM.Reusable_Utils.CommonLogger.log [Line:23] - ePay_CRM.WrapMethods.WrapperMethods.clickOnButtonAndVerify [Line:289] - On Click :click is Clicked & Verified.
24:05:2025 10:11:10 -  INFO ePay_CRM.Reusable_Utils.CommonLogger.log [Line:23] - ePay_CRM.Test_ActionMethods.Method_BlogSpot.verifyTabNavigation [Line:367] - On Tab :PlaywrightPractice - Get Title :Automation Testing Practice
24:05:2025 10:11:10 -  INFO ePay_CRM.Reusable_Utils.CommonLogger.log [Line:23] - ePay_CRM.Test_ActionMethods.Method_BlogSpot.verifyTabNavigation [Line:372] - The process of Navigating of Expected Tabs has been completed.
24:05:2025 10:11:10 -  INFO ePay_CRM.Reusable_Utils.CommonLogger.log [Line:23] - ePay_CRM.LandingPage.BasePageSetup.TearDown [Line:174] - Closing Browser: chrome
24:05:2025 10:11:10 -  INFO ePay_CRM.Reusable_Utils.CommonLogger.log [Line:23] - ePay_CRM.LandingPage.BasePageSetup.TearDown [Line:178] - -------Execution Completed---
24:05:2025 10:11:10 -  INFO ePay_CRM.Reusable_Utils.CommonLogger.log [Line:23] - ePay_CRM.LandingPage.BasePageSetup.BrowserIntilization [Line:151] - Browser Initilzation Started : chrome
24:05:2025 10:11:14 -  INFO ePay_CRM.Reusable_Utils.CommonLogger.log [Line:23] - ePay_CRM.LandingPage.BasePageSetup.LoadConfigFile [Line:102] - Browser Launched :- chrome
24:05:2025 10:11:14 -  INFO ePay_CRM.Reusable_Utils.CommonLogger.log [Line:23] - ePay_CRM.Reusable_Utils.CallListeners.onTestStart [Line:70] - -------Execution Started for Record : ------8
24:05:2025 10:11:22 -  INFO ePay_CRM.Reusable_Utils.CommonLogger.log [Line:23] - ePay_CRM.LandingPage.BasePageSetup.getUrl [Line:190] - https://testautomationpractice.blogspot.com/
24:05:2025 10:11:22 -  INFO ePay_CRM.Reusable_Utils.CommonLogger.log [Line:23] - ePay_CRM.WrapMethods.WrapperMethods.enterAndVerify [Line:46] - Field: StartDate is entered & verified.
24:05:2025 10:11:23 -  INFO ePay_CRM.Reusable_Utils.CommonLogger.log [Line:23] - ePay_CRM.WrapMethods.WrapperMethods.clickOnButtonAndVerify [Line:289] - On Click :Submit is Clicked & Verified.
24:05:2025 10:11:24 -  INFO ePay_CRM.Reusable_Utils.CommonLogger.log [Line:23] - ePay_CRM.LandingPage.BasePageSetup.TearDown [Line:174] - Closing Browser: chrome
24:05:2025 10:11:24 -  INFO ePay_CRM.Reusable_Utils.CommonLogger.log [Line:23] - ePay_CRM.LandingPage.BasePageSetup.TearDown [Line:178] - -------Execution Completed---
24:05:2025 10:11:24 -  INFO ePay_CRM.Reusable_Utils.CommonLogger.log [Line:23] - ePay_CRM.LandingPage.BasePageSetup.BrowserIntilization [Line:151] - Browser Initilzation Started : chrome
24:05:2025 10:11:29 -  INFO ePay_CRM.Reusable_Utils.CommonLogger.log [Line:23] - ePay_CRM.LandingPage.BasePageSetup.LoadConfigFile [Line:102] - Browser Launched :- chrome
24:05:2025 10:11:29 -  INFO ePay_CRM.Reusable_Utils.CommonLogger.log [Line:23] - ePay_CRM.Reusable_Utils.CallListeners.onTestStart [Line:70] - -------Execution Started for Record : ------9
24:05:2025 10:11:33 -  INFO ePay_CRM.Reusable_Utils.CommonLogger.log [Line:23] - ePay_CRM.LandingPage.BasePageSetup.getUrl [Line:190] - https://testautomationpractice.blogspot.com/
24:05:2025 10:11:34 -  INFO ePay_CRM.Reusable_Utils.CommonLogger.log [Line:23] - ePay_CRM.WrapMethods.WrapperMethods.enterAndVerify [Line:46] - Field: EndDate is entered & verified.
24:05:2025 10:11:35 -  INFO ePay_CRM.Reusable_Utils.CommonLogger.log [Line:23] - ePay_CRM.WrapMethods.WrapperMethods.clickOnButtonAndVerify [Line:289] - On Click :Submit is Clicked & Verified.
24:05:2025 10:11:35 -  INFO ePay_CRM.Reusable_Utils.CommonLogger.log [Line:23] - ePay_CRM.LandingPage.BasePageSetup.TearDown [Line:174] - Closing Browser: chrome
24:05:2025 10:11:36 -  INFO ePay_CRM.Reusable_Utils.CommonLogger.log [Line:23] - ePay_CRM.LandingPage.BasePageSetup.TearDown [Line:178] - -------Execution Completed---
24:05:2025 10:11:36 -  INFO ePay_CRM.Reusable_Utils.CommonLogger.log [Line:23] - ePay_CRM.LandingPage.BasePageSetup.BrowserIntilization [Line:151] - Browser Initilzation Started : chrome
24:05:2025 10:11:40 -  INFO ePay_CRM.Reusable_Utils.CommonLogger.log [Line:23] - ePay_CRM.LandingPage.BasePageSetup.LoadConfigFile [Line:102] - Browser Launched :- chrome
24:05:2025 10:11:40 -  INFO ePay_CRM.Reusable_Utils.CommonLogger.log [Line:23] - ePay_CRM.Reusable_Utils.CallListeners.onTestStart [Line:70] - -------Execution Started for Record : ------10
24:05:2025 10:11:47 -  INFO ePay_CRM.Reusable_Utils.CommonLogger.log [Line:23] - ePay_CRM.LandingPage.BasePageSetup.getUrl [Line:190] - https://testautomationpractice.blogspot.com/
24:05:2025 10:11:48 -  INFO ePay_CRM.Reusable_Utils.CommonLogger.log [Line:23] - ePay_CRM.WrapMethods.WrapperMethods.clickOnButtonAndVerify [Line:289] - On Click :Submit is Clicked & Verified.
24:05:2025 10:11:48 -  INFO ePay_CRM.Reusable_Utils.CommonLogger.log [Line:23] - ePay_CRM.LandingPage.BasePageSetup.TearDown [Line:174] - Closing Browser: chrome
24:05:2025 10:11:49 -  INFO ePay_CRM.Reusable_Utils.CommonLogger.log [Line:23] - ePay_CRM.LandingPage.BasePageSetup.TearDown [Line:178] - -------Execution Completed---
24:05:2025 10:11:49 -  INFO ePay_CRM.Reusable_Utils.CommonLogger.log [Line:23] - ePay_CRM.LandingPage.BasePageSetup.BrowserIntilization [Line:151] - Browser Initilzation Started : chrome
24:05:2025 10:11:52 -  INFO ePay_CRM.Reusable_Utils.CommonLogger.log [Line:23] - ePay_CRM.LandingPage.BasePageSetup.LoadConfigFile [Line:102] - Browser Launched :- chrome
24:05:2025 10:11:52 -  INFO ePay_CRM.Reusable_Utils.CommonLogger.log [Line:23] - ePay_CRM.Reusable_Utils.CallListeners.onTestStart [Line:70] - -------Execution Started for Record : ------11
24:05:2025 10:11:57 -  INFO ePay_CRM.Reusable_Utils.CommonLogger.log [Line:23] - ePay_CRM.LandingPage.BasePageSetup.getUrl [Line:190] - https://testautomationpractice.blogspot.com/
24:05:2025 10:11:58 -  INFO ePay_CRM.Reusable_Utils.CommonLogger.log [Line:23] - ePay_CRM.WrapMethods.WrapperMethods.enterAndVerify [Line:46] - Field: StartDate is entered & verified.
24:05:2025 10:11:59 -  INFO ePay_CRM.Reusable_Utils.CommonLogger.log [Line:23] - ePay_CRM.WrapMethods.WrapperMethods.enterAndVerify [Line:46] - Field: EndDate is entered & verified.
24:05:2025 10:11:59 -  INFO ePay_CRM.Reusable_Utils.CommonLogger.log [Line:23] - ePay_CRM.WrapMethods.WrapperMethods.clickOnButtonAndVerify [Line:289] - On Click :Submit is Clicked & Verified.
24:05:2025 10:12:00 -  INFO ePay_CRM.Reusable_Utils.CommonLogger.log [Line:23] - ePay_CRM.LandingPage.BasePageSetup.TearDown [Line:174] - Closing Browser: chrome
24:05:2025 10:12:00 -  INFO ePay_CRM.Reusable_Utils.CommonLogger.log [Line:23] - ePay_CRM.LandingPage.BasePageSetup.TearDown [Line:178] - -------Execution Completed---
24:05:2025 10:12:01 -  INFO ePay_CRM.Reusable_Utils.CommonLogger.log [Line:23] - ePay_CRM.Reusable_Utils.CallListeners.onFinish [Line:136] - Report got flushed
