24:05:2025 09:45:43 -  INFO ePay_CRM.Reusable_Utils.CommonLogger.log [Line:23] - ePay_CRM.LandingPage.BasePageSetup.BrowserIntilization [Line:151] - Browser Initilzation Started : chrome
24:05:2025 09:45:49 -  INFO ePay_CRM.Reusable_Utils.CommonLogger.log [Line:23] - ePay_CRM.LandingPage.BasePageSetup.LoadConfigFile [Line:102] - Browser Launched :- chrome
24:05:2025 09:45:50 -  INFO ePay_CRM.Reusable_Utils.CommonLogger.log [Line:23] - ePay_CRM.Reusable_Utils.CallListeners.onTestStart [Line:70] - -------Execution Started for Record : ------1
24:05:2025 09:45:54 -  INFO ePay_CRM.Reusable_Utils.CommonLogger.log [Line:23] - ePay_CRM.LandingPage.BasePageSetup.getUrl [Line:190] - https://testautomationpractice.blogspot.com/
24:05:2025 09:45:54 -  INFO ePay_CRM.Reusable_Utils.CommonLogger.log [Line:23] - ePay_CRM.LandingPage.BasePageSetup.TearDown [Line:174] - Closing Browser: chrome
24:05:2025 09:45:55 -  INFO ePay_CRM.Reusable_Utils.CommonLogger.log [Line:23] - ePay_CRM.LandingPage.BasePageSetup.TearDown [Line:178] - -------Execution Completed---
24:05:2025 09:45:55 -  INFO ePay_CRM.Reusable_Utils.CommonLogger.log [Line:23] - ePay_CRM.LandingPage.BasePageSetup.BrowserIntilization [Line:151] - Browser Initilzation Started : chrome
24:05:2025 09:45:58 -  INFO ePay_CRM.Reusable_Utils.CommonLogger.log [Line:23] - ePay_CRM.LandingPage.BasePageSetup.LoadConfigFile [Line:102] - Browser Launched :- chrome
24:05:2025 09:45:58 -  INFO ePay_CRM.Reusable_Utils.CommonLogger.log [Line:23] - ePay_CRM.Reusable_Utils.CallListeners.onTestStart [Line:70] - -------Execution Started for Record : ------2
24:05:2025 09:46:03 -  INFO ePay_CRM.Reusable_Utils.CommonLogger.log [Line:23] - ePay_CRM.LandingPage.BasePageSetup.getUrl [Line:190] - https://testautomationpractice.blogspot.com/
24:05:2025 09:46:03 -  INFO ePay_CRM.Reusable_Utils.CommonLogger.log [Line:23] - ePay_CRM.Test_ActionMethods.Method_BlogSpot.addPersonalDetails [Line:39] - Initiated the process of filling in details on Section-PersonalDetails-GUI Elements
24:05:2025 09:46:04 -  INFO ePay_CRM.Reusable_Utils.CommonLogger.log [Line:23] - ePay_CRM.WrapMethods.WrapperMethods.enterAndVerify [Line:46] - Field: Name is entered & verified.
24:05:2025 09:46:04 -  INFO ePay_CRM.Reusable_Utils.CommonLogger.log [Line:23] - ePay_CRM.WrapMethods.WrapperMethods.enterAndVerify [Line:46] - Field: Email is entered & verified.
24:05:2025 09:46:05 -  INFO ePay_CRM.Reusable_Utils.CommonLogger.log [Line:23] - ePay_CRM.WrapMethods.WrapperMethods.enterAndVerify [Line:46] - Field: Phone is entered & verified.
24:05:2025 09:46:05 -  INFO ePay_CRM.Reusable_Utils.CommonLogger.log [Line:23] - ePay_CRM.WrapMethods.WrapperMethods.enterAndVerify [Line:46] - Field: Address is entered & verified.
24:05:2025 09:46:06 -  INFO ePay_CRM.Reusable_Utils.CommonLogger.log [Line:23] - ePay_CRM.WrapMethods.WrapperMethods.selectRadioButton [Line:202] - For Radio: Gender : Values: male is selected & Verified.
24:05:2025 09:46:07 -  INFO ePay_CRM.Reusable_Utils.CommonLogger.log [Line:23] - ePay_CRM.WrapMethods.WrapperMethods.selectCheckBoxes [Line:229] - Checkbox selected: Sunday
24:05:2025 09:46:08 -  INFO ePay_CRM.Reusable_Utils.CommonLogger.log [Line:23] - ePay_CRM.WrapMethods.WrapperMethods.selectCheckBoxes [Line:229] - Checkbox selected: Monday
24:05:2025 09:46:09 -  INFO ePay_CRM.Reusable_Utils.CommonLogger.log [Line:23] - ePay_CRM.WrapMethods.WrapperMethods.selectCheckBoxes [Line:229] - Checkbox selected: Tuesday
24:05:2025 09:46:10 -  INFO ePay_CRM.Reusable_Utils.CommonLogger.log [Line:23] - ePay_CRM.WrapMethods.WrapperMethods.selectCheckBoxes [Line:229] - Checkbox selected: Wednesday
24:05:2025 09:46:11 -  INFO ePay_CRM.Reusable_Utils.CommonLogger.log [Line:23] - ePay_CRM.WrapMethods.WrapperMethods.selectCheckBoxes [Line:229] - Checkbox selected: Thursday
24:05:2025 09:46:12 -  INFO ePay_CRM.Reusable_Utils.CommonLogger.log [Line:23] - ePay_CRM.WrapMethods.WrapperMethods.selectCheckBoxes [Line:229] - Checkbox selected: Friday
24:05:2025 09:46:13 -  INFO ePay_CRM.Reusable_Utils.CommonLogger.log [Line:23] - ePay_CRM.WrapMethods.WrapperMethods.selectCheckBoxes [Line:229] - Checkbox selected: Saturday
24:05:2025 09:46:14 -  INFO ePay_CRM.Reusable_Utils.CommonLogger.log [Line:23] - ePay_CRM.WrapMethods.WrapperMethods.enterAndVerify [Line:46] - Field: Date 1 is entered & verified.
24:05:2025 09:46:17 -  INFO ePay_CRM.Reusable_Utils.CommonLogger.log [Line:23] - ePay_CRM.Test_ActionMethods.Method_BlogSpot.selectDate [Line:128] - Date selected successfully: 22/06/2023
24:05:2025 09:46:17 -  INFO ePay_CRM.Reusable_Utils.CommonLogger.log [Line:23] - ePay_CRM.WrapMethods.WrapperMethods.enterAndVerify [Line:46] - Field: StartDate is entered & verified.
24:05:2025 09:46:18 -  INFO ePay_CRM.Reusable_Utils.CommonLogger.log [Line:23] - ePay_CRM.WrapMethods.WrapperMethods.enterAndVerify [Line:46] - Field: EndDate is entered & verified.
24:05:2025 09:46:18 -  INFO ePay_CRM.Reusable_Utils.CommonLogger.log [Line:23] - ePay_CRM.Test_ActionMethods.Method_BlogSpot.addPersonalDetails [Line:61] - The process of adding Personal details has been completed.
24:05:2025 09:46:18 -  INFO ePay_CRM.Reusable_Utils.CommonLogger.log [Line:23] - ePay_CRM.LandingPage.BasePageSetup.TearDown [Line:174] - Closing Browser: chrome
24:05:2025 09:46:18 -  INFO ePay_CRM.Reusable_Utils.CommonLogger.log [Line:23] - ePay_CRM.LandingPage.BasePageSetup.TearDown [Line:178] - -------Execution Completed---
24:05:2025 09:46:18 -  INFO ePay_CRM.Reusable_Utils.CommonLogger.log [Line:23] - ePay_CRM.LandingPage.BasePageSetup.BrowserIntilization [Line:151] - Browser Initilzation Started : chrome
24:05:2025 09:46:22 -  INFO ePay_CRM.Reusable_Utils.CommonLogger.log [Line:23] - ePay_CRM.LandingPage.BasePageSetup.LoadConfigFile [Line:102] - Browser Launched :- chrome
24:05:2025 09:46:22 -  INFO ePay_CRM.Reusable_Utils.CommonLogger.log [Line:23] - ePay_CRM.Reusable_Utils.CallListeners.onTestStart [Line:70] - -------Execution Started for Record : ------3
24:05:2025 09:46:26 -  INFO ePay_CRM.Reusable_Utils.CommonLogger.log [Line:23] - ePay_CRM.LandingPage.BasePageSetup.getUrl [Line:190] - https://testautomationpractice.blogspot.com/
24:05:2025 09:46:26 -  INFO ePay_CRM.Reusable_Utils.CommonLogger.log [Line:23] - ePay_CRM.Test_ActionMethods.Method_BlogSpot.select_deselect_Checkboxes [Line:197] - Initiated the process of Dynamic checkbox selection/De-selection -Section-PersonalDetails-GUI Elements
24:05:2025 09:46:28 -  INFO ePay_CRM.Reusable_Utils.CommonLogger.log [Line:23] - ePay_CRM.WrapMethods.WrapperMethods.selectCheckBoxes [Line:229] - Checkbox selected: Sunday
24:05:2025 09:46:28 -  INFO ePay_CRM.Reusable_Utils.CommonLogger.log [Line:23] - ePay_CRM.WrapMethods.WrapperMethods.selectCheckBoxes [Line:229] - Checkbox selected: Tuesday
24:05:2025 09:46:29 -  INFO ePay_CRM.Reusable_Utils.CommonLogger.log [Line:23] - ePay_CRM.WrapMethods.WrapperMethods.selectCheckBoxes [Line:229] - Checkbox selected: Wednesday
24:05:2025 09:46:30 -  INFO ePay_CRM.Reusable_Utils.CommonLogger.log [Line:23] - ePay_CRM.WrapMethods.WrapperMethods.selectCheckBoxes [Line:229] - Checkbox selected: Monday
24:05:2025 09:46:31 -  INFO ePay_CRM.Reusable_Utils.CommonLogger.log [Line:23] - ePay_CRM.WrapMethods.WrapperMethods.selectCheckBoxes [Line:229] - Checkbox selected: Thursday
24:05:2025 09:46:32 -  INFO ePay_CRM.Reusable_Utils.CommonLogger.log [Line:23] - ePay_CRM.WrapMethods.WrapperMethods.selectCheckBoxes [Line:229] - Checkbox selected: Friday
24:05:2025 09:46:32 -  INFO ePay_CRM.Reusable_Utils.CommonLogger.log [Line:23] - ePay_CRM.WrapMethods.WrapperMethods.selectCheckBoxes [Line:229] - Checkbox selected: Saturday
24:05:2025 09:46:33 -  INFO ePay_CRM.Reusable_Utils.CommonLogger.log [Line:23] - ePay_CRM.Test_ActionMethods.Method_BlogSpot.select_deselect_Checkboxes [Line:208] - The process of Dynamic Checkbox selection/deselection has been completed.
24:05:2025 09:46:33 -  INFO ePay_CRM.Reusable_Utils.CommonLogger.log [Line:23] - ePay_CRM.LandingPage.BasePageSetup.TearDown [Line:174] - Closing Browser: chrome
24:05:2025 09:46:33 -  INFO ePay_CRM.Reusable_Utils.CommonLogger.log [Line:23] - ePay_CRM.LandingPage.BasePageSetup.TearDown [Line:178] - -------Execution Completed---
24:05:2025 09:46:33 -  INFO ePay_CRM.Reusable_Utils.CommonLogger.log [Line:23] - ePay_CRM.LandingPage.BasePageSetup.BrowserIntilization [Line:151] - Browser Initilzation Started : chrome
24:05:2025 09:46:37 -  INFO ePay_CRM.Reusable_Utils.CommonLogger.log [Line:23] - ePay_CRM.LandingPage.BasePageSetup.LoadConfigFile [Line:102] - Browser Launched :- chrome
24:05:2025 09:46:37 -  INFO ePay_CRM.Reusable_Utils.CommonLogger.log [Line:23] - ePay_CRM.Reusable_Utils.CallListeners.onTestStart [Line:70] - -------Execution Started for Record : ------4
24:05:2025 09:46:42 -  INFO ePay_CRM.Reusable_Utils.CommonLogger.log [Line:23] - ePay_CRM.LandingPage.BasePageSetup.getUrl [Line:190] - https://testautomationpractice.blogspot.com/
24:05:2025 09:46:42 -  INFO ePay_CRM.Reusable_Utils.CommonLogger.log [Line:23] - ePay_CRM.Test_ActionMethods.Method_BlogSpot.selectDateFromPicker [Line:65] - Initiated the process of Date Section-PersonalDetails-GUI Elements
24:05:2025 09:46:45 -  INFO ePay_CRM.Reusable_Utils.CommonLogger.log [Line:23] - ePay_CRM.Test_ActionMethods.Method_BlogSpot.selectDate [Line:128] - Date selected successfully: 22/06/2023
24:05:2025 09:46:45 -  INFO ePay_CRM.Reusable_Utils.CommonLogger.log [Line:23] - ePay_CRM.Test_ActionMethods.Method_BlogSpot.selectDateFromPicker [Line:69] - The process of Date-Selection from Picker has been completed.
24:05:2025 09:46:45 -  INFO ePay_CRM.Reusable_Utils.CommonLogger.log [Line:23] - ePay_CRM.LandingPage.BasePageSetup.TearDown [Line:174] - Closing Browser: chrome
24:05:2025 09:46:45 -  INFO ePay_CRM.Reusable_Utils.CommonLogger.log [Line:23] - ePay_CRM.LandingPage.BasePageSetup.TearDown [Line:178] - -------Execution Completed---
24:05:2025 09:46:45 -  INFO ePay_CRM.Reusable_Utils.CommonLogger.log [Line:23] - ePay_CRM.LandingPage.BasePageSetup.BrowserIntilization [Line:151] - Browser Initilzation Started : chrome
24:05:2025 09:46:49 -  INFO ePay_CRM.Reusable_Utils.CommonLogger.log [Line:23] - ePay_CRM.LandingPage.BasePageSetup.LoadConfigFile [Line:102] - Browser Launched :- chrome
24:05:2025 09:46:49 -  INFO ePay_CRM.Reusable_Utils.CommonLogger.log [Line:23] - ePay_CRM.Reusable_Utils.CallListeners.onTestStart [Line:70] - -------Execution Started for Record : ------5
24:05:2025 09:46:55 -  INFO ePay_CRM.Reusable_Utils.CommonLogger.log [Line:23] - ePay_CRM.LandingPage.BasePageSetup.getUrl [Line:190] - https://testautomationpractice.blogspot.com/
24:05:2025 09:46:55 -  INFO ePay_CRM.Reusable_Utils.CommonLogger.log [Line:23] - ePay_CRM.Test_ActionMethods.Method_BlogSpot.getAveragePriceBookDetails [Line:319] - --- Average Price of Book Details ---: 1183.33
24:05:2025 09:46:55 -  INFO ePay_CRM.Reusable_Utils.CommonLogger.log [Line:23] - ePay_CRM.LandingPage.BasePageSetup.TearDown [Line:174] - Closing Browser: chrome
24:05:2025 09:46:56 -  INFO ePay_CRM.Reusable_Utils.CommonLogger.log [Line:23] - ePay_CRM.LandingPage.BasePageSetup.TearDown [Line:178] - -------Execution Completed---
24:05:2025 09:46:56 -  INFO ePay_CRM.Reusable_Utils.CommonLogger.log [Line:23] - ePay_CRM.LandingPage.BasePageSetup.BrowserIntilization [Line:151] - Browser Initilzation Started : chrome
24:05:2025 09:46:59 -  INFO ePay_CRM.Reusable_Utils.CommonLogger.log [Line:23] - ePay_CRM.LandingPage.BasePageSetup.LoadConfigFile [Line:102] - Browser Launched :- chrome
24:05:2025 09:46:59 -  INFO ePay_CRM.Reusable_Utils.CommonLogger.log [Line:23] - ePay_CRM.Reusable_Utils.CallListeners.onTestStart [Line:70] - -------Execution Started for Record : ------6
24:05:2025 09:47:04 -  INFO ePay_CRM.Reusable_Utils.CommonLogger.log [Line:23] - ePay_CRM.LandingPage.BasePageSetup.getUrl [Line:190] - https://testautomationpractice.blogspot.com/
24:05:2025 09:47:04 -  INFO ePay_CRM.Reusable_Utils.CommonLogger.log [Line:23] - ePay_CRM.Test_ActionMethods.Method_BlogSpot.verifyTabName [Line:324] - Initiated the process of Comparing the actual tabs with expected tab names list
24:05:2025 09:47:04 -  INFO ePay_CRM.Reusable_Utils.CommonLogger.log [Line:23] - ePay_CRM.Test_ActionMethods.Method_BlogSpot.verifyTabName [Line:337] - The process of Comparing Tab Names has been completed.
24:05:2025 09:47:04 -  INFO ePay_CRM.Reusable_Utils.CommonLogger.log [Line:23] - ePay_CRM.LandingPage.BasePageSetup.TearDown [Line:174] - Closing Browser: chrome
24:05:2025 09:47:05 -  INFO ePay_CRM.Reusable_Utils.CommonLogger.log [Line:23] - ePay_CRM.LandingPage.BasePageSetup.TearDown [Line:178] - -------Execution Completed---
24:05:2025 09:47:05 -  INFO ePay_CRM.Reusable_Utils.CommonLogger.log [Line:23] - ePay_CRM.LandingPage.BasePageSetup.BrowserIntilization [Line:151] - Browser Initilzation Started : chrome
24:05:2025 09:47:08 -  INFO ePay_CRM.Reusable_Utils.CommonLogger.log [Line:23] - ePay_CRM.LandingPage.BasePageSetup.LoadConfigFile [Line:102] - Browser Launched :- chrome
24:05:2025 09:47:08 -  INFO ePay_CRM.Reusable_Utils.CommonLogger.log [Line:23] - ePay_CRM.Reusable_Utils.CallListeners.onTestStart [Line:70] - -------Execution Started for Record : ------7
24:05:2025 09:47:13 -  INFO ePay_CRM.Reusable_Utils.CommonLogger.log [Line:23] - ePay_CRM.LandingPage.BasePageSetup.getUrl [Line:190] - https://testautomationpractice.blogspot.com/
24:05:2025 09:47:13 -  INFO ePay_CRM.Reusable_Utils.CommonLogger.log [Line:23] - ePay_CRM.Test_ActionMethods.Method_BlogSpot.verifyTabNavigation [Line:342] - Initiated the process of Navigating tabs with expected tab names list
24:05:2025 09:47:26 -  INFO ePay_CRM.Reusable_Utils.CommonLogger.log [Line:23] - ePay_CRM.LandingPage.BasePageSetup.TearDown [Line:174] - Closing Browser: chrome
24:05:2025 09:47:27 -  INFO ePay_CRM.Reusable_Utils.CommonLogger.log [Line:23] - ePay_CRM.LandingPage.BasePageSetup.TearDown [Line:178] - -------Execution Completed---
24:05:2025 09:47:27 -  INFO ePay_CRM.Reusable_Utils.CommonLogger.log [Line:23] - ePay_CRM.LandingPage.BasePageSetup.BrowserIntilization [Line:151] - Browser Initilzation Started : chrome
24:05:2025 09:47:30 -  INFO ePay_CRM.Reusable_Utils.CommonLogger.log [Line:23] - ePay_CRM.LandingPage.BasePageSetup.LoadConfigFile [Line:102] - Browser Launched :- chrome
24:05:2025 09:47:30 -  INFO ePay_CRM.Reusable_Utils.CommonLogger.log [Line:23] - ePay_CRM.Reusable_Utils.CallListeners.onTestStart [Line:70] - -------Execution Started for Record : ------8
24:05:2025 09:47:35 -  INFO ePay_CRM.Reusable_Utils.CommonLogger.log [Line:23] - ePay_CRM.LandingPage.BasePageSetup.getUrl [Line:190] - https://testautomationpractice.blogspot.com/
24:05:2025 09:47:36 -  INFO ePay_CRM.Reusable_Utils.CommonLogger.log [Line:23] - ePay_CRM.WrapMethods.WrapperMethods.enterAndVerify [Line:46] - Field: StartDate is entered & verified.
24:05:2025 09:47:36 -  INFO ePay_CRM.Reusable_Utils.CommonLogger.log [Line:23] - ePay_CRM.WrapMethods.WrapperMethods.clickOnButtonAndVerify [Line:289] - On Click :Submit is Clicked & Verified.
24:05:2025 09:47:37 -  INFO ePay_CRM.Reusable_Utils.CommonLogger.log [Line:23] - ePay_CRM.LandingPage.BasePageSetup.TearDown [Line:174] - Closing Browser: chrome
24:05:2025 09:47:37 -  INFO ePay_CRM.Reusable_Utils.CommonLogger.log [Line:23] - ePay_CRM.LandingPage.BasePageSetup.TearDown [Line:178] - -------Execution Completed---
24:05:2025 09:47:37 -  INFO ePay_CRM.Reusable_Utils.CommonLogger.log [Line:23] - ePay_CRM.LandingPage.BasePageSetup.BrowserIntilization [Line:151] - Browser Initilzation Started : chrome
24:05:2025 09:47:40 -  INFO ePay_CRM.Reusable_Utils.CommonLogger.log [Line:23] - ePay_CRM.LandingPage.BasePageSetup.LoadConfigFile [Line:102] - Browser Launched :- chrome
24:05:2025 09:47:40 -  INFO ePay_CRM.Reusable_Utils.CommonLogger.log [Line:23] - ePay_CRM.Reusable_Utils.CallListeners.onTestStart [Line:70] - -------Execution Started for Record : ------9
24:05:2025 09:47:45 -  INFO ePay_CRM.Reusable_Utils.CommonLogger.log [Line:23] - ePay_CRM.LandingPage.BasePageSetup.getUrl [Line:190] - https://testautomationpractice.blogspot.com/
24:05:2025 09:47:46 -  INFO ePay_CRM.Reusable_Utils.CommonLogger.log [Line:23] - ePay_CRM.WrapMethods.WrapperMethods.enterAndVerify [Line:46] - Field: EndDate is entered & verified.
24:05:2025 09:47:46 -  INFO ePay_CRM.Reusable_Utils.CommonLogger.log [Line:23] - ePay_CRM.WrapMethods.WrapperMethods.clickOnButtonAndVerify [Line:289] - On Click :Submit is Clicked & Verified.
24:05:2025 09:47:47 -  INFO ePay_CRM.Reusable_Utils.CommonLogger.log [Line:23] - ePay_CRM.LandingPage.BasePageSetup.TearDown [Line:174] - Closing Browser: chrome
24:05:2025 09:47:49 -  INFO ePay_CRM.Reusable_Utils.CommonLogger.log [Line:23] - ePay_CRM.LandingPage.BasePageSetup.TearDown [Line:178] - -------Execution Completed---
24:05:2025 09:47:49 -  INFO ePay_CRM.Reusable_Utils.CommonLogger.log [Line:23] - ePay_CRM.LandingPage.BasePageSetup.BrowserIntilization [Line:151] - Browser Initilzation Started : chrome
24:05:2025 09:47:52 -  INFO ePay_CRM.Reusable_Utils.CommonLogger.log [Line:23] - ePay_CRM.LandingPage.BasePageSetup.LoadConfigFile [Line:102] - Browser Launched :- chrome
24:05:2025 09:47:52 -  INFO ePay_CRM.Reusable_Utils.CommonLogger.log [Line:23] - ePay_CRM.Reusable_Utils.CallListeners.onTestStart [Line:70] - -------Execution Started for Record : ------10
24:05:2025 09:47:58 -  INFO ePay_CRM.Reusable_Utils.CommonLogger.log [Line:23] - ePay_CRM.LandingPage.BasePageSetup.getUrl [Line:190] - https://testautomationpractice.blogspot.com/
24:05:2025 09:47:58 -  INFO ePay_CRM.Reusable_Utils.CommonLogger.log [Line:23] - ePay_CRM.WrapMethods.WrapperMethods.clickOnButtonAndVerify [Line:289] - On Click :Submit is Clicked & Verified.
24:05:2025 09:47:59 -  INFO ePay_CRM.Reusable_Utils.CommonLogger.log [Line:23] - ePay_CRM.LandingPage.BasePageSetup.TearDown [Line:174] - Closing Browser: chrome
24:05:2025 09:47:59 -  INFO ePay_CRM.Reusable_Utils.CommonLogger.log [Line:23] - ePay_CRM.LandingPage.BasePageSetup.TearDown [Line:178] - -------Execution Completed---
24:05:2025 09:47:59 -  INFO ePay_CRM.Reusable_Utils.CommonLogger.log [Line:23] - ePay_CRM.LandingPage.BasePageSetup.BrowserIntilization [Line:151] - Browser Initilzation Started : chrome
24:05:2025 09:48:02 -  INFO ePay_CRM.Reusable_Utils.CommonLogger.log [Line:23] - ePay_CRM.LandingPage.BasePageSetup.LoadConfigFile [Line:102] - Browser Launched :- chrome
24:05:2025 09:48:02 -  INFO ePay_CRM.Reusable_Utils.CommonLogger.log [Line:23] - ePay_CRM.Reusable_Utils.CallListeners.onTestStart [Line:70] - -------Execution Started for Record : ------11
24:05:2025 09:48:08 -  INFO ePay_CRM.Reusable_Utils.CommonLogger.log [Line:23] - ePay_CRM.LandingPage.BasePageSetup.getUrl [Line:190] - https://testautomationpractice.blogspot.com/
24:05:2025 09:48:09 -  INFO ePay_CRM.Reusable_Utils.CommonLogger.log [Line:23] - ePay_CRM.WrapMethods.WrapperMethods.enterAndVerify [Line:46] - Field: StartDate is entered & verified.
24:05:2025 09:48:09 -  INFO ePay_CRM.Reusable_Utils.CommonLogger.log [Line:23] - ePay_CRM.WrapMethods.WrapperMethods.enterAndVerify [Line:46] - Field: EndDate is entered & verified.
24:05:2025 09:48:10 -  INFO ePay_CRM.Reusable_Utils.CommonLogger.log [Line:23] - ePay_CRM.WrapMethods.WrapperMethods.clickOnButtonAndVerify [Line:289] - On Click :Submit is Clicked & Verified.
24:05:2025 09:48:10 -  INFO ePay_CRM.Reusable_Utils.CommonLogger.log [Line:23] - ePay_CRM.LandingPage.BasePageSetup.TearDown [Line:174] - Closing Browser: chrome
24:05:2025 09:48:11 -  INFO ePay_CRM.Reusable_Utils.CommonLogger.log [Line:23] - ePay_CRM.LandingPage.BasePageSetup.TearDown [Line:178] - -------Execution Completed---
24:05:2025 09:48:11 -  INFO ePay_CRM.Reusable_Utils.CommonLogger.log [Line:23] - ePay_CRM.Reusable_Utils.CallListeners.onFinish [Line:136] - Report got flushed
