13:05:2025 22:15:11 -  INFO ePay_CRM.Reusable_Utils.CommonLogger.log [Line:23] - ePay_CRM.LandingPage.BasePageSetup.BrowserIntilization [Line:153] - Browser Initilzation Started : edge
13:05:2025 22:15:16 -  INFO ePay_CRM.Reusable_Utils.CommonLogger.log [Line:23] - ePay_CRM.LandingPage.BasePageSetup.LoadConfigFile [Line:105] - Browser Launched :- edge
13:05:2025 22:15:16 -  INFO ePay_CRM.Reusable_Utils.CommonLogger.log [Line:23] - ePay_CRM.Reusable_Utils.CallListeners.onTestStart [Line:70] - -------Execution Started for Record : ------1
13:05:2025 22:15:25 -  INFO ePay_CRM.Reusable_Utils.CommonLogger.log [Line:23] - ePay_CRM.WrapMethods.WrapperMethods.enterAndVerify [Line:42] - Field: AdminUserId is entered & verified.
13:05:2025 22:15:26 -  INFO ePay_CRM.Reusable_Utils.CommonLogger.log [Line:23] - ePay_CRM.WrapMethods.WrapperMethods.enterAndVerify [Line:42] - Field: AdminPassword is entered & verified.
13:05:2025 22:15:26 -  INFO ePay_CRM.Reusable_Utils.CommonLogger.log [Line:23] - ePay_CRM.WrapMethods.WrapperMethods.clickOnButtonAndVerify [Line:205] - On Click :Login Button is Clicked & Verified.
13:05:2025 22:15:26 -  INFO ePay_CRM.Reusable_Utils.CommonLogger.log [Line:23] - ePay_CRM.LoginProcess.Method_OrangeHRM_LoginWithCredentials.clickOnLoginButton [Line:78] - Successfully Login with Entered Credentials
13:05:2025 22:15:28 -  INFO ePay_CRM.Reusable_Utils.CommonLogger.log [Line:23] - ePay_CRM.WrapMethods.WrapperMethods.getTextAndVerify [Line:189] - For Field :On Login-Dashboard Message Verification Text Value :Dashboard is Retrieved & Verified.
13:05:2025 22:15:30 -  INFO ePay_CRM.Reusable_Utils.CommonLogger.log [Line:23] - ePay_CRM.LandingPage.Method_OrangeHRM_BaseSteps.SelectMainMenu [Line:51] - Main Menu Selected : - PIM
13:05:2025 22:15:31 -  INFO ePay_CRM.Reusable_Utils.CommonLogger.log [Line:23] - ePay_CRM.Test_ActionMethods.Method_PIM_AddEmployee.UploadProfilePic [Line:72] - Initiated the process of filling in details on Page 1.
13:05:2025 22:15:31 -  INFO ePay_CRM.Reusable_Utils.CommonLogger.log [Line:23] - ePay_CRM.WrapMethods.WrapperMethods.clickOnButtonAndVerify [Line:205] - On Click :Add Button is Clicked & Verified.
13:05:2025 22:15:32 -  INFO ePay_CRM.Reusable_Utils.CommonLogger.log [Line:23] - ePay_CRM.WrapMethods.WrapperMethods.clickOnButtonAndVerify [Line:205] - On Click :Upload Profile Image is Clicked & Verified.
13:05:2025 22:15:32 -  INFO ePay_CRM.Reusable_Utils.CommonLogger.log [Line:23] - ePay_CRM.Test_ActionMethods.Method_PIM_AddEmployee.UploadProfilePic [Line:82] - Upload File Selection Dialog Opened
13:05:2025 22:15:39 -  INFO ePay_CRM.Reusable_Utils.CommonLogger.log [Line:23] - ePay_CRM.WrapMethods.WrapperMethods.uploadFileUsingRobot [Line:260] - File Selection Completed
13:05:2025 22:15:42 -  INFO ePay_CRM.Reusable_Utils.CommonLogger.log [Line:23] - ePay_CRM.WrapMethods.WrapperMethods.VerifyElement_EnabledDisable [Line:269] - Uploaded Image Flag Status : true
13:05:2025 22:15:42 -  INFO ePay_CRM.Reusable_Utils.CommonLogger.log [Line:23] - ePay_CRM.Test_ActionMethods.Method_PIM_AddEmployee.UploadProfilePic [Line:109] - File Selection Completed
13:05:2025 22:15:45 -  INFO ePay_CRM.Reusable_Utils.CommonLogger.log [Line:23] - ePay_CRM.WrapMethods.WrapperMethods.enterAndVerify [Line:42] - Field: FirstName is entered & verified.
13:05:2025 22:15:45 -  INFO ePay_CRM.Reusable_Utils.CommonLogger.log [Line:23] - ePay_CRM.WrapMethods.WrapperMethods.enterAndVerify [Line:42] - Field: MiddleName is entered & verified.
13:05:2025 22:15:45 -  INFO ePay_CRM.Reusable_Utils.CommonLogger.log [Line:23] - ePay_CRM.WrapMethods.WrapperMethods.enterAndVerify [Line:42] - Field: LastName is entered & verified.
13:05:2025 22:15:46 -  INFO ePay_CRM.Reusable_Utils.CommonLogger.log [Line:23] - ePay_CRM.WrapMethods.WrapperMethods.enableToggleSwitchAndVerify [Line:119] - Field :LoginDetailsFlag is Selected & Verified.
13:05:2025 22:15:46 -  INFO ePay_CRM.Reusable_Utils.CommonLogger.log [Line:23] - ePay_CRM.WrapMethods.WrapperMethods.enterAndVerify [Line:42] - Field: Username is entered & verified.
13:05:2025 22:15:46 -  INFO ePay_CRM.Reusable_Utils.CommonLogger.log [Line:23] - ePay_CRM.WrapMethods.WrapperMethods.selectEnableDisabledFlagAndVerify [Line:160] - Value :Disabled is Selected & Verified.
13:05:2025 22:15:46 -  INFO ePay_CRM.Reusable_Utils.CommonLogger.log [Line:23] - ePay_CRM.WrapMethods.WrapperMethods.enterAndVerify [Line:42] - Field: Password is entered & verified.
13:05:2025 22:15:47 -  INFO ePay_CRM.Reusable_Utils.CommonLogger.log [Line:23] - ePay_CRM.WrapMethods.WrapperMethods.enterAndVerify [Line:42] - Field: ConfirmPassword is entered & verified.
13:05:2025 22:15:47 -  INFO ePay_CRM.Reusable_Utils.CommonLogger.log [Line:23] - ePay_CRM.Test_ActionMethods.Method_PIM_AddEmployee.AddEmployee [Line:138] - The process of adding employee details has been completed.
13:05:2025 22:15:47 -  INFO ePay_CRM.Reusable_Utils.CommonLogger.log [Line:23] - ePay_CRM.WrapMethods.WrapperMethods.clickOnButtonAndVerify [Line:205] - On Click :On Save is Clicked & Verified.
13:05:2025 22:15:50 -  INFO ePay_CRM.Reusable_Utils.CommonLogger.log [Line:23] - ePay_CRM.WrapMethods.WrapperMethods.getTextAndVerify [Line:189] - For Field :On Save Success Text Value :Success is Retrieved & Verified.
13:05:2025 22:15:51 -  INFO ePay_CRM.Reusable_Utils.CommonLogger.log [Line:23] - ePay_CRM.Test_ActionMethods.Method_PIM_AddEmployee.FieldError [Line:219] - Any Error Messages on Save/Update : 0
13:05:2025 22:15:51 -  INFO ePay_CRM.Reusable_Utils.CommonLogger.log [Line:23] - ePay_CRM.Test_ActionMethods.Method_PIM_AddEmployee.FieldError [Line:222] - Total Count : Error Messages: 0
13:05:2025 22:15:51 -  INFO ePay_CRM.Reusable_Utils.CommonLogger.log [Line:23] - ePay_CRM.WrapMethods.WrapperMethods.getAttributeValue [Line:227] - For Attribute :First Name / attribute Value :Karana is Retrieved & Verified.
13:05:2025 22:15:51 -  INFO ePay_CRM.Reusable_Utils.CommonLogger.log [Line:23] - ePay_CRM.WrapMethods.WrapperMethods.getAttributeValue [Line:227] - For Attribute :Last Name / attribute Value :Dhar is Retrieved & Verified.
13:05:2025 22:15:51 -  INFO ePay_CRM.Reusable_Utils.CommonLogger.log [Line:23] - ePay_CRM.WrapMethods.WrapperMethods.getAttributeValue [Line:227] - For Attribute :Username / attribute Value :kara112jj@gmail.com is Retrieved & Verified.
13:05:2025 22:15:51 -  INFO ePay_CRM.Reusable_Utils.CommonLogger.log [Line:23] - ePay_CRM.WrapMethods.WrapperMethods.getAttributeValue [Line:227] - For Attribute :Password / attribute Value :Sina@1234** is Retrieved & Verified.
13:05:2025 22:15:51 -  INFO ePay_CRM.Reusable_Utils.CommonLogger.log [Line:23] - ePay_CRM.WrapMethods.WrapperMethods.getAttributeValue [Line:227] - For Attribute :Confirm Password / attribute Value :Sina@1234** is Retrieved & Verified.
13:05:2025 22:15:51 -  INFO ePay_CRM.Reusable_Utils.CommonLogger.log [Line:23] - ePay_CRM.WrapMethods.WrapperMethods.getAttributeValue [Line:227] - For Attribute :FirstName / attribute Value :Karana is Retrieved & Verified.
13:05:2025 22:15:51 -  INFO ePay_CRM.Reusable_Utils.CommonLogger.log [Line:23] - ePay_CRM.WrapMethods.WrapperMethods.getAttributeValue [Line:227] - For Attribute :MiddleName / attribute Value :A is Retrieved & Verified.
13:05:2025 22:15:51 -  INFO ePay_CRM.Reusable_Utils.CommonLogger.log [Line:23] - ePay_CRM.WrapMethods.WrapperMethods.getAttributeValue [Line:227] - For Attribute :LastName / attribute Value :Dhar is Retrieved & Verified.
13:05:2025 22:15:51 -  INFO ePay_CRM.Reusable_Utils.CommonLogger.log [Line:23] - ePay_CRM.WrapMethods.WrapperMethods.enterAndVerify [Line:44] - Text box already contains a value: kara112jj@gmail.com
13:05:2025 22:15:52 -  INFO ePay_CRM.Reusable_Utils.CommonLogger.log [Line:23] - ePay_CRM.Reusable_Utils.CallListeners.onFinish [Line:136] - Report got flushed
