26:04:2025 21:52:50 -  INFO ePay_CRM.Reusable_Utils.CommonLogger.log [Line:23] - ePay_CRM.LandingPage.BasePageSetup.BrowserIntilization [Line:150] - Browser Initilzation Started : chrome
26:04:2025 21:52:56 -  INFO ePay_CRM.Reusable_Utils.CommonLogger.log [Line:23] - ePay_CRM.LandingPage.BasePageSetup.LoadConfigFile [Line:102] - Browser Launched :- chrome
26:04:2025 21:52:56 -  INFO ePay_CRM.Reusable_Utils.CommonLogger.log [Line:23] - ePay_CRM.Reusable_Utils.CallListeners.onTestStart [Line:70] - -------Execution Started for Record : ------1
26:04:2025 21:52:59 -  INFO ePay_CRM.Reusable_Utils.CommonLogger.log [Line:23] - ePay_CRM.LoginProcess.Method_LoginWithCredentials.EnterMakerUserName [Line:64] - Maker Username Entered
26:04:2025 21:52:59 -  INFO ePay_CRM.Reusable_Utils.CommonLogger.log [Line:23] - ePay_CRM.LoginProcess.Method_LoginWithCredentials.EnterMakerUserPassword [Line:82] - Maker Password Entered
26:04:2025 21:53:00 -  INFO ePay_CRM.Reusable_Utils.CommonLogger.log [Line:23] - ePay_CRM.LoginProcess.Method_LoginWithCredentials.clickOnLoginButton [Line:110] - Successfully Login with Entered Credentials
26:04:2025 21:53:03 -  INFO ePay_CRM.Reusable_Utils.CommonLogger.log [Line:23] - ePay_CRM.LandingPage.Method_CRMBaseSteps.SelectEnviornmentType [Line:48] - Enviornment Selected :-Amazon
26:04:2025 21:53:04 -  INFO ePay_CRM.Reusable_Utils.CommonLogger.log [Line:23] - ePay_CRM.LandingPage.Method_CRMBaseSteps.SelectMainMenu [Line:83] - Main Menu Selected :-Service Configuration
26:04:2025 21:53:11 -  INFO ePay_CRM.Reusable_Utils.CommonLogger.log [Line:23] - ePay_CRM.LandingPage.Method_CRMBaseSteps.SelectMainMenu [Line:99] - Child Menu Opened :-Sevice Provider Response Code Mapping
26:04:2025 21:53:31 -  INFO ePay_CRM.Reusable_Utils.CommonLogger.log [Line:23] - ePay_CRM.LandingPage.BasePageSetup.TearDown [Line:206] - Closing Browser: chrome
26:04:2025 21:53:32 -  INFO ePay_CRM.Reusable_Utils.CommonLogger.log [Line:23] - ePay_CRM.LandingPage.BasePageSetup.TearDown [Line:210] - -------Execution Completed---
26:04:2025 21:53:32 -  INFO ePay_CRM.Reusable_Utils.CommonLogger.log [Line:23] - ePay_CRM.LandingPage.BasePageSetup.BrowserIntilization [Line:150] - Browser Initilzation Started : chrome
26:04:2025 21:53:36 -  INFO ePay_CRM.Reusable_Utils.CommonLogger.log [Line:23] - ePay_CRM.LandingPage.BasePageSetup.LoadConfigFile [Line:102] - Browser Launched :- chrome
26:04:2025 21:53:36 -  INFO ePay_CRM.Reusable_Utils.CommonLogger.log [Line:23] - ePay_CRM.Reusable_Utils.CallListeners.onTestStart [Line:70] - -------Execution Started for Record : ------2
26:04:2025 21:53:39 -  INFO ePay_CRM.Reusable_Utils.CommonLogger.log [Line:23] - ePay_CRM.LoginProcess.Method_LoginWithCredentials.EnterMakerUserName [Line:64] - Maker Username Entered
26:04:2025 21:53:40 -  INFO ePay_CRM.Reusable_Utils.CommonLogger.log [Line:23] - ePay_CRM.LoginProcess.Method_LoginWithCredentials.EnterMakerUserPassword [Line:82] - Maker Password Entered
26:04:2025 21:53:40 -  INFO ePay_CRM.Reusable_Utils.CommonLogger.log [Line:23] - ePay_CRM.LoginProcess.Method_LoginWithCredentials.clickOnLoginButton [Line:110] - Successfully Login with Entered Credentials
26:04:2025 21:53:42 -  INFO ePay_CRM.Reusable_Utils.CommonLogger.log [Line:23] - ePay_CRM.LandingPage.Method_CRMBaseSteps.SelectEnviornmentType [Line:48] - Enviornment Selected :-Amazon
26:04:2025 21:53:43 -  INFO ePay_CRM.Reusable_Utils.CommonLogger.log [Line:23] - ePay_CRM.LandingPage.Method_CRMBaseSteps.SelectMainMenu [Line:116] - Menu/Sub-Menu Not availabele for Selection , Retry Attempt :1
26:04:2025 21:53:44 -  INFO ePay_CRM.Reusable_Utils.CommonLogger.log [Line:23] - ePay_CRM.LandingPage.Method_CRMBaseSteps.SelectMainMenu [Line:83] - Main Menu Selected :-Service Configuration
26:04:2025 21:53:51 -  INFO ePay_CRM.Reusable_Utils.CommonLogger.log [Line:23] - ePay_CRM.LandingPage.Method_CRMBaseSteps.SelectMainMenu [Line:99] - Child Menu Opened :-Sevice Provider Response Code Mapping
26:04:2025 21:54:12 -  INFO ePay_CRM.Reusable_Utils.CommonLogger.log [Line:23] - ePay_CRM.LoginProcess.Method_LoginWithCredentials.EnterCheckerUserName [Line:89] - Checker Username Entered
26:04:2025 21:54:13 -  INFO ePay_CRM.Reusable_Utils.CommonLogger.log [Line:23] - ePay_CRM.LoginProcess.Method_LoginWithCredentials.EnterCheckerUserPassword [Line:97] - Checker Password Entered
26:04:2025 21:54:14 -  INFO ePay_CRM.Reusable_Utils.CommonLogger.log [Line:23] - ePay_CRM.LoginProcess.Method_LoginWithCredentials.clickOnLoginButton [Line:110] - Successfully Login with Entered Credentials
26:04:2025 21:54:16 -  INFO ePay_CRM.Reusable_Utils.CommonLogger.log [Line:23] - ePay_CRM.LandingPage.Method_CRMBaseSteps.SelectEnviornmentType [Line:48] - Enviornment Selected :-Amazon
26:04:2025 21:54:17 -  INFO ePay_CRM.Reusable_Utils.CommonLogger.log [Line:23] - ePay_CRM.LandingPage.Method_CRMBaseSteps.SelectMainMenu [Line:116] - Menu/Sub-Menu Not availabele for Selection , Retry Attempt :2
26:04:2025 21:54:18 -  INFO ePay_CRM.Reusable_Utils.CommonLogger.log [Line:23] - ePay_CRM.LandingPage.Method_CRMBaseSteps.SelectMainMenu [Line:83] - Main Menu Selected :-Service Configuration
26:04:2025 21:54:26 -  INFO ePay_CRM.Reusable_Utils.CommonLogger.log [Line:23] - ePay_CRM.LandingPage.Method_CRMBaseSteps.SelectMainMenu [Line:99] - Child Menu Opened :-Sevice Provider Response Code Mapping
26:04:2025 21:54:36 -  INFO ePay_CRM.Reusable_Utils.CommonLogger.log [Line:23] - ePay_CRM.LandingPage.Method_CRMBaseSteps.SelectMainMenu [Line:83] - Main Menu Selected :-Service Configuration
26:04:2025 21:54:44 -  INFO ePay_CRM.Reusable_Utils.CommonLogger.log [Line:23] - ePay_CRM.LandingPage.Method_CRMBaseSteps.SelectMainMenu [Line:99] - Child Menu Opened :-Sevice Provider Response Code Mapping
26:04:2025 21:54:57 -  INFO ePay_CRM.Reusable_Utils.CommonLogger.log [Line:23] - ePay_CRM.LandingPage.BasePageSetup.TearDown [Line:206] - Closing Browser: chrome
26:04:2025 21:54:57 -  INFO ePay_CRM.Reusable_Utils.CommonLogger.log [Line:23] - ePay_CRM.LandingPage.BasePageSetup.TearDown [Line:210] - -------Execution Completed---
26:04:2025 21:54:57 -  INFO ePay_CRM.Reusable_Utils.CommonLogger.log [Line:23] - ePay_CRM.LandingPage.BasePageSetup.BrowserIntilization [Line:150] - Browser Initilzation Started : chrome
26:04:2025 21:55:01 -  INFO ePay_CRM.Reusable_Utils.CommonLogger.log [Line:23] - ePay_CRM.LandingPage.BasePageSetup.LoadConfigFile [Line:102] - Browser Launched :- chrome
26:04:2025 21:55:01 -  INFO ePay_CRM.Reusable_Utils.CommonLogger.log [Line:23] - ePay_CRM.Reusable_Utils.CallListeners.onTestStart [Line:70] - -------Execution Started for Record : ------3
26:04:2025 21:55:04 -  INFO ePay_CRM.Reusable_Utils.CommonLogger.log [Line:23] - ePay_CRM.LoginProcess.Method_LoginWithCredentials.EnterMakerUserName [Line:64] - Maker Username Entered
26:04:2025 21:55:04 -  INFO ePay_CRM.Reusable_Utils.CommonLogger.log [Line:23] - ePay_CRM.LoginProcess.Method_LoginWithCredentials.EnterMakerUserPassword [Line:82] - Maker Password Entered
26:04:2025 21:55:05 -  INFO ePay_CRM.Reusable_Utils.CommonLogger.log [Line:23] - ePay_CRM.LoginProcess.Method_LoginWithCredentials.clickOnLoginButton [Line:110] - Successfully Login with Entered Credentials
26:04:2025 21:55:08 -  INFO ePay_CRM.Reusable_Utils.CommonLogger.log [Line:23] - ePay_CRM.LandingPage.Method_CRMBaseSteps.SelectEnviornmentType [Line:48] - Enviornment Selected :-Amazon
26:04:2025 21:55:09 -  INFO ePay_CRM.Reusable_Utils.CommonLogger.log [Line:23] - ePay_CRM.LandingPage.Method_CRMBaseSteps.SelectMainMenu [Line:116] - Menu/Sub-Menu Not availabele for Selection , Retry Attempt :1
26:04:2025 21:55:09 -  INFO ePay_CRM.Reusable_Utils.CommonLogger.log [Line:23] - ePay_CRM.LandingPage.Method_CRMBaseSteps.SelectMainMenu [Line:83] - Main Menu Selected :-Service Configuration
26:04:2025 21:55:16 -  INFO ePay_CRM.Reusable_Utils.CommonLogger.log [Line:23] - ePay_CRM.LandingPage.Method_CRMBaseSteps.SelectMainMenu [Line:99] - Child Menu Opened :-Sevice Provider Response Code Mapping
26:04:2025 21:55:34 -  INFO ePay_CRM.Reusable_Utils.CommonLogger.log [Line:23] - ePay_CRM.LandingPage.BasePageSetup.TearDown [Line:206] - Closing Browser: chrome
26:04:2025 21:55:35 -  INFO ePay_CRM.Reusable_Utils.CommonLogger.log [Line:23] - ePay_CRM.LandingPage.BasePageSetup.TearDown [Line:210] - -------Execution Completed---
26:04:2025 21:55:35 -  INFO ePay_CRM.Reusable_Utils.CommonLogger.log [Line:23] - ePay_CRM.LandingPage.BasePageSetup.BrowserIntilization [Line:150] - Browser Initilzation Started : chrome
26:04:2025 21:55:38 -  INFO ePay_CRM.Reusable_Utils.CommonLogger.log [Line:23] - ePay_CRM.LandingPage.BasePageSetup.LoadConfigFile [Line:102] - Browser Launched :- chrome
26:04:2025 21:55:39 -  INFO ePay_CRM.Reusable_Utils.CommonLogger.log [Line:23] - ePay_CRM.Reusable_Utils.CallListeners.onTestStart [Line:70] - -------Execution Started for Record : ------4
26:04:2025 21:55:42 -  INFO ePay_CRM.Reusable_Utils.CommonLogger.log [Line:23] - ePay_CRM.LoginProcess.Method_LoginWithCredentials.EnterMakerUserName [Line:64] - Maker Username Entered
26:04:2025 21:55:42 -  INFO ePay_CRM.Reusable_Utils.CommonLogger.log [Line:23] - ePay_CRM.LoginProcess.Method_LoginWithCredentials.EnterMakerUserPassword [Line:82] - Maker Password Entered
26:04:2025 21:55:43 -  INFO ePay_CRM.Reusable_Utils.CommonLogger.log [Line:23] - ePay_CRM.LoginProcess.Method_LoginWithCredentials.clickOnLoginButton [Line:110] - Successfully Login with Entered Credentials
26:04:2025 21:55:45 -  INFO ePay_CRM.Reusable_Utils.CommonLogger.log [Line:23] - ePay_CRM.LandingPage.Method_CRMBaseSteps.SelectEnviornmentType [Line:48] - Enviornment Selected :-Amazon
26:04:2025 21:55:46 -  INFO ePay_CRM.Reusable_Utils.CommonLogger.log [Line:23] - ePay_CRM.LandingPage.Method_CRMBaseSteps.SelectMainMenu [Line:116] - Menu/Sub-Menu Not availabele for Selection , Retry Attempt :1
26:04:2025 21:55:47 -  INFO ePay_CRM.Reusable_Utils.CommonLogger.log [Line:23] - ePay_CRM.LandingPage.Method_CRMBaseSteps.SelectMainMenu [Line:83] - Main Menu Selected :-Service Configuration
26:04:2025 21:55:53 -  INFO ePay_CRM.Reusable_Utils.CommonLogger.log [Line:23] - ePay_CRM.LandingPage.Method_CRMBaseSteps.SelectMainMenu [Line:99] - Child Menu Opened :-Sevice Provider Response Code Mapping
26:04:2025 21:56:05 -  INFO ePay_CRM.Reusable_Utils.CommonLogger.log [Line:23] - ePay_CRM.LandingPage.BasePageSetup.TearDown [Line:206] - Closing Browser: chrome
26:04:2025 21:56:05 -  INFO ePay_CRM.Reusable_Utils.CommonLogger.log [Line:23] - ePay_CRM.LandingPage.BasePageSetup.TearDown [Line:210] - -------Execution Completed---
26:04:2025 21:56:05 -  INFO ePay_CRM.Reusable_Utils.CommonLogger.log [Line:23] - ePay_CRM.LandingPage.BasePageSetup.BrowserIntilization [Line:150] - Browser Initilzation Started : chrome
26:04:2025 21:56:08 -  INFO ePay_CRM.Reusable_Utils.CommonLogger.log [Line:23] - ePay_CRM.LandingPage.BasePageSetup.LoadConfigFile [Line:102] - Browser Launched :- chrome
26:04:2025 21:56:08 -  INFO ePay_CRM.Reusable_Utils.CommonLogger.log [Line:23] - ePay_CRM.Reusable_Utils.CallListeners.onTestStart [Line:70] - -------Execution Started for Record : ------5
26:04:2025 21:56:11 -  INFO ePay_CRM.Reusable_Utils.CommonLogger.log [Line:23] - ePay_CRM.LoginProcess.Method_LoginWithCredentials.EnterMakerUserName [Line:64] - Maker Username Entered
26:04:2025 21:56:11 -  INFO ePay_CRM.Reusable_Utils.CommonLogger.log [Line:23] - ePay_CRM.LoginProcess.Method_LoginWithCredentials.EnterMakerUserPassword [Line:82] - Maker Password Entered
26:04:2025 21:56:12 -  INFO ePay_CRM.Reusable_Utils.CommonLogger.log [Line:23] - ePay_CRM.LoginProcess.Method_LoginWithCredentials.clickOnLoginButton [Line:110] - Successfully Login with Entered Credentials
26:04:2025 21:56:14 -  INFO ePay_CRM.Reusable_Utils.CommonLogger.log [Line:23] - ePay_CRM.LandingPage.Method_CRMBaseSteps.SelectEnviornmentType [Line:48] - Enviornment Selected :-Amazon
26:04:2025 21:56:15 -  INFO ePay_CRM.Reusable_Utils.CommonLogger.log [Line:23] - ePay_CRM.LandingPage.Method_CRMBaseSteps.SelectMainMenu [Line:116] - Menu/Sub-Menu Not availabele for Selection , Retry Attempt :1
26:04:2025 21:56:15 -  INFO ePay_CRM.Reusable_Utils.CommonLogger.log [Line:23] - ePay_CRM.LandingPage.Method_CRMBaseSteps.SelectMainMenu [Line:83] - Main Menu Selected :-Service Configuration
26:04:2025 21:56:18 -  INFO ePay_CRM.Reusable_Utils.CommonLogger.log [Line:23] - ePay_CRM.LandingPage.Method_CRMBaseSteps.SelectMainMenu [Line:99] - Child Menu Opened :-Sevice Provider Response Code Mapping
26:04:2025 21:56:40 -  INFO ePay_CRM.Reusable_Utils.CommonLogger.log [Line:23] - ePay_CRM.LandingPage.BasePageSetup.TearDown [Line:206] - Closing Browser: chrome
26:04:2025 21:56:41 -  INFO ePay_CRM.Reusable_Utils.CommonLogger.log [Line:23] - ePay_CRM.LandingPage.BasePageSetup.TearDown [Line:210] - -------Execution Completed---
26:04:2025 21:56:42 -  INFO ePay_CRM.Reusable_Utils.CommonLogger.log [Line:23] - ePay_CRM.Reusable_Utils.CallListeners.onFinish [Line:136] - Report got flushed
