24:05:2025 16:56:04 -  INFO ePay_CRM.Reusable_Utils.CommonLogger.log [Line:23] - ePay_CRM.LandingPage.BasePageSetup.BrowserIntilization [Line:151] - Browser Initilzation Started : chrome
24:05:2025 16:56:10 -  INFO ePay_CRM.Reusable_Utils.CommonLogger.log [Line:23] - ePay_CRM.LandingPage.BasePageSetup.LoadConfigFile [Line:102] - Browser Launched :- chrome
24:05:2025 16:56:11 -  INFO ePay_CRM.Reusable_Utils.CommonLogger.log [Line:23] - ePay_CRM.Reusable_Utils.CallListeners.onTestStart [Line:70] - -------Execution Started for Record : ------1
24:05:2025 16:56:17 -  INFO ePay_CRM.Reusable_Utils.CommonLogger.log [Line:23] - ePay_CRM.LandingPage.BasePageSetup.getUrl [Line:190] - https://testautomationpractice.blogspot.com/
24:05:2025 16:56:17 -  INFO ePay_CRM.Reusable_Utils.CommonLogger.log [Line:23] - ePay_CRM.Test_ActionMethods.Method_BlogSpot.switchTabCaptureScreenShot [Line:379] - Initiated the process of navigating tabs with expected tab names list.
24:05:2025 16:56:19 -  INFO ePay_CRM.Reusable_Utils.CommonLogger.log [Line:23] - ePay_CRM.WrapMethods.WrapperMethods.clickOnButtonAndVerify [Line:300] - RunTime Exception Occurred: [[ChromeDriver: chrome on windows (5a6177ea4fb0583a586ce368bbf96ee2)] -> xpath: //div[@id='crosscol']/div/div/ul/li/a[text()='Home']] - org.openqa.selenium.ElementClickInterceptedException: element click intercepted: Element <a href="http://testautomationpractice.blogspot.com/">...</a> is not clickable at point (108, 309). Other element would receive the click: <div class="cap-top">...</div>
  (Session info: chrome=136.0.7103.114)
Build info: version: '4.20.0', revision: '866c76ca80'
System info: os.name: 'Windows 10', os.arch: 'amd64', os.version: '10.0', java.version: '16.0.1'
Driver info: org.openqa.selenium.chrome.ChromeDriver
Command: [5a6177ea4fb0583a586ce368bbf96ee2, clickElement {id=f.D0FD37D53AA0095F0982A5F07518DA79.d.009E27C05E3BA89CB0797B23D8E00AF9.e.72}]
Capabilities {acceptInsecureCerts: false, browserName: chrome, browserVersion: 136.0.7103.114, chrome: {chromedriverVersion: 136.0.7103.113 (76fa3c17824..., userDataDir: C:\Users\sonya\AppData\Loca...}, fedcm:accounts: true, goog:chromeOptions: {debuggerAddress: localhost:65515}, networkConnectionEnabled: false, pageLoadStrategy: normal, platformName: windows, proxy: Proxy(), se:cdp: ws://localhost:65515/devtoo..., se:cdpVersion: 136.0.7103.114, setWindowRect: true, strictFileInteractability: false, timeouts: {implicit: 0, pageLoad: 300000, script: 30000}, unhandledPromptBehavior: dismiss and notify, webauthn:extension:credBlob: true, webauthn:extension:largeBlob: true, webauthn:extension:minPinLength: true, webauthn:extension:prf: true, webauthn:virtualAuthenticators: true}
Element: [[ChromeDriver: chrome on windows (5a6177ea4fb0583a586ce368bbf96ee2)] -> xpath: //div[@id='crosscol']/div/div/ul/li/a[text()='Home']]
Session ID: 5a6177ea4fb0583a586ce368bbf96ee2
24:05:2025 16:56:20 -  INFO ePay_CRM.Reusable_Utils.CommonLogger.log [Line:23] - ePay_CRM.Test_ActionMethods.Method_BlogSpot.switchTabCaptureScreenShot [Line:411] - On tab: Home | Current URL: https://testautomationpractice.blogspot.com/
24:05:2025 16:56:22 -  INFO ePay_CRM.Reusable_Utils.CommonLogger.log [Line:23] - ePay_CRM.WrapMethods.WrapperMethods.clickOnButtonAndVerify [Line:300] - RunTime Exception Occurred: [[ChromeDriver: chrome on windows (5a6177ea4fb0583a586ce368bbf96ee2)] -> xpath: //div[@id='crosscol']/div/div/ul/li/a[text()='Udemy Courses']] - org.openqa.selenium.ElementClickInterceptedException: element click intercepted: Element <a href="https://www.pavanonlinetrainings.com/p/udemy-courses.html">...</a> is not clickable at point (153, 360). Other element would receive the click: <div class="cap-top">...</div>
  (Session info: chrome=136.0.7103.114)
Build info: version: '4.20.0', revision: '866c76ca80'
System info: os.name: 'Windows 10', os.arch: 'amd64', os.version: '10.0', java.version: '16.0.1'
Driver info: org.openqa.selenium.chrome.ChromeDriver
Command: [5a6177ea4fb0583a586ce368bbf96ee2, clickElement {id=f.D0FD37D53AA0095F0982A5F07518DA79.d.009E27C05E3BA89CB0797B23D8E00AF9.e.73}]
Capabilities {acceptInsecureCerts: false, browserName: chrome, browserVersion: 136.0.7103.114, chrome: {chromedriverVersion: 136.0.7103.113 (76fa3c17824..., userDataDir: C:\Users\sonya\AppData\Loca...}, fedcm:accounts: true, goog:chromeOptions: {debuggerAddress: localhost:65515}, networkConnectionEnabled: false, pageLoadStrategy: normal, platformName: windows, proxy: Proxy(), se:cdp: ws://localhost:65515/devtoo..., se:cdpVersion: 136.0.7103.114, setWindowRect: true, strictFileInteractability: false, timeouts: {implicit: 0, pageLoad: 300000, script: 30000}, unhandledPromptBehavior: dismiss and notify, webauthn:extension:credBlob: true, webauthn:extension:largeBlob: true, webauthn:extension:minPinLength: true, webauthn:extension:prf: true, webauthn:virtualAuthenticators: true}
Element: [[ChromeDriver: chrome on windows (5a6177ea4fb0583a586ce368bbf96ee2)] -> xpath: //div[@id='crosscol']/div/div/ul/li/a[text()='Udemy Courses']]
Session ID: 5a6177ea4fb0583a586ce368bbf96ee2
24:05:2025 16:56:31 -  INFO ePay_CRM.Reusable_Utils.CommonLogger.log [Line:23] - ePay_CRM.LandingPage.BasePageSetup.TearDown [Line:174] - Closing Browser: chrome
24:05:2025 16:56:32 -  INFO ePay_CRM.Reusable_Utils.CommonLogger.log [Line:23] - ePay_CRM.LandingPage.BasePageSetup.TearDown [Line:178] - -------Execution Completed---
24:05:2025 16:56:33 -  INFO ePay_CRM.Reusable_Utils.CommonLogger.log [Line:23] - ePay_CRM.Reusable_Utils.CallListeners.onFinish [Line:136] - Report got flushed
