02:06:2025 13:59:58 -  INFO ePay_CRM.Reusable_Utils.CommonLogger.log [Line:23] - ePay_CRM.LandingPage.BasePageSetup.BrowserIntilization [Line:141] - Browser Initilzation Started : chrome
02:06:2025 14:00:01 -  INFO ePay_CRM.Reusable_Utils.CommonLogger.log [Line:23] - ePay_CRM.LandingPage.BasePageSetup.LoadConfigFile [Line:100] - Browser Launched :- chrome
02:06:2025 14:00:07 -  INFO ePay_CRM.Reusable_Utils.CommonLogger.log [Line:23] - ePay_CRM.LandingPage.BasePageSetup.getUrl [Line:192] - https://testautomationpractice.blogspot.com/
02:06:2025 14:00:07 -  INFO ePay_CRM.Reusable_Utils.CommonLogger.log [Line:23] - ePay_CRM.Reusable_Utils.CallListeners.onTestStart [Line:70] - -------Execution Started for Record : ------1
02:06:2025 14:00:07 -  INFO ePay_CRM.Reusable_Utils.CommonLogger.log [Line:23] - ePay_CRM.Test_ActionMethods.Method_BlogSpot.addPersonalDetails [Line:46] - Initiated the process of filling in details on Section-PersonalDetails-GUI Elements
02:06:2025 14:00:07 -  INFO ePay_CRM.Reusable_Utils.CommonLogger.log [Line:23] - ePay_CRM.WrapMethods.WrapperMethods.enterAndVerify [Line:54] - Field: Name is entered & verified.
02:06:2025 14:00:08 -  INFO ePay_CRM.Reusable_Utils.CommonLogger.log [Line:23] - ePay_CRM.WrapMethods.WrapperMethods.enterAndVerify [Line:54] - Field: Email is entered & verified.
02:06:2025 14:00:08 -  INFO ePay_CRM.Reusable_Utils.CommonLogger.log [Line:23] - ePay_CRM.WrapMethods.WrapperMethods.enterAndVerify [Line:54] - Field: Phone is entered & verified.
02:06:2025 14:00:09 -  INFO ePay_CRM.Reusable_Utils.CommonLogger.log [Line:23] - ePay_CRM.WrapMethods.WrapperMethods.enterAndVerify [Line:54] - Field: Address is entered & verified.
02:06:2025 14:00:10 -  INFO ePay_CRM.Reusable_Utils.CommonLogger.log [Line:23] - ePay_CRM.WrapMethods.WrapperMethods.selectRadioButton [Line:206] - For Radio: Gender : Values: male is selected & Verified.
02:06:2025 14:00:10 -  INFO ePay_CRM.Reusable_Utils.CommonLogger.log [Line:23] - ePay_CRM.WrapMethods.WrapperMethods.selectCheckBoxes [Line:233] - Checkbox selected: Sunday
02:06:2025 14:00:11 -  INFO ePay_CRM.Reusable_Utils.CommonLogger.log [Line:23] - ePay_CRM.WrapMethods.WrapperMethods.selectCheckBoxes [Line:233] - Checkbox selected: Monday
02:06:2025 14:00:12 -  INFO ePay_CRM.Reusable_Utils.CommonLogger.log [Line:23] - ePay_CRM.WrapMethods.WrapperMethods.selectCheckBoxes [Line:233] - Checkbox selected: Tuesday
02:06:2025 14:00:13 -  INFO ePay_CRM.Reusable_Utils.CommonLogger.log [Line:23] - ePay_CRM.WrapMethods.WrapperMethods.selectCheckBoxes [Line:233] - Checkbox selected: Wednesday
02:06:2025 14:00:14 -  INFO ePay_CRM.Reusable_Utils.CommonLogger.log [Line:23] - ePay_CRM.WrapMethods.WrapperMethods.selectCheckBoxes [Line:233] - Checkbox selected: Thursday
02:06:2025 14:00:15 -  INFO ePay_CRM.Reusable_Utils.CommonLogger.log [Line:23] - ePay_CRM.WrapMethods.WrapperMethods.selectCheckBoxes [Line:233] - Checkbox selected: Friday
02:06:2025 14:00:16 -  INFO ePay_CRM.Reusable_Utils.CommonLogger.log [Line:23] - ePay_CRM.WrapMethods.WrapperMethods.selectCheckBoxes [Line:233] - Checkbox selected: Saturday
02:06:2025 14:00:16 -  INFO ePay_CRM.Reusable_Utils.CommonLogger.log [Line:23] - ePay_CRM.WrapMethods.WrapperMethods.selectValueAndVerify [Line:186] - Field :Country Selection is Selected & Verified.
02:06:2025 14:00:16 -  INFO ePay_CRM.Reusable_Utils.CommonLogger.log [Line:23] - ePay_CRM.Test_ActionMethods.Method_BlogSpot.selectColors [Line:801] - Initiated the process of Selecting Color Values
02:06:2025 14:00:20 -  INFO ePay_CRM.Reusable_Utils.CommonLogger.log [Line:23] - ePay_CRM.Test_ActionMethods.Method_BlogSpot.selectColors [Line:817] - Completed the process of Color Selection
02:06:2025 14:00:20 -  INFO ePay_CRM.Reusable_Utils.CommonLogger.log [Line:23] - ePay_CRM.WrapMethods.WrapperMethods.selectValueAndVerify [Line:186] - Field :Select Sorted List Animals is Selected & Verified.
02:06:2025 14:00:21 -  INFO ePay_CRM.Reusable_Utils.CommonLogger.log [Line:23] - ePay_CRM.WrapMethods.WrapperMethods.enterAndVerify [Line:54] - Field: Date 1 is entered & verified.
02:06:2025 14:00:23 -  INFO ePay_CRM.Reusable_Utils.CommonLogger.log [Line:23] - ePay_CRM.Test_ActionMethods.Method_BlogSpot.selectDate [Line:150] - Date selected successfully: 22/06/2023
02:06:2025 14:00:23 -  INFO ePay_CRM.Reusable_Utils.CommonLogger.log [Line:23] - ePay_CRM.WrapMethods.WrapperMethods.enterAndVerify [Line:54] - Field: StartDate is entered & verified.
02:06:2025 14:00:23 -  INFO ePay_CRM.Reusable_Utils.CommonLogger.log [Line:23] - ePay_CRM.WrapMethods.WrapperMethods.enterAndVerify [Line:54] - Field: EndDate is entered & verified.
02:06:2025 14:00:24 -  INFO ePay_CRM.Reusable_Utils.CommonLogger.log [Line:23] - ePay_CRM.Test_ActionMethods.Method_BlogSpot.addPersonalDetails [Line:83] - The process of adding Personal details has been completed.
02:06:2025 14:00:24 -  INFO ePay_CRM.Reusable_Utils.CommonLogger.log [Line:23] - ePay_CRM.LandingPage.BasePageSetup.TearDown [Line:173] - Closing Browser: chrome
02:06:2025 14:00:24 -  INFO ePay_CRM.Reusable_Utils.CommonLogger.log [Line:23] - ePay_CRM.LandingPage.BasePageSetup.TearDown [Line:177] - -------Execution Completed---
02:06:2025 14:00:25 -  INFO ePay_CRM.Reusable_Utils.CommonLogger.log [Line:23] - ePay_CRM.Reusable_Utils.CallListeners.onFinish [Line:136] - Report got flushed
