13:05:2025 22:16:37 -  INFO ePay_CRM.Reusable_Utils.CommonLogger.log [Line:23] - ePay_CRM.LandingPage.BasePageSetup.BrowserIntilization [Line:153] - Browser Initilzation Started : edge
13:05:2025 22:16:42 -  INFO ePay_CRM.Reusable_Utils.CommonLogger.log [Line:23] - ePay_CRM.LandingPage.BasePageSetup.LoadConfigFile [Line:105] - Browser Launched :- edge
13:05:2025 22:16:42 -  INFO ePay_CRM.Reusable_Utils.CommonLogger.log [Line:23] - ePay_CRM.Reusable_Utils.CallListeners.onTestStart [Line:70] - -------Execution Started for Record : ------1
13:05:2025 22:16:58 -  INFO ePay_CRM.Reusable_Utils.CommonLogger.log [Line:23] - ePay_CRM.LoginProcess.Method_LoginWithCredentials.EnterMakerUserName [Line:65] - Maker Username Entered
13:05:2025 22:16:58 -  INFO ePay_CRM.Reusable_Utils.CommonLogger.log [Line:23] - ePay_CRM.LoginProcess.Method_LoginWithCredentials.EnterMakerUserPassword [Line:83] - Maker Password Entered
13:05:2025 22:16:58 -  INFO ePay_CRM.Reusable_Utils.CommonLogger.log [Line:23] - ePay_CRM.LoginProcess.Method_LoginWithCredentials.clickOnLoginButton [Line:111] - Successfully Login with Entered Credentials
13:05:2025 22:17:01 -  INFO ePay_CRM.Reusable_Utils.CommonLogger.log [Line:23] - ePay_CRM.LandingPage.Method_CRMBaseSteps.SelectEnviornmentType [Line:48] - Enviornment Selected :-Amazon
13:05:2025 22:17:02 -  INFO ePay_CRM.Reusable_Utils.CommonLogger.log [Line:23] - ePay_CRM.LandingPage.Method_CRMBaseSteps.SelectMainMenu [Line:116] - Menu/Sub-Menu Not availabele for Selection , Retry Attempt :1
13:05:2025 22:17:02 -  INFO ePay_CRM.Reusable_Utils.CommonLogger.log [Line:23] - ePay_CRM.LandingPage.Method_CRMBaseSteps.SelectMainMenu [Line:83] - Main Menu Selected :-Service Configuration
13:05:2025 22:17:04 -  INFO ePay_CRM.Reusable_Utils.CommonLogger.log [Line:23] - ePay_CRM.LandingPage.Method_CRMBaseSteps.SelectMainMenu [Line:99] - Child Menu Opened :-Biller Configuration ONUS
13:05:2025 22:17:04 -  INFO ePay_CRM.Reusable_Utils.CommonLogger.log [Line:23] - ePay_CRM.Test_ActionMethods.Method_BillerConfigOnus.FillInAddDetails [Line:57] - Initiated the process of filling in details on Page 1.
13:05:2025 22:17:04 -  INFO ePay_CRM.Reusable_Utils.CommonLogger.log [Line:23] - ePay_CRM.WrapMethods.WrapperMethods.enterAndVerify [Line:42] - Field: Biller-ID is entered & verified.
13:05:2025 22:17:05 -  INFO ePay_CRM.Reusable_Utils.CommonLogger.log [Line:23] - ePay_CRM.WrapMethods.WrapperMethods.enterAndSelectServiceCode [Line:74] - Field :Service Code is Selected & Verified.
13:05:2025 22:17:05 -  INFO ePay_CRM.Reusable_Utils.CommonLogger.log [Line:23] - ePay_CRM.WrapMethods.WrapperMethods.enterAndVerify [Line:42] - Field: Service Provider Name is entered & verified.
13:05:2025 22:17:06 -  INFO ePay_CRM.Reusable_Utils.CommonLogger.log [Line:23] - ePay_CRM.WrapMethods.WrapperMethods.enterAndVerify [Line:42] - Field: Service Provider Code is entered & verified.
13:05:2025 22:17:06 -  INFO ePay_CRM.Reusable_Utils.CommonLogger.log [Line:23] - ePay_CRM.WrapMethods.WrapperMethods.selectValueAndVerify [Line:175] - Field :Validation Amount Flag is Selected & Verified.
13:05:2025 22:17:06 -  INFO ePay_CRM.Reusable_Utils.CommonLogger.log [Line:23] - ePay_CRM.WrapMethods.WrapperMethods.selectValueAndVerify [Line:175] - Field :Fetch Requirement Flag is Selected & Verified.
13:05:2025 22:17:06 -  INFO ePay_CRM.Reusable_Utils.CommonLogger.log [Line:23] - ePay_CRM.WrapMethods.WrapperMethods.enterAndVerify [Line:42] - Field: Sub Service Provider Name is entered & verified.
13:05:2025 22:17:07 -  INFO ePay_CRM.Reusable_Utils.CommonLogger.log [Line:23] - ePay_CRM.WrapMethods.WrapperMethods.enterAndVerify [Line:42] - Field: Sub Service Provider Code is entered & verified.
13:05:2025 22:17:07 -  INFO ePay_CRM.Reusable_Utils.CommonLogger.log [Line:23] - ePay_CRM.Test_ActionMethods.Method_BillerConfigOnus.FillInAddDetails [Line:67] - Completed the process of filling in details on Page 1.
13:05:2025 22:17:07 -  INFO ePay_CRM.Reusable_Utils.CommonLogger.log [Line:23] - ePay_CRM.WrapMethods.WrapperMethods.clickOnButtonAndVerify [Line:205] - On Click :ClickOnSave1 is Clicked & Verified.
13:05:2025 22:17:13 -  INFO ePay_CRM.Reusable_Utils.CommonLogger.log [Line:23] - ePay_CRM.Test_ActionMethods.Method_BillerConfigOnus.clickOnSaveButton [Line:128] - Runtime exception occurred while locating Step 1 - Success Message.
13:05:2025 22:17:18 -  INFO ePay_CRM.Reusable_Utils.CommonLogger.log [Line:23] - ePay_CRM.Test_ActionMethods.Method_BillerConfigOnus.FieldError [Line:223] - Runtime Exception occurred while retrieving StepPage1 success message: Error retrieving text for field: StepPage1
